2022-05-17 07:59:48 [INFO] - 此时价格为:31190.0,开仓数量为1.2,仓位为412.0，强平价为31533.333333333332
2022-05-17 07:59:48 [INFO] - 此时价格为:31180.0,开仓数量为1.2,仓位为424.0，强平价为31533.333333333332
2022-05-17 07:59:48 [INFO] - 此时价格为:31170.0,开仓数量为1.2011549566891242,仓位为436.0，强平价为31533.333333333332
2022-05-17 07:59:48 [INFO] - 此时价格为:31160.0,开仓数量为1.2011549566891242,仓位为448.01154956689123，强平价为31532.983974358973
2022-05-17 07:59:48 [INFO] - 此时价格为:31150.0,开仓数量为1.2011549566891242,仓位为460.02309913378247，强平价为31532.983974358973
2022-05-17 07:59:48 [INFO] - 此时价格为:31140.0,开仓数量为1.2011549566891242,仓位为472.0346487006737，强平价为31532.983974358973
2022-05-17 07:59:48 [INFO] - 此时价格为:31130.0,开仓数量为1.2011549566891242,仓位为484.04619826756493，强平价为31532.983974358973
2022-05-17 07:59:48 [INFO] - 此时价格为:31120.0,开仓数量为1.2011549566891242,仓位为496.05774783445617，强平价为31532.983974358973
2022-05-17 07:59:48 [INFO] - 此时价格为:31110.0,开仓数量为1.2011549566891242,仓位为508.0692974013474，强平价为31532.983974358973
2022-05-17 07:59:48 [INFO] - 此时价格为:31100.0,开仓数量为1.2011549566891242,仓位为520.0808469682387，强平价为31532.983974358973
2022-05-17 07:59:48 [INFO] - 此时价格为:31090.0,开仓数量为1.2011549566891242,仓位为532.09239653513，强平价为31532.983974358973
2022-05-17 07:59:48 [INFO] - 此时价格为:31080.0,开仓数量为1.2011549566891242,仓位为544.1039461020213，强平价为31532.983974358973
2022-05-17 07:59:48 [INFO] - 此时价格为:31070.0,开仓数量为1.2011549566891242,仓位为556.1154956689126，强平价为31532.983974358973
2022-05-17 07:59:48 [INFO] - 此时价格为:31060.0,开仓数量为1.2011549566891242,仓位为568.1270452358038，强平价为31532.983974358973
2022-05-17 07:59:48 [INFO] - 此时价格为:31050.0,开仓数量为1.2011549566891242,仓位为580.1385948026951，强平价为31532.983974358973
2022-05-17 07:59:48 [INFO] - 此时价格为:31040.0,开仓数量为1.2011549566891242,仓位为592.1501443695864，强平价为31532.983974358976
2022-05-17 07:59:48 [INFO] - 此时价格为:31030.0,开仓数量为1.2011549566891242,仓位为604.1616939364777，强平价为31532.983974358976
2022-05-17 07:59:48 [INFO] - 此时价格为:31020.0,开仓数量为1.2011549566891242,仓位为616.173243503369，强平价为31532.983974358976
2022-05-17 07:59:48 [INFO] - 此时价格为:31010.0,开仓数量为1.2011549566891242,仓位为628.1847930702603，强平价为31532.983974358976
2022-05-17 07:59:48 [INFO] - 此时价格为:31000.0,开仓数量为1.2011549566891242,仓位为640.1963426371516，强平价为31532.983974358976
2022-05-17 07:59:48 [INFO] - 此时价格为:30990.0,开仓数量为1.2011549566891242,仓位为652.2078922040429，强平价为31532.983974358976
2022-05-17 07:59:48 [INFO] - 此时价格为:30980.0,开仓数量为1.2011549566891242,仓位为664.2194417709342，强平价为31532.983974358976
2022-05-17 07:59:48 [INFO] - 此时价格为:30970.0,开仓数量为1.2011549566891242,仓位为676.2309913378255，强平价为31532.983974358976
2022-05-17 07:59:48 [INFO] - 此时价格为:30960.0,开仓数量为1.2011549566891242,仓位为688.2425409047167，强平价为31532.983974358976
2022-05-17 07:59:48 [INFO] - 此时价格为:30950.0,开仓数量为1.2011549566891242,仓位为700.254090471608，强平价为31532.983974358976
2022-05-17 07:59:48 [INFO] - 此时价格为:30940.0,开仓数量为1.2011549566891242,仓位为712.2656400384993，强平价为31532.983974358976
2022-05-17 07:59:48 [INFO] - 此时价格为:30930.0,开仓数量为1.2011549566891242,仓位为724.2771896053906，强平价为31532.983974358976
2022-05-17 07:59:48 [INFO] - 此时价格为:30920.0,开仓数量为1.2011549566891242,仓位为736.2887391722819，强平价为31532.983974358976
2022-05-17 07:59:48 [INFO] - 此时价格为:30910.0,开仓数量为1.2011549566891242,仓位为748.3002887391732，强平价为31532.983974358976
2022-05-17 07:59:48 [INFO] - 此时价格为:30900.0,开仓数量为1.2011549566891242,仓位为760.3118383060645，强平价为31532.983974358976
2022-05-17 07:59:48 [INFO] - 此时价格为:30890.0,开仓数量为1.2011549566891242,仓位为772.3233878729558，强平价为31532.983974358976
2022-05-17 07:59:48 [INFO] - 此时价格为:30880.0,开仓数量为1.2011549566891242,仓位为784.3349374398471，强平价为31532.983974358976
2022-05-17 07:59:48 [INFO] - 此时价格为:30870.0,开仓数量为1.2011549566891242,仓位为796.3464870067384，强平价为31532.983974358976
2022-05-17 07:59:48 [INFO] - 此时价格为:30860.0,开仓数量为1.2011549566891242,仓位为808.3580365736296，强平价为31532.983974358976
2022-05-17 07:59:48 [INFO] - 此时价格为:30850.0,开仓数量为1.2011549566891242,仓位为820.3695861405209，强平价为31532.983974358976
2022-05-17 07:59:48 [INFO] - 此时价格为:30840.0,开仓数量为1.2011549566891242,仓位为832.3811357074122，强平价为31532.983974358976
2022-05-17 07:59:48 [INFO] - 此时价格为:30830.0,开仓数量为1.2011549566891242,仓位为844.3926852743035，强平价为31532.983974358976
2022-05-17 07:59:48 [INFO] - 此时价格为:30820.0,开仓数量为1.2011549566891242,仓位为856.4042348411948，强平价为31532.983974358976
2022-05-17 07:59:48 [INFO] - 此时价格为:30810.0,开仓数量为1.2011549566891242,仓位为868.4157844080861，强平价为31532.983974358976
2022-05-17 07:59:48 [INFO] - 此时价格为:30800.0,开仓数量为1.2011549566891242,仓位为880.4273339749774，强平价为31532.983974358976
2022-05-17 07:59:48 [INFO] - 此时价格为:30790.0,开仓数量为1.2011549566891242,仓位为892.4388835418687，强平价为31532.983974358976
2022-05-17 07:59:48 [INFO] - 此时价格为:30780.0,开仓数量为1.2011549566891242,仓位为904.45043310876，强平价为31532.983974358976
2022-05-17 07:59:48 [INFO] - 此时价格为:30770.0,开仓数量为1.2011549566891242,仓位为916.4619826756513，强平价为31532.983974358976
2022-05-17 07:59:48 [INFO] - 此时价格为:30760.0,开仓数量为1.2011549566891242,仓位为928.4735322425425，强平价为31532.983974358976
2022-05-17 07:59:48 [INFO] - 此时价格为:30750.0,开仓数量为1.2011549566891242,仓位为940.4850818094338，强平价为31532.983974358976
2022-05-17 07:59:48 [INFO] - 此时价格为:30740.0,开仓数量为1.2011549566891242,仓位为952.4966313763251，强平价为31532.983974358976
2022-05-17 07:59:48 [INFO] - 此时价格为:30730.0,开仓数量为1.2011549566891242,仓位为964.5081809432164，强平价为31532.983974358976
2022-05-17 07:59:48 [INFO] - 此时价格为:30720.0,开仓数量为1.2011549566891242,仓位为976.5197305101077，强平价为31532.983974358976
2022-05-17 07:59:48 [INFO] - 此时价格为:30710.0,开仓数量为1.2011549566891242,仓位为988.531280076999，强平价为31532.983974358976
2022-05-17 07:59:48 [INFO] - 此时价格为:30700.0,开仓数量为1.2011549566891242,仓位为1000.5428296438903，强平价为31532.983974358976
2022-05-17 07:59:48 [INFO] - 此时价格为:30690.0,开仓数量为1.2011549566891242,仓位为1012.5543792107816，强平价为31532.983974358976
2022-05-17 07:59:48 [INFO] - 此时价格为:30680.0,开仓数量为1.2011549566891242,仓位为1024.5659287776728，强平价为31532.983974358976
2022-05-17 07:59:48 [INFO] - 此时价格为:30670.0,开仓数量为1.2011549566891242,仓位为1036.577478344564，强平价为31532.983974358976
2022-05-17 07:59:48 [INFO] - 此时价格为:30660.0,开仓数量为1.2011549566891242,仓位为1048.5890279114553，强平价为31532.983974358976
2022-05-17 07:59:48 [INFO] - 此时价格为:30650.0,开仓数量为1.2011549566891242,仓位为1060.6005774783466，强平价为31532.983974358976
2022-05-17 07:59:48 [INFO] - 此时价格为:30640.0,开仓数量为1.2011549566891242,仓位为1072.612127045238，强平价为31532.983974358976
2022-05-17 07:59:48 [INFO] - 此时价格为:30630.0,开仓数量为1.2011549566891242,仓位为1084.6236766121292，强平价为31532.983974358976
2022-05-17 07:59:48 [INFO] - 此时价格为:30620.0,开仓数量为1.2011549566891242,仓位为1096.6352261790205，强平价为31532.983974358976
2022-05-17 07:59:48 [INFO] - 此时价格为:30610.0,开仓数量为1.2011549566891242,仓位为1108.6467757459118，强平价为31532.983974358976
2022-05-17 07:59:48 [INFO] - 此时价格为:30600.0,开仓数量为1.2011549566891242,仓位为1120.658325312803，强平价为31532.983974358976
2022-05-17 07:59:48 [INFO] - 此时价格为:30590.0,开仓数量为1.2011549566891242,仓位为1132.6698748796944，强平价为31532.983974358976
2022-05-17 07:59:48 [INFO] - 此时价格为:30580.0,开仓数量为1.2011549566891242,仓位为1144.6814244465857，强平价为31532.983974358976
2022-05-17 07:59:48 [INFO] - 此时价格为:30570.0,开仓数量为1.2011549566891242,仓位为1156.692974013477，强平价为31532.983974358976
2022-05-17 07:59:48 [INFO] - 此时价格为:30560.0,开仓数量为1.2011549566891242,仓位为1168.7045235803682，强平价为31532.983974358976
2022-05-17 07:59:48 [INFO] - 此时价格为:30550.0,开仓数量为1.2011549566891242,仓位为1180.7160731472595，强平价为31532.983974358976
2022-05-17 07:59:48 [INFO] - 此时价格为:30540.0,开仓数量为1.2011549566891242,仓位为1192.7276227141508，强平价为31532.983974358976
2022-05-17 07:59:48 [INFO] - 此时价格为:30530.0,开仓数量为1.2011549566891242,仓位为1204.739172281042，强平价为31532.983974358976
2022-05-17 07:59:48 [INFO] - 此时价格为:30520.0,开仓数量为1.2011549566891242,仓位为1216.7507218479334，强平价为31532.983974358976
2022-05-17 07:59:48 [INFO] - 此时价格为:30510.0,开仓数量为1.2011549566891242,仓位为1228.7622714148247，强平价为31532.983974358976
2022-05-17 07:59:48 [INFO] - 此时价格为:30500.0,开仓数量为1.2011549566891242,仓位为1240.773820981716，强平价为31532.983974358976
2022-05-17 07:59:48 [INFO] - 此时价格为:30490.0,开仓数量为1.2011549566891242,仓位为1252.7853705486073，强平价为31532.983974358976
2022-05-17 07:59:48 [INFO] - 此时价格为:30480.0,开仓数量为1.2011549566891242,仓位为1264.7969201154986，强平价为31532.983974358976
2022-05-17 07:59:48 [INFO] - 此时价格为:30470.0,开仓数量为1.2011549566891242,仓位为1276.8084696823898，强平价为31532.983974358976
2022-05-17 07:59:48 [INFO] - 此时价格为:30460.0,开仓数量为1.2024950755088641,仓位为1288.8200192492811，强平价为31532.983974358976
2022-05-17 07:59:48 [INFO] - 此时价格为:30450.0,开仓数量为1.2051194313929705,仓位为1300.8449700043698，强平价为31531.788188990202
2022-05-17 07:59:48 [INFO] - 此时价格为:30440.0,开仓数量为1.2080662100215656,仓位为1312.8961643182995，强平价为31529.43240820601
2022-05-17 07:59:48 [INFO] - 此时价格为:30430.0,开仓数量为1.2113258982234485,仓位为1324.9768264185152，强平价为31526.77500738545
2022-05-17 07:59:48 [INFO] - 此时价格为:30420.0,开仓数量为1.214889404117688,仓位为1337.0900854007498，强平价为31523.823576596315
2022-05-17 07:59:48 [INFO] - 此时价格为:30410.0,开仓数量为1.2187480402132682,仓位为1349.2389794419266，强平价为31520.58584828288
2022-05-17 07:59:48 [INFO] - 此时价格为:30400.0,开仓数量为1.2228935072005886,仓位为1361.4264598440593，强平价为31517.069660769113
2022-05-17 07:59:48 [INFO] - 此时价格为:30390.0,开仓数量为1.2273178784066696,仓位为1373.6553949160652，强平价为31513.282924332958
2022-05-17 07:59:48 [INFO] - 此时价格为:30380.0,开仓数量为1.2320135848870573,仓位为1385.928573700132，强平价为31509.23358983361
2022-05-17 07:59:48 [INFO] - 此时价格为:30370.0,开仓数量为1.236973401128525,仓位为1398.2487095490026，强平价为31504.929619852515
2022-05-17 07:59:48 [INFO] - 此时价格为:30360.0,开仓数量为1.2421904313377206,仓位为1410.618443560288，强平价为31500.378962290815
2022-05-17 07:59:48 [INFO] - 此时价格为:30350.0,开仓数量为1.247658096291918,仓位为1423.040347873665，强平价为31495.589526350792
2022-05-17 07:59:48 [INFO] - 此时价格为:30340.0,开仓数量为1.2533701207290062,仓位为1435.5169288365842，强平价为31490.569160816565
2022-05-17 07:59:48 [INFO] - 此时价格为:30330.0,开仓数量为1.2593205212547762,仓位为1448.0506300438742，强平价为31485.325634539327
2022-05-17 07:59:48 [INFO] - 此时价格为:30320.0,开仓数量为1.2655035947464597,仓位为1460.6438352564219，强平价为31479.866619024877
2022-05-17 07:59:48 [INFO] - 此时价格为:30310.0,开仓数量为1.2719139072323322,仓位为1473.2988712038864，强平价为31474.199673015595
2022-05-17 07:59:48 [INFO] - 此时价格为:30300.0,开仓数量为1.2785462832280134,仓位为1486.0180102762097，强平价为31468.332228955467
2022-05-17 07:59:48 [INFO] - 此时价格为:30290.0,开仓数量为1.2853957955108857,仓位为1498.80347310849，强平价为31462.271581224562
2022-05-17 07:59:48 [INFO] - 此时价格为:30280.0,开仓数量为1.2924577553148082,仓位为1511.6574310635988，强平价为31456.024876028776
2022-05-17 07:59:48 [INFO] - 此时价格为:30270.0,开仓数量为1.2997277029280336,仓位为1524.5820086167469，强平价为31449.599102831333
2022-05-17 07:59:48 [INFO] - 此时价格为:30260.0,开仓数量为1.3072013986779227,仓位为1537.5792856460273，强平价为31443.00108721401
2022-05-17 07:59:48 [INFO] - 此时价格为:30250.0,开仓数量为1.3148748142867275,仓位为1550.6512996328065，强平价为31436.237485058617
2022-05-17 07:59:48 [INFO] - 此时价格为:30240.0,开仓数量为1.3227441245833509,仓位为1563.8000477756739，强平价为31429.314777942553
2022-05-17 07:59:48 [INFO] - 此时价格为:30230.0,开仓数量为1.3308056995566055,仓位为1577.0274890215073，强平价为31422.239269645786
2022-05-17 07:59:48 [INFO] - 此时价格为:30220.0,开仓数量为1.339056096736085,仓位为1590.3355460170733，强平价为31415.017083671144
2022-05-17 07:59:48 [INFO] - 此时价格为:30210.0,开仓数量为1.3474920538873247,仓位为1603.7261069844342，强平价为31407.654161684095
2022-05-17 07:59:48 [INFO] - 此时价格为:30200.0,开仓数量为1.3561104820084762,仓位为1617.2010275233074，强平价为31400.15626278308
2022-05-17 07:59:48 [INFO] - 此时价格为:30190.0,开仓数量为1.3649084586162334,仓位为1630.762132343392，强平价为31392.528963516408
2022-05-17 07:59:48 [INFO] - 此时价格为:30180.0,开仓数量为1.373883221309256,仓位为1644.4112169295545，强平价为31384.777658566705
2022-05-17 07:59:48 [INFO] - 此时价格为:30170.0,开仓数量为1.3830321615978054,仓位为1658.150049142647，强平价为31376.907562028813
2022-05-17 07:59:48 [INFO] - 此时价格为:30160.0,开仓数量为1.392352818988779,仓位为1671.9803707586252，强平价为31368.923709212228
2022-05-17 07:59:48 [INFO] - 此时价格为:30150.0,开仓数量为1.4018428753157595,仓位为1685.903898948513，强平价为31360.83095890374
2022-05-17 07:59:48 [INFO] - 此时价格为:30140.0,开仓数量为1.4115001493041248,仓位为1699.9223277016706，强平价为31352.633996030952
2022-05-17 07:59:48 [INFO] - 此时价格为:30130.0,开仓数量为1.42132259136167,仓位为1714.037329194712，强平价为31344.337334671724
2022-05-17 07:59:48 [INFO] - 此时价格为:30120.0,开仓数量为1.4313082785855775,仓位为1728.2505551083286，强平价为31335.94532135918
2022-05-17 07:59:48 [INFO] - 此时价格为:30110.0,开仓数量为1.4414554099769512,仓位为1742.5636378941845，强平价为31327.462138635983
2022-05-17 07:59:48 [INFO] - 此时价格为:30100.0,开仓数量为1.4517623018544845,仓位为1756.978191993954，强平价为31318.89180881568
2022-05-17 07:59:48 [INFO] - 此时价格为:30090.0,开仓数量为1.462227383459176,仓位为1771.4958150124987，强平价为31310.23819791269
2022-05-17 07:59:48 [INFO] - 此时价格为:30080.0,开仓数量为1.4728491927423386,仓位为1786.1180888470906，强平价为31301.505019706092
2022-05-17 07:59:48 [INFO] - 此时价格为:30070.0,开仓数量为1.483626372329464,仓位为1800.846580774514，强平价为31292.695839905693
2022-05-17 07:59:48 [INFO] - 此时价格为:30060.0,开仓数量为1.4945576656528032,仓位为1815.6828444978087，强平价为31283.814080392072
2022-05-17 07:59:48 [INFO] - 此时价格为:30050.0,开仓数量为1.5056419132458225,仓位为1830.6284211543366，强平价为31274.86302350518
2022-05-17 07:59:48 [INFO] - 此时价格为:30040.0,开仓数量为1.5168780491929672,仓位为1845.6848402867947，强平价为31265.845816358764
2022-05-17 07:59:48 [INFO] - 此时价格为:30030.0,开仓数量为1.5282650977284373,仓位为1860.8536207787245，强平价为31256.76547516049
2022-05-17 07:59:48 [INFO] - 此时价格为:30020.0,开仓数量为1.5398021699779325,仓位为1876.136271756009，强平价为31247.62488951991
2022-05-17 07:59:48 [INFO] - 此时价格为:30010.0,开仓数量为1.551488460837575,仓位为1891.5342934557882，强平价为31238.426826728588
2022-05-17 07:59:48 [INFO] - 此时价格为:30000.0,开仓数量为1.563323245984452,仓位为1907.049178064164，强平价为31229.17393599862
2022-05-17 07:59:48 [INFO] - 此时价格为:29990.0,开仓数量为1.5753058790134469,仓位为1922.6824105240084，强平价为31219.86875264767
2022-05-17 07:59:48 [INFO] - 此时价格为:29980.0,开仓数量为1.587435788695247,仓位为1938.435469314143，强平价为31210.51370222024
2022-05-17 07:59:48 [INFO] - 此时价格为:29970.0,开仓数量为1.5997124763506239,仓位为1954.3098272010955，强平价为31201.111104536325
2022-05-17 07:59:48 [INFO] - 此时价格为:29960.0,开仓数量为1.6121355133362822,仓位为1970.3069519646017，强平价为31191.663177660153
2022-05-17 07:59:48 [INFO] - 此时价格为:29950.0,开仓数量为1.6247045386377668,仓位为1986.4283070979645，强平价为31182.1720417827
2022-05-17 07:59:48 [INFO] - 此时价格为:29940.0,开仓数量为1.6374192565650982,仓位为2002.6753524843423，强平价为31172.63972301295
2022-05-17 07:59:48 [INFO] - 此时价格为:29930.0,开仓数量为1.6502794345469902,仓位为2019.0495450499932，强平价为31163.06815707387
2022-05-17 07:59:48 [INFO] - 此时价格为:29920.0,开仓数量为1.6632849010196646,仓位为2035.5523393954632，强平价为31153.459192899798
2022-05-17 07:59:48 [INFO] - 此时价格为:29910.0,开仓数量为1.6764355434064488,仓位为2052.1851884056596，强平价为31143.81459613298
2022-05-17 07:59:48 [INFO] - 此时价格为:29900.0,开仓数量为1.689731306184492,仓位为2068.949543839724，强平价为31134.136052517537
2022-05-17 07:59:48 [INFO] - 此时价格为:29890.0,开仓数量为1.7031721890350895,仓位为2085.846856901569，强平价为31124.425171189807
2022-05-17 07:59:48 [INFO] - 此时价格为:29880.0,开仓数量为1.7167582450742447,仓位为2102.87857879192，强平价为31114.68348786465
2022-05-17 07:59:48 [INFO] - 此时价格为:29870.0,开仓数量为1.7304895791602413,仓位为2120.0461612426625，强平价为31104.912467917682
2022-05-17 07:59:48 [INFO] - 此时价格为:29860.0,开仓数量为1.7443663462751235,仓位为2137.351057034265，强平价为31095.113509363902
2022-05-17 07:59:48 [INFO] - 此时价格为:29850.0,开仓数量为1.7583887499771171,仓位为2154.7947204970164，强平价为31085.287945733595
2022-05-17 07:59:48 [INFO] - 此时价格为:29840.0,开仓数量为1.772557040921137,仓位为2172.3786079967877，强平价为31075.437048846597
2022-05-17 07:59:48 [INFO] - 此时价格为:29830.0,开仓数量为1.7868715154446517,仓位为2190.104178405999，强平价为31065.562031486377
2022-05-17 07:59:48 [INFO] - 此时价格为:29820.0,开仓数量为1.8013325142162808,仓位为2207.9728935604453，强平价为31055.66404997564
2022-05-17 07:59:48 [INFO] - 此时价格为:29810.0,开仓数量为1.8159404209446144,仓位为2225.9862187026083，强平价为31045.74420665531
2022-05-17 07:59:48 [INFO] - 此时价格为:29800.0,开仓数量为1.830695661144841,仓位为2244.1456229120545，强平价为31035.80355226891
2022-05-17 07:59:48 [INFO] - 此时价格为:29790.0,开仓数量为1.8455987009608743,仓位为2262.4525795235027，强平价为31025.84308825458
2022-05-17 07:59:48 [INFO] - 此时价格为:29780.0,开仓数量为1.860650046040759,仓位为2280.9085665331113，强平价为31015.863768946954
2022-05-17 07:59:48 [INFO] - 此时价格为:29770.0,开仓数量为1.8758502404632331,仓位为2299.5150669935188，强平价为31005.866503691337
2022-05-17 07:59:48 [INFO] - 此时价格为:29760.0,开仓数量为1.8911998657134057,仓位为2318.2735693981513，强平价为30995.85215887259
2022-05-17 07:59:48 [INFO] - 此时价格为:29750.0,开仓数量为1.9066995397055935,仓位为2337.1855680552853，强平价为30985.821559861226
2022-05-17 07:59:48 [INFO] - 此时价格为:29740.0,开仓数量为1.9223499158514452,仓位为2356.2525634523413，强平价为30975.77549287926
2022-05-17 07:59:48 [INFO] - 此时价格为:29730.0,开仓数量为1.9381516821715525,仓位为2375.476062610856，强平价为30965.714706788287
2022-05-17 07:59:48 [INFO] - 此时价格为:29720.0,开仓数量为1.9541055604488258,仓位为2394.8575794325716，强平价为30955.639914802392
2022-05-17 07:59:48 [INFO] - 此时价格为:29710.0,开仓数量为1.9702123054219804,仓位为2414.3986350370596，强平价为30945.55179612841
2022-05-17 07:59:48 [INFO] - 此时价格为:29700.0,开仓数量为1.9864727040175487,仓位为2434.1007580912797，强平价为30935.450997535994
2022-05-17 07:59:48 [INFO] - 此时价格为:29690.0,开仓数量为2.0028875746188985,仓位为2453.9654851314554，强平价为30925.33813486006
2022-05-17 07:59:48 [INFO] - 此时价格为:29680.0,开仓数量为2.0194577663708015,仓位为2473.9943608776443，强平价为30915.213794437957
2022-05-17 07:59:48 [INFO] - 此时价格为:29670.0,开仓数量为2.03618415851815,仓位为2494.1889385413524，强平价为30905.078534483888
2022-05-17 07:59:48 [INFO] - 此时价格为:29660.0,开仓数量为2.053067659777492,仓位为2514.550780126534，强平价为30894.93288640283
2022-05-17 07:59:48 [INFO] - 此时价格为:29650.0,开仓数量为2.0701092077400878,仓位为2535.0814567243087，强平价为30884.777356046347
2022-05-17 07:59:48 [INFO] - 此时价格为:29640.0,开仓数量为2.0873097683052673,仓位为2555.7825488017097，强平价为30874.612424912513
2022-05-17 07:59:48 [INFO] - 此时价格为:29630.0,开仓数量为2.1046703351429032,仓位为2576.655646484762，强平价为30864.438551292176
2022-05-17 07:59:48 [INFO] - 此时价格为:29620.0,开仓数量为2.1221919291838685,仓位为2597.7023498361914，强平价为30854.25617136368
2022-05-17 07:59:48 [INFO] - 此时价格为:29610.0,开仓数量为2.1398755981373916,仓位为2618.92426912803，强平价为30844.065700238145
2022-05-17 07:59:48 [INFO] - 此时价格为:29600.0,开仓数量为2.1577224160342765,仓位为2640.323025109404，强平价为30833.867532957345
2022-05-17 07:59:48 [INFO] - 此时价格为:29590.0,开仓数量为2.1757334827949815,仓位为2661.900249269747，强平价为30823.6620454461
2022-05-17 07:59:48 [INFO] - 此时价格为:29580.0,开仓数量为2.193909923821607,仓位为2683.6575840976966，强平价为30813.449595421138
2022-05-17 07:59:48 [INFO] - 此时价格为:29570.0,开仓数量为2.2122528896128753,仓位为2705.5966833359125，强平价为30803.230523258215
2022-05-17 07:59:48 [INFO] - 此时价格为:29560.0,开仓数量为2.230763555401225,仓位为2727.719212232041，强平价为30793.005152819293
2022-05-17 07:59:48 [INFO] - 此时价格为:29550.0,开仓数量为2.249443120811176,仓位为2750.0268477860536，强平价为30782.773792241478
2022-05-17 07:59:48 [INFO] - 此时价格为:29540.0,开仓数量为2.2682928095381616,仓位为2772.521278994165，强平价为30772.536734689413
2022-05-17 07:59:48 [INFO] - 此时价格为:29530.0,开仓数量为2.2873138690470554,仓位为2795.204207089547，强平价为30762.294259072605
2022-05-17 07:59:48 [INFO] - 此时价格为:29520.0,开仓数量为2.306507570289649,仓位为2818.0773457800174，强平价为30752.046630729383
2022-05-17 07:59:48 [INFO] - 此时价格为:29510.0,开仓数量为2.325875207440374,仓位为2841.142421482914，强平价为30741.79410207881
2022-05-17 07:59:48 [INFO] - 此时价格为:29500.0,开仓数量为2.345418097649588,仓位为2864.4011735573176，强平价为30731.536913242046
2022-05-17 08:00:34 [INFO] - 此时价格为:31190.0,开仓数量为1.0,仓位为410.0，强平价为31600.0
2022-05-17 08:00:34 [INFO] - 此时价格为:31180.0,开仓数量为1.0,仓位为420.0，强平价为31600.0
2022-05-17 08:00:34 [INFO] - 此时价格为:31170.0,开仓数量为1.0,仓位为430.0，强平价为31600.0
2022-05-17 08:00:34 [INFO] - 此时价格为:31160.0,开仓数量为1.0012836970474968,仓位为440.0，强平价为31600.0
2022-05-17 08:00:34 [INFO] - 此时价格为:31150.0,开仓数量为1.0012836970474968,仓位为450.01283697047495，强平价为31599.4358974359
2022-05-17 08:00:34 [INFO] - 此时价格为:31140.0,开仓数量为1.0012836970474968,仓位为460.0256739409499，强平价为31599.4358974359
2022-05-17 08:00:34 [INFO] - 此时价格为:31130.0,开仓数量为1.0012836970474968,仓位为470.03851091142485，强平价为31599.4358974359
2022-05-17 08:00:34 [INFO] - 此时价格为:31120.0,开仓数量为1.0012836970474968,仓位为480.0513478818998，强平价为31599.4358974359
2022-05-17 08:00:34 [INFO] - 此时价格为:31110.0,开仓数量为1.0012836970474968,仓位为490.06418485237475，强平价为31599.4358974359
2022-05-17 08:00:34 [INFO] - 此时价格为:31100.0,开仓数量为1.0012836970474968,仓位为500.0770218228497，强平价为31599.4358974359
2022-05-17 08:00:34 [INFO] - 此时价格为:31090.0,开仓数量为1.0012836970474968,仓位为510.08985879332465，强平价为31599.4358974359
2022-05-17 08:00:34 [INFO] - 此时价格为:31080.0,开仓数量为1.0012836970474968,仓位为520.1026957637996，强平价为31599.4358974359
2022-05-17 08:00:34 [INFO] - 此时价格为:31070.0,开仓数量为1.0012836970474968,仓位为530.1155327342746，强平价为31599.4358974359
2022-05-17 08:00:34 [INFO] - 此时价格为:31060.0,开仓数量为1.0012836970474968,仓位为540.1283697047495，强平价为31599.4358974359
2022-05-17 08:00:34 [INFO] - 此时价格为:31050.0,开仓数量为1.0012836970474968,仓位为550.1412066752245，强平价为31599.4358974359
2022-05-17 08:00:34 [INFO] - 此时价格为:31040.0,开仓数量为1.0012836970474968,仓位为560.1540436456994，强平价为31599.4358974359
2022-05-17 08:00:34 [INFO] - 此时价格为:31030.0,开仓数量为1.0012836970474968,仓位为570.1668806161744，强平价为31599.4358974359
2022-05-17 08:00:34 [INFO] - 此时价格为:31020.0,开仓数量为1.0012836970474968,仓位为580.1797175866493，强平价为31599.4358974359
2022-05-17 08:00:34 [INFO] - 此时价格为:31010.0,开仓数量为1.0012836970474968,仓位为590.1925545571243，强平价为31599.4358974359
2022-05-17 08:00:34 [INFO] - 此时价格为:31000.0,开仓数量为1.0012836970474968,仓位为600.2053915275992，强平价为31599.4358974359
2022-05-17 08:00:34 [INFO] - 此时价格为:30990.0,开仓数量为1.0012836970474968,仓位为610.2182284980742，强平价为31599.4358974359
2022-05-17 08:00:34 [INFO] - 此时价格为:30980.0,开仓数量为1.0012836970474968,仓位为620.2310654685491，强平价为31599.4358974359
2022-05-17 08:00:34 [INFO] - 此时价格为:30970.0,开仓数量为1.0012836970474968,仓位为630.243902439024，强平价为31599.4358974359
2022-05-17 08:00:34 [INFO] - 此时价格为:30960.0,开仓数量为1.0012836970474968,仓位为640.256739409499，强平价为31599.4358974359
2022-05-17 08:00:34 [INFO] - 此时价格为:30950.0,开仓数量为1.0012836970474968,仓位为650.269576379974，强平价为31599.4358974359
2022-05-17 08:00:34 [INFO] - 此时价格为:30940.0,开仓数量为1.0012836970474968,仓位为660.2824133504489，强平价为31599.4358974359
2022-05-17 08:00:34 [INFO] - 此时价格为:30930.0,开仓数量为1.0012836970474968,仓位为670.2952503209239，强平价为31599.4358974359
2022-05-17 08:00:34 [INFO] - 此时价格为:30920.0,开仓数量为1.0012836970474968,仓位为680.3080872913988，强平价为31599.4358974359
2022-05-17 08:00:34 [INFO] - 此时价格为:30910.0,开仓数量为1.0012836970474968,仓位为690.3209242618738，强平价为31599.4358974359
2022-05-17 08:00:34 [INFO] - 此时价格为:30900.0,开仓数量为1.0012836970474968,仓位为700.3337612323487，强平价为31599.4358974359
2022-05-17 08:00:34 [INFO] - 此时价格为:30890.0,开仓数量为1.0012836970474968,仓位为710.3465982028237，强平价为31599.4358974359
2022-05-17 08:00:34 [INFO] - 此时价格为:30880.0,开仓数量为1.0012836970474968,仓位为720.3594351732986，强平价为31599.4358974359
2022-05-17 08:00:34 [INFO] - 此时价格为:30870.0,开仓数量为1.0012836970474968,仓位为730.3722721437736，强平价为31599.4358974359
2022-05-17 08:00:34 [INFO] - 此时价格为:30860.0,开仓数量为1.0012836970474968,仓位为740.3851091142485，强平价为31599.4358974359
2022-05-17 08:00:34 [INFO] - 此时价格为:30850.0,开仓数量为1.0012836970474968,仓位为750.3979460847235，强平价为31599.4358974359
2022-05-17 08:00:34 [INFO] - 此时价格为:30840.0,开仓数量为1.0012836970474968,仓位为760.4107830551984，强平价为31599.4358974359
2022-05-17 08:00:34 [INFO] - 此时价格为:30830.0,开仓数量为1.0012836970474968,仓位为770.4236200256734，强平价为31599.4358974359
2022-05-17 08:00:34 [INFO] - 此时价格为:30820.0,开仓数量为1.0012836970474968,仓位为780.4364569961483，强平价为31599.4358974359
2022-05-17 08:00:34 [INFO] - 此时价格为:30810.0,开仓数量为1.0012836970474968,仓位为790.4492939666233，强平价为31599.4358974359
2022-05-17 08:00:34 [INFO] - 此时价格为:30800.0,开仓数量为1.0012836970474968,仓位为800.4621309370982，强平价为31599.4358974359
2022-05-17 08:00:34 [INFO] - 此时价格为:30790.0,开仓数量为1.0012836970474968,仓位为810.4749679075732，强平价为31599.4358974359
2022-05-17 08:00:34 [INFO] - 此时价格为:30780.0,开仓数量为1.0012836970474968,仓位为820.4878048780481，强平价为31599.4358974359
2022-05-17 08:00:34 [INFO] - 此时价格为:30770.0,开仓数量为1.0012836970474968,仓位为830.5006418485231，强平价为31599.4358974359
2022-05-17 08:00:34 [INFO] - 此时价格为:30760.0,开仓数量为1.0012836970474968,仓位为840.513478818998，强平价为31599.4358974359
2022-05-17 08:00:34 [INFO] - 此时价格为:30750.0,开仓数量为1.0012836970474968,仓位为850.526315789473，强平价为31599.4358974359
2022-05-17 08:00:34 [INFO] - 此时价格为:30740.0,开仓数量为1.0012836970474968,仓位为860.5391527599479，强平价为31599.4358974359
2022-05-17 08:00:34 [INFO] - 此时价格为:30730.0,开仓数量为1.0012836970474968,仓位为870.5519897304229，强平价为31599.4358974359
2022-05-17 08:00:34 [INFO] - 此时价格为:30720.0,开仓数量为1.0012836970474968,仓位为880.5648267008978，强平价为31599.4358974359
2022-05-17 08:00:34 [INFO] - 此时价格为:30710.0,开仓数量为1.0012836970474968,仓位为890.5776636713728，强平价为31599.4358974359
2022-05-17 08:00:34 [INFO] - 此时价格为:30700.0,开仓数量为1.0012836970474968,仓位为900.5905006418477，强平价为31599.4358974359
2022-05-17 08:00:34 [INFO] - 此时价格为:30690.0,开仓数量为1.0012836970474968,仓位为910.6033376123227，强平价为31599.4358974359
2022-05-17 08:00:34 [INFO] - 此时价格为:30680.0,开仓数量为1.0012836970474968,仓位为920.6161745827976，强平价为31599.4358974359
2022-05-17 08:00:34 [INFO] - 此时价格为:30670.0,开仓数量为1.0012836970474968,仓位为930.6290115532726，强平价为31599.4358974359
2022-05-17 08:00:34 [INFO] - 此时价格为:30660.0,开仓数量为1.0012836970474968,仓位为940.6418485237475，强平价为31599.4358974359
2022-05-17 08:00:34 [INFO] - 此时价格为:30650.0,开仓数量为1.0012836970474968,仓位为950.6546854942225，强平价为31599.4358974359
2022-05-17 08:00:34 [INFO] - 此时价格为:30640.0,开仓数量为1.0012836970474968,仓位为960.6675224646974，强平价为31599.4358974359
2022-05-17 08:00:34 [INFO] - 此时价格为:30630.0,开仓数量为1.0012836970474968,仓位为970.6803594351724，强平价为31599.4358974359
2022-05-17 08:00:34 [INFO] - 此时价格为:30620.0,开仓数量为1.0012836970474968,仓位为980.6931964056473，强平价为31599.4358974359
2022-05-17 08:00:34 [INFO] - 此时价格为:30610.0,开仓数量为1.0012836970474968,仓位为990.7060333761223，强平价为31599.4358974359
2022-05-17 08:00:34 [INFO] - 此时价格为:30600.0,开仓数量为1.0012836970474968,仓位为1000.7188703465972，强平价为31599.435897435895
2022-05-17 08:00:34 [INFO] - 此时价格为:30590.0,开仓数量为1.0012836970474968,仓位为1010.7317073170722，强平价为31599.435897435895
2022-05-17 08:00:34 [INFO] - 此时价格为:30580.0,开仓数量为1.0012836970474968,仓位为1020.7445442875471，强平价为31599.435897435895
2022-05-17 08:00:34 [INFO] - 此时价格为:30570.0,开仓数量为1.0012836970474968,仓位为1030.7573812580222，强平价为31599.4358974359
2022-05-17 08:00:34 [INFO] - 此时价格为:30560.0,开仓数量为1.0012836970474968,仓位为1040.7702182284972，强平价为31599.4358974359
2022-05-17 08:00:34 [INFO] - 此时价格为:30550.0,开仓数量为1.0012836970474968,仓位为1050.7830551989723，强平价为31599.4358974359
2022-05-17 08:00:34 [INFO] - 此时价格为:30540.0,开仓数量为1.0012836970474968,仓位为1060.7958921694474，强平价为31599.4358974359
2022-05-17 08:00:34 [INFO] - 此时价格为:30530.0,开仓数量为1.0022928267278086,仓位为1070.8087291399224，强平价为31599.4358974359
2022-05-17 08:00:34 [INFO] - 此时价格为:30520.0,开仓数量为1.0042860002994731,仓位为1080.8316574072005，强平价为31598.359166687642
2022-05-17 08:00:34 [INFO] - 此时价格为:30510.0,开仓数量为1.006553482866026,仓位为1090.8745174101953，强平价为31596.218982525796
2022-05-17 08:00:34 [INFO] - 此时价格为:30500.0,开仓数量为1.0090870946746853,仓位为1100.9400522388555，强平价为31593.772035941973
2022-05-17 08:00:34 [INFO] - 此时价格为:30490.0,开仓数量为1.0118790169530172,仓位为1111.0309231856024，强平价为31591.025797524228
2022-05-17 08:00:34 [INFO] - 此时价格为:30480.0,开仓数量为1.0149217774230046,仓位为1121.1497133551327，强平价为31587.98790623325
2022-05-17 08:00:34 [INFO] - 此时价格为:30470.0,开仓数量为1.0182082364078286,仓位为1131.2989311293627，强平价为31584.66613121836
2022-05-17 08:00:34 [INFO] - 此时价格为:30460.0,开仓数量为1.021731573507256,仓位为1141.481013493441，强平价为31581.068336198605
2022-05-17 08:00:34 [INFO] - 此时价格为:30450.0,开仓数量为1.0254852748185033,仓位为1151.6983292285136，强平价为31577.202446406864
2022-05-17 08:00:34 [INFO] - 此时价格为:30440.0,开仓数量为1.0294631206803928,仓位为1161.9531819766985，强平价为31573.076418071774
2022-05-17 08:00:34 [INFO] - 此时价格为:30430.0,开仓数量为1.0336591739195142,仓位为1172.2478131835023，强平价为31568.69821039217
2022-05-17 08:00:34 [INFO] - 此时价格为:30420.0,开仓数量为1.0380677685779738,仓位为1182.5844049226976，强平价为31564.07575994172
2022-05-17 08:00:34 [INFO] - 此时价格为:30410.0,开仓数量为1.0426834991031435,仓位为1192.9650826084774，强平价为31559.216957427252
2022-05-17 08:00:34 [INFO] - 此时价格为:30400.0,开仓数量为1.04750120998062,仓位为1203.3919175995088，强平价为31554.129626712802
2022-05-17 08:00:34 [INFO] - 此时价格为:30390.0,开仓数量为1.0525159857923658,仓位为1213.866929699315，强平价为31548.821506012173
2022-05-17 08:00:34 [INFO] - 此时价格为:30380.0,开仓数量为1.0577231416827402,仓位为1224.3920895572387，强平价为31543.300231146113
2022-05-17 08:00:34 [INFO] - 此时价格为:30370.0,开仓数量为1.0631182142158324,仓位为1234.969320974066，强平价为31537.57332075513
2022-05-17 08:00:34 [INFO] - 此时价格为:30360.0,开仓数量为1.068696952608182,仓位为1245.6005031162244，强平价为31531.648163355938
2022-05-17 08:00:34 [INFO] - 此时价格为:30350.0,开仓数量为1.0744553103216195,仓位为1256.2874726423063，强平价为31525.532006127934
2022-05-17 08:00:34 [INFO] - 此时价格为:30340.0,开仓数量为1.080389437001585,仓位为1267.0320257455226，强平价为31519.231945315863
2022-05-17 08:00:34 [INFO] - 此时价格为:30330.0,开仓数量为1.0864956707468736,仓位为1277.8359201155383，强平价为31512.75491813575
2022-05-17 08:00:34 [INFO] - 此时价格为:30320.0,开仓数量为1.0927705306973325,仓位为1288.700876823007，强平价为31506.107696073133
2022-05-17 08:00:34 [INFO] - 此时价格为:30310.0,开仓数量为1.0992107099265818,仓位为1299.6285821299805，强平价为31499.296879465302
2022-05-17 08:00:34 [INFO] - 此时价格为:30300.0,开仓数量为1.1058130686273548,仓位为1310.6206892292464，强平价为31492.328893262682
2022-05-17 08:00:34 [INFO] - 此时价格为:30290.0,开仓数量为1.1125746275775659,仓位为1321.6788199155199，强平价为31485.209983868357
2022-05-17 08:00:34 [INFO] - 此时价格为:30280.0,开仓数量为1.1194925618756884,仓位为1332.8045661912954，强平价为31477.946216959164
2022-05-17 08:00:34 [INFO] - 此时价格为:30270.0,开仓数量为1.1265641949344987,仓位为1343.9994918100524，强平价为31470.54347619622
2022-05-17 08:00:34 [INFO] - 此时价格为:30260.0,开仓数量为1.133786992722684,仓位为1355.2651337593975，强平价为31463.007462737794
2022-05-17 08:00:34 [INFO] - 此时价格为:30250.0,开仓数量为1.141158558244238,仓位为1366.6030036866243，强平价为31455.34369547216
2022-05-17 08:00:34 [INFO] - 此时价格为:30240.0,开仓数量为1.1486766262459838,仓位为1378.0145892690666，强平价为31447.55751189322
2022-05-17 08:00:34 [INFO] - 此时价格为:30230.0,开仓数量为1.1563390581439519,仓位为1389.5013555315265，强平价为31439.65406954661
2022-05-17 08:00:34 [INFO] - 此时价格为:30220.0,开仓数量为1.1641438371597221,仓位为1401.064746112966，强平价为31431.638347978856
2022-05-17 08:00:34 [INFO] - 此时价格为:30210.0,开仓数量为1.1720890636581995,仓位为1412.7061844845632，强平价为31423.5151511271
2022-05-17 08:00:34 [INFO] - 此时价格为:30200.0,开仓数量为1.1801729506786411,仓位为1424.4270751211452，强平价为31415.289110091493
2022-05-17 08:00:34 [INFO] - 此时价格为:30190.0,开仓数量为1.1883938196510857,仓位为1436.2288046279316，强平价为31406.96468623692
2022-05-17 08:00:34 [INFO] - 此时价格为:30180.0,开仓数量为1.196750096290656,仓位为1448.1127428244424，强平价为31398.546174575033
2022-05-17 08:00:34 [INFO] - 此时价格为:30170.0,开仓数量为1.205240306662514,仓位为1460.080243787349，强平价为31390.037707381758
2022-05-17 08:00:34 [INFO] - 此时价格为:30160.0,开仓数量为1.213863073410537,仓位为1472.1326468539742，强平价为31381.443258009287
2022-05-17 08:00:34 [INFO] - 此时价格为:30150.0,开仓数量为1.222617112143075,仓位为1484.2712775880796，强平价为31372.766644855412
2022-05-17 08:00:34 [INFO] - 此时价格为:30140.0,开仓数量为1.2315012279694093,仓位为1496.4974487095103，强平价为31364.011535456397
2022-05-17 08:00:34 [INFO] - 此时价格为:30130.0,开仓数量为1.2405143121808022,仓位为1508.8124609892045，强平价为31355.18145067305
2022-05-17 08:00:34 [INFO] - 此时价格为:30120.0,开仓数量为1.2496553390702696,仓位为1521.2176041110126，强平价为31346.27976894256
2022-05-17 08:00:34 [INFO] - 此时价格为:30110.0,开仓数量为1.2589233628854528,仓位为1533.7141575017154，强平价为31337.30973057162
2022-05-17 08:00:34 [INFO] - 此时价格为:30100.0,开仓数量为1.2683175149091916,仓位为1546.30339113057，强平价为31328.27444204899
2022-05-17 08:00:34 [INFO] - 此时价格为:30090.0,开仓数量为1.2778370006626238,仓位为1558.986566279662，强平价为31319.176880358136
2022-05-17 08:00:34 [INFO] - 此时价格为:30080.0,开仓数量为1.2874810972258446,仓位为1571.7649362862883，强平价为31310.019897272694
2022-05-17 08:00:34 [INFO] - 此时价格为:30070.0,开仓数量为1.297249150671364,仓位为1584.6397472585468，强平价为31300.8062236199
2022-05-17 08:00:34 [INFO] - 此时价格为:30060.0,开仓数量为1.307140573605795,仓位为1597.6122387652604，强平价为31291.538473498673
2022-05-17 08:00:34 [INFO] - 此时价格为:30050.0,开仓数量为1.3171548428153894,仓位为1610.6836445013182，强平价为31282.21914844108
2022-05-17 08:00:34 [INFO] - 此时价格为:30040.0,开仓数量为1.327291497011219,仓位为1623.8551929294722，强平价为31272.850641507353
2022-05-17 08:00:34 [INFO] - 此时价格为:30030.0,开仓数量为1.337550134669972,仓位为1637.1281078995844，强平价为31263.435241306113
2022-05-17 08:00:34 [INFO] - 此时价格为:30020.0,开仓数量为1.3479304119664959,仓位为1650.5036092462842，强平价为31253.97513593278
2022-05-17 08:00:34 [INFO] - 此时价格为:30010.0,开仓数量为1.3584320407943802,仓位为1663.9829133659491，强平价为31244.472416820365
2022-05-17 08:00:34 [INFO] - 此时价格为:30000.0,开仓数量为1.3690547868710217,仓位为1677.567233773893，强平价为31234.929082497856
2022-05-17 08:00:34 [INFO] - 此时价格为:29990.0,开仓数量为1.3797984679237587,仓位为1691.257781642603，强平价为31225.347042252397
2022-05-17 08:00:34 [INFO] - 此时价格为:29980.0,开仓数量为1.3906629519538027,仓位为1705.0557663218406，强平价为31215.728119692372
2022-05-17 08:00:34 [INFO] - 此时价格为:29970.0,开仓数量为1.4016481555748308,仓位为1718.9623958413786，强平价为31206.07405620919
2022-05-17 08:00:34 [INFO] - 此时价格为:29960.0,开仓数量为1.4127540424232243,仓位为1732.9788773971268，强平价为31196.38651433634
2022-05-17 08:00:34 [INFO] - 此时价格为:29950.0,开仓数量为1.4239806216370707,仓位为1747.106417821359，强平价为31186.66708100487
2022-05-17 08:00:34 [INFO] - 此时价格为:29940.0,开仓数量为1.4353279464011564,仓位为1761.3462240377296，强平价为31176.917270694885
2022-05-17 08:00:34 [INFO] - 此时价格为:29930.0,开仓数量为1.4467961125552955,仓位为1775.6995035017412，强平价为31167.13852848334
2022-05-17 08:00:34 [INFO] - 此时价格为:29920.0,开仓数量为1.4583852572634493,仓位为1790.167464627294，强平价为31157.332232988618
2022-05-17 08:00:34 [INFO] - 此时价格为:29910.0,开仓数量为1.4700955577411885,仓位为1804.7513171999285，强平价为31147.499699212818
2022-05-17 08:00:34 [INFO] - 此时价格为:29900.0,开仓数量为1.4819272300391608,仓位为1819.4522727773403，强平价为31137.64218128306
2022-05-17 08:00:34 [INFO] - 此时价格为:29890.0,开仓数量为1.493880527880313,仓位为1834.2715450777318，强平价为31127.760875093212
2022-05-17 08:00:34 [INFO] - 此时价格为:29880.0,开仓数量为1.5059557415487126,仓位为1849.210350356535，强平价为31117.856920847884
2022-05-17 08:00:34 [INFO] - 此时价格为:29870.0,开仓数量为1.5181531968279058,仓位为1864.2699077720222，强平价为31107.931405510513
2022-05-17 08:00:34 [INFO] - 此时价格为:29860.0,开仓数量为1.5304732539868247,仓位为1879.4514397403013，强平价为31097.985365157685
2022-05-17 08:00:34 [INFO] - 此时价格为:29850.0,开仓数量为1.5429163068113456,仓位为1894.7561722801695，强平价为31088.019787241887
2022-05-17 08:00:34 [INFO] - 此时价格为:29840.0,开仓数量为1.5554827816796766,仓位为1910.185335348283，强平价为31078.035612764994
2022-05-17 08:00:34 [INFO] - 此时价格为:29830.0,开仓数量为1.5681731366798228,仓位为1925.7401631650796，强平价为31068.033738364873
2022-05-17 08:00:34 [INFO] - 此时价格为:29820.0,开仓数量为1.5809878607674566,仓位为1941.4218945318778，强平价为31058.015018317623
2022-05-17 08:00:34 [INFO] - 此时价格为:29810.0,开仓数量为1.5939274729625823,仓位为1957.2317731395524，强平价为31047.980266457867
2022-05-17 08:00:34 [INFO] - 此时价格为:29800.0,开仓数量为1.6069925215834557,仓位为1973.1710478691782，强平价为31037.93025801965
2022-05-17 08:00:34 [INFO] - 此时价格为:29790.0,开仓数量为1.6201835835162781,仓位为1989.2409730850127，强平价为31027.865731400485
2022-05-17 08:00:34 [INFO] - 此时价格为:29780.0,开仓数量为1.6335012635192503,仓位为2005.4428089201754，强平价为31017.787389851073
2022-05-17 08:00:34 [INFO] - 此时价格为:29770.0,开仓数量为1.646946193559624,仓位为2021.7778215553678，强平价为31007.695903093216
2022-05-17 08:00:34 [INFO] - 此时价格为:29760.0,开仓数量为1.6605190321824497,仓位为2038.247283490964，强平价为30997.591908868377
2022-05-17 08:00:34 [INFO] - 此时价格为:29750.0,开仓数量为1.6742204639097706,仓位为2054.8524738127885，强平价为30987.476014419455
2022-05-17 08:00:34 [INFO] - 此时价格为:29740.0,开仓数量为1.6880511986690634,仓位为2071.594678451886，强平价为30977.348797908093
2022-05-17 08:00:34 [INFO] - 此时价格为:29730.0,开仓数量为1.702011971249778,仓位为2088.4751904385766，强平价为30967.210809770004
2022-05-17 08:00:34 [INFO] - 此时价格为:29720.0,开仓数量为1.7161035407868759,仓位为2105.4953101510746，强平价为30957.062574010582
2022-05-17 08:00:34 [INFO] - 此时价格为:29710.0,开仓数量为1.7303266902703072,仓位为2122.6563455589435，强平价为30946.90458944316
2022-05-17 08:00:34 [INFO] - 此时价格为:29700.0,开仓数量为1.7446822260794188,仓位为2139.9596124616464，强平价为30936.737330872096
2022-05-17 08:00:34 [INFO] - 此时价格为:29690.0,开仓数量为1.759170977541319,仓位为2157.4064347224407，强平价为30926.5612502229
2022-05-17 08:00:34 [INFO] - 此时价格为:29680.0,开仓数量为1.773793796512269,仓位为2174.998144497854，强平价为30916.37677762153
2022-05-17 08:00:34 [INFO] - 此时价格为:29670.0,开仓数量为1.788551556981211,仓位为2192.736082462977，强平价为30906.18432242488
2022-05-17 08:00:34 [INFO] - 此时价格为:29660.0,开仓数量为1.8034451546945747,仓位为2210.621598032789，强平价为30895.984274204522
2022-05-17 08:00:34 [INFO] - 此时价格为:29650.0,开仓数量为1.818475506801546,仓位为2228.6560495797344，强平价为30885.777003685576
2022-05-17 08:00:34 [INFO] - 此时价格为:29640.0,开仓数量为1.8336435515190073,仓位为2246.84080464775，强平价为30875.562863642655
2022-05-17 08:00:34 [INFO] - 此时价格为:29630.0,开仓数量为1.8489502478154014,仓位为2265.17724016294，强平价为30865.342189754625
2022-05-17 08:00:34 [INFO] - 此时价格为:29620.0,开仓数量为1.8643965751127933,仓位为2283.666742641094，强平价为30855.115301419995
2022-05-17 08:00:34 [INFO] - 此时价格为:29610.0,开仓数量为1.8799835330064394,仓位为2302.310708392222，强平价为30844.882502534598
2022-05-17 08:00:34 [INFO] - 此时价格为:29600.0,开仓数量为1.8957121410012006,仓位为2321.1105437222864，强平价为30834.64408223321
2022-05-17 08:00:34 [INFO] - 此时价格为:29590.0,开仓数量为1.9115834382641648,仓位为2340.0676651322983，强平价为30824.400315596657
2022-05-17 08:00:34 [INFO] - 此时价格为:29580.0,开仓数量为1.9275984833928683,仓位为2359.1834995149397，强平价为30814.151464325943
2022-05-17 08:00:34 [INFO] - 此时价格为:29570.0,开仓数量为1.9437583541985328,仓位为2378.4594843488685，强平价为30803.89777738485
2022-05-17 08:00:34 [INFO] - 此时价格为:29560.0,开仓数量为1.9600641475037595,仓位为2397.897067890854，强平价为30793.63949161241
2022-05-17 08:00:34 [INFO] - 此时价格为:29550.0,开仓数量为1.9765169789541437,仓位为2417.4977093658918，强平价为30783.376832306585
2022-05-17 08:00:34 [INFO] - 此时价格为:29540.0,开仓数量为1.9931179828432974,仓位为2437.262879155433，强平价为30773.110013780446
2022-05-17 08:00:34 [INFO] - 此时价格为:29530.0,开仓数量为2.009868311950787,仓位为2457.194058983866，强平价为30762.83923989213
2022-05-17 08:00:34 [INFO] - 此时价格为:29520.0,开仓数量为2.026769137392515,仓位为2477.2927421033737，强平价为30752.564704549673
2022-05-17 08:00:34 [INFO] - 此时价格为:29510.0,开仓数量为2.0438216484830964,仓位为2497.560433477299，强平价为30742.28659219198
2022-05-17 08:00:34 [INFO] - 此时价格为:29500.0,开仓数量为2.0610270526097945,仓位为2517.99864996213，强平价为30732.0050782469
2022-05-17 23:46:04 [ERROR] - 获取仓位异常
2022-05-17 23:46:09 [ERROR] - 获取余额异常
2022-05-17 23:48:49 [INFO] - 此时价格为:127.61863617,开仓数量为-27.4,仓位为6.56678092，强平价为0
2022-05-17 23:53:42 [INFO] - 此时价格为:127.95952022,开仓数量为-23.5,仓位为19.91529483，强平价为0
2022-05-17 23:54:40 [INFO] - 此时价格为:128.20787405,开仓数量为-20.2,仓位为133.5771924，强平价为0
2022-05-17 23:54:41 [INFO] - 此时价格为:128.20745143,开仓数量为-20.5,仓位为133.47865249，强平价为0
2022-05-17 23:54:43 [INFO] - 此时价格为:128.20745143,开仓数量为-20.8,仓位为133.38262199，强平价为0
2022-05-17 23:54:45 [INFO] - 此时价格为:128.20745143,开仓数量为-21.1,仓位为133.28890008，强平价为0
2022-05-17 23:54:46 [INFO] - 此时价格为:128.20745143,开仓数量为-21.4,仓位为133.19738966，强平价为0
2022-05-17 23:54:49 [INFO] - 此时价格为:128.14075168,开仓数量为-21.7,仓位为133.10827265，强平价为0
2022-05-17 23:54:50 [INFO] - 此时价格为:128.14151968,开仓数量为-22,仓位为133.02131619，强平价为0
2022-05-17 23:54:51 [INFO] - 此时价格为:128.15,开仓数量为-22.3,仓位为132.93590049，强平价为0
2022-05-17 23:54:53 [INFO] - 此时价格为:128.05978249,开仓数量为-22.6,仓位为132.85170146，强平价为0
2022-05-17 23:54:55 [INFO] - 此时价格为:127.98055049,开仓数量为-22.9,仓位为132.76936278，强平价为0
2022-05-17 23:54:56 [INFO] - 此时价格为:127.98055049,开仓数量为-23.2,仓位为132.68911088，强平价为0
2022-05-17 23:54:59 [INFO] - 此时价格为:127.97419516,开仓数量为-23.5,仓位为132.61090797，强平价为0
2022-05-17 23:55:03 [INFO] - 此时价格为:127.97340296,开仓数量为-23.8,仓位为132.53467655，强平价为0
2022-05-17 23:55:06 [INFO] - 此时价格为:127.95508652,开仓数量为-24.1,仓位为132.45985022，强平价为0
2022-05-17 23:55:09 [INFO] - 此时价格为:127.95408905,开仓数量为-24.4,仓位为132.38735061，强平价为0
2022-05-17 23:55:12 [INFO] - 此时价格为:127.95492885,开仓数量为-24.7,仓位为132.31681248，强平价为0
2022-05-17 23:55:15 [INFO] - 此时价格为:127.95350078,开仓数量为-25,仓位为132.24776932，强平价为0
2022-05-17 23:55:17 [INFO] - 此时价格为:127.95273398,开仓数量为-25.3,仓位为132.18036354，强平价为0
2022-05-17 23:55:21 [INFO] - 此时价格为:127.94758269,开仓数量为-25.6,仓位为132.11418965，强平价为0
2022-05-17 23:55:24 [INFO] - 此时价格为:127.94150189,开仓数量为-25.9,仓位为132.05023657，强平价为0
2022-05-17 23:55:27 [INFO] - 此时价格为:128.02226124,开仓数量为-26.2,仓位为131.98854134，强平价为0
2022-05-17 23:55:30 [INFO] - 此时价格为:128.01549504,开仓数量为-26.5,仓位为131.92779481，强平价为0
2022-05-17 23:55:40 [INFO] - 此时价格为:128.05342367,开仓数量为-22.7,仓位为132.76564558，强平价为0
2022-05-17 23:55:44 [INFO] - 此时价格为:128.01933697,开仓数量为-23,仓位为132.68590614，强平价为0
2022-05-17 23:55:47 [INFO] - 此时价格为:128.01500528,开仓数量为-23.3,仓位为132.60834752，强平价为0
2022-05-17 23:55:49 [INFO] - 此时价格为:128.04,开仓数量为-23.6,仓位为132.53288653，强平价为0
2022-05-17 23:55:52 [INFO] - 此时价格为:128.04,开仓数量为-23.9,仓位为132.4590715，强平价为0
2022-05-17 23:55:55 [INFO] - 此时价格为:128.01517064,开仓数量为-24.2,仓位为132.38720929，强平价为0
2022-05-17 23:55:57 [INFO] - 此时价格为:128.04,开仓数量为-24.5,仓位为132.31783409，强平价为0
2022-05-17 23:56:00 [INFO] - 此时价格为:128.01765769,开仓数量为-24.8,仓位为132.24937908，强平价为0
2022-05-17 23:56:03 [INFO] - 此时价格为:128.04993279,开仓数量为-25.1,仓位为132.18200843，强平价为0
2022-05-17 23:56:05 [INFO] - 此时价格为:128.02,开仓数量为-25.4,仓位为132.11728126，强平价为0
2022-05-17 23:56:08 [INFO] - 此时价格为:128.01850918,开仓数量为-25.7,仓位为132.05314098，强平价为0
2022-05-17 23:56:14 [INFO] - 此时价格为:128.01835029,开仓数量为-26,仓位为131.99048088，强平价为0
2022-05-17 23:56:19 [INFO] - 此时价格为:128.01272595,开仓数量为-26.3,仓位为131.92936316，强平价为0
2022-05-17 23:56:24 [ERROR] - 下单异常
2022-05-17 23:56:24 [INFO] - 此时价格为:128.01386439,开仓数量为-26.6,仓位为131.86954964，强平价为0
2022-05-17 23:56:28 [ERROR] - 下单异常
2022-05-17 23:56:28 [INFO] - 此时价格为:128.01265232,开仓数量为-26.6,仓位为131.86954964，强平价为0
2022-05-17 23:56:32 [ERROR] - 下单异常
2022-05-17 23:56:32 [INFO] - 此时价格为:128.03668112,开仓数量为-26.6,仓位为131.86954964，强平价为0
2022-05-17 23:56:38 [INFO] - 此时价格为:128.0348167,开仓数量为-22.6,仓位为132.76712944，强平价为0
2022-05-17 23:56:45 [INFO] - 此时价格为:128.03270293,开仓数量为-22.9,仓位为132.68689271，强平价为0
2022-05-17 23:56:49 [INFO] - 此时价格为:128.04,开仓数量为-23.2,仓位为132.60975489，强平价为0
2022-05-17 23:56:57 [INFO] - 此时价格为:128.03180437,开仓数量为-23.5,仓位为132.53399694，强平价为0
2022-05-17 23:57:00 [INFO] - 此时价格为:128.0289131,开仓数量为-23.8,仓位为132.45985777，强平价为0
2022-05-17 23:57:09 [INFO] - 此时价格为:128.0288419,开仓数量为-24.1,仓位为132.38793398，强平价为0
