2022-05-18 00:01:07 [INFO] - 此时价格为:128.17345865,开仓数量为-22.6,仓位为132.72282508，强平价为0
2022-05-18 00:01:09 [INFO] - 此时价格为:128.01177905,开仓数量为-22.9,仓位为132.64265012，强平价为0
2022-05-18 00:03:43 [INFO] - 此时价格为:127.46604624,开仓数量为-23.2,仓位为132.56467664，强平价为0
2022-05-18 00:03:45 [INFO] - 此时价格为:127.44248184,开仓数量为-23.5,仓位为132.48010251，强平价为0
2022-05-18 00:03:47 [INFO] - 此时价格为:127.36240644,开仓数量为-26.3,仓位为131.78118965，强平价为0
2022-05-18 00:03:49 [INFO] - 此时价格为:127.17404565,开仓数量为-26.6,仓位为131.71385716，强平价为0
2022-05-18 00:03:51 [INFO] - 此时价格为:127.17404565,开仓数量为-26.9,仓位为131.64824725，强平价为0
2022-05-18 00:03:52 [INFO] - 此时价格为:127.25121249,开仓数量为-27.2,仓位为131.58408462，强平价为0
2022-05-18 00:03:55 [INFO] - 此时价格为:127.25121249,开仓数量为-27.5,仓位为131.52132191，强平价为0
2022-05-18 00:03:57 [INFO] - 此时价格为:127.25281489,开仓数量为-27.8,仓位为131.45980698，强平价为0
2022-05-18 00:03:59 [INFO] - 此时价格为:127.24920812,开仓数量为-28.1,仓位为131.39960554，强平价为0
2022-05-18 00:04:00 [INFO] - 此时价格为:127.24913092,开仓数量为-28.4,仓位为131.34126839，强平价为0
2022-05-18 00:04:03 [INFO] - 此时价格为:127.24913092,开仓数量为-29.2,仓位为131.19063657，强平价为0
2022-05-18 00:04:05 [INFO] - 此时价格为:127.24845193,开仓数量为-29.5,仓位为131.13663335，强平价为0
2022-05-18 00:04:07 [INFO] - 此时价格为:127.24768933,开仓数量为-29.8,仓位为131.08321928，强平价为0
2022-05-18 00:04:10 [ERROR] - 下单异常
2022-05-18 00:04:10 [INFO] - 此时价格为:127.23363969,开仓数量为-30.1,仓位为131.03096859，强平价为0
2022-05-18 00:04:12 [INFO] - 此时价格为:127.07356249,开仓数量为-30.1,仓位为131.03096859，强平价为0
2022-05-18 00:04:13 [INFO] - 此时价格为:127.07272269,开仓数量为-30.4,仓位为130.97760045，强平价为0
2022-05-18 00:04:14 [INFO] - 此时价格为:127.07087045,开仓数量为-30.7,仓位为130.92517863，强平价为0
2022-05-18 00:04:15 [ERROR] - 下单异常
2022-05-18 00:04:15 [INFO] - 此时价格为:127.07087045,开仓数量为-31,仓位为130.87396299，强平价为0
2022-05-18 00:04:16 [ERROR] - 下单异常
2022-05-18 00:04:16 [INFO] - 此时价格为:127.07247285,开仓数量为-31,仓位为130.87396299，强平价为0
2022-05-18 00:06:03 [ERROR] - 下单异常
2022-05-18 00:06:03 [INFO] - 此时价格为:127.1419859,开仓数量为-31,仓位为130.87396299，强平价为0
2022-05-18 00:06:09 [INFO] - 此时价格为:127.05964011,开仓数量为-31,仓位为130.87396299，强平价为0
2022-05-18 00:06:14 [INFO] - 此时价格为:126.95770493,开仓数量为-31.3,仓位为130.82334968，强平价为0
2022-05-18 00:06:18 [ERROR] - 下单异常
2022-05-18 00:06:18 [INFO] - 此时价格为:126.95766707,开仓数量为-31.6,仓位为130.77379132，强平价为0
2022-05-18 00:06:25 [ERROR] - 下单异常
2022-05-18 00:06:25 [INFO] - 此时价格为:126.9549103,开仓数量为-31.6,仓位为130.77379132，强平价为0
2022-05-18 00:06:38 [INFO] - 此时价格为:126.85372666,开仓数量为-31.6,仓位为130.77379132，强平价为0
2022-05-18 00:06:45 [INFO] - 此时价格为:126.84321194,开仓数量为-31.9,仓位为130.72339668，强平价为0
2022-05-18 00:06:52 [INFO] - 此时价格为:126.76043655,开仓数量为-32.2,仓位为130.67265015，强平价为0
2022-05-18 00:06:59 [INFO] - 此时价格为:126.69990148,开仓数量为-32.5,仓位为130.62274911，强平价为0
2022-05-18 00:07:04 [INFO] - 此时价格为:126.69639175,开仓数量为-32.8,仓位为130.57439456，强平价为0
2022-05-18 00:07:10 [INFO] - 此时价格为:126.61,开仓数量为-33.1,仓位为130.5261092，强平价为0
2022-05-18 00:07:16 [INFO] - 此时价格为:126.68506495,开仓数量为-33.4,仓位为130.47851346，强平价为0
2022-05-18 00:07:19 [INFO] - 此时价格为:126.60262455,开仓数量为-33.7,仓位为130.43141271，强平价为0
2022-05-18 00:07:24 [INFO] - 此时价格为:126.43536529,开仓数量为-34,仓位为130.38426987，强平价为0
2022-05-18 00:07:29 [INFO] - 此时价格为:126.51690885,开仓数量为-34.3,仓位为130.33803827，强平价为0
2022-05-18 00:07:33 [ERROR] - 下单异常
2022-05-18 00:07:33 [INFO] - 此时价格为:126.50462042,开仓数量为-34.6,仓位为130.2929516，强平价为0
2022-05-18 00:07:38 [ERROR] - 下单异常
2022-05-18 00:07:38 [INFO] - 此时价格为:126.50266427,开仓数量为-34.6,仓位为130.2929516，强平价为0
2022-05-18 00:07:41 [INFO] - 此时价格为:126.42109707,开仓数量为-34.6,仓位为130.2929516，强平价为0
2022-05-18 00:08:07 [INFO] - 此时价格为:126.48745696,开仓数量为-34.9,仓位为130.24793111，强平价为0
2022-05-18 00:08:11 [ERROR] - 下单异常
2022-05-18 00:08:11 [INFO] - 此时价格为:126.40821656,开仓数量为-35.2,仓位为130.20311569，强平价为0
2022-05-18 00:08:13 [INFO] - 此时价格为:126.40607888,开仓数量为-35.2,仓位为130.20311569，强平价为0
2022-05-18 00:08:21 [INFO] - 此时价格为:126.30424779,开仓数量为-35.5,仓位为130.15897408，强平价为0
2022-05-18 00:08:26 [INFO] - 此时价格为:126.30268759,开仓数量为-35.8,仓位为130.11515759，强平价为0
2022-05-18 00:09:30 [INFO] - 此时价格为:126.39092763,开仓数量为-36.1,仓位为130.0716581，强平价为0
2022-05-18 00:09:32 [INFO] - 此时价格为:126.31084743,开仓数量为-30.5,仓位为130.97150434，强平价为0
2022-05-18 00:09:35 [INFO] - 此时价格为:126.38,开仓数量为-31,仓位为130.87502181，强平价为0
2022-05-18 00:09:36 [INFO] - 此时价格为:126.4,开仓数量为-31.5,仓位为130.78238772，强平价为0
2022-05-18 00:09:39 [INFO] - 此时价格为:126.46345199,开仓数量为-32,仓位为130.69543197，强平价为0
2022-05-18 00:09:40 [INFO] - 此时价格为:126.61,开仓数量为-32.5,仓位为130.61252214，强平价为0
2022-05-18 00:09:42 [INFO] - 此时价格为:126.62,开仓数量为-33,仓位为130.53137495，强平价为0
2022-05-18 00:09:43 [INFO] - 此时价格为:126.56,开仓数量为-33.5,仓位为130.45194103，强平价为0
2022-05-18 00:09:55 [INFO] - 此时价格为:126.54589105,开仓数量为-34,仓位为130.37437766，强平价为0
2022-05-18 00:10:02 [ERROR] - 下单异常
2022-05-18 00:10:02 [INFO] - 此时价格为:126.4697698,开仓数量为-34.5,仓位为130.29777158，强平价为0
2022-05-18 00:10:04 [ERROR] - 下单异常
2022-05-18 00:10:04 [INFO] - 此时价格为:126.46893,开仓数量为-34.5,仓位为130.29777158，强平价为0
2022-05-18 00:10:05 [INFO] - 此时价格为:126.4672869,开仓数量为-34.5,仓位为130.29777158，强平价为0
2022-05-18 00:10:10 [ERROR] - 下单异常
2022-05-18 00:10:10 [INFO] - 此时价格为:126.44,开仓数量为-35,仓位为130.2239198，强平价为0
2022-05-18 00:10:11 [ERROR] - 下单异常
2022-05-18 00:10:11 [INFO] - 此时价格为:126.38742313,开仓数量为-35,仓位为130.2239198，强平价为0
2022-05-18 00:10:13 [ERROR] - 下单异常
2022-05-18 00:10:13 [INFO] - 此时价格为:126.39538333,开仓数量为-35,仓位为130.2239198，强平价为0
2022-05-18 00:10:15 [INFO] - 此时价格为:126.39440428,开仓数量为-35,仓位为130.2239198，强平价为0
2022-05-18 00:10:23 [INFO] - 此时价格为:126.39006959,开仓数量为-35.5,仓位为130.15089378，强平价为0
2022-05-18 00:10:30 [INFO] - 此时价格为:126.27537489,开仓数量为-36,仓位为130.07742202，强平价为0
2022-05-18 00:10:31 [INFO] - 此时价格为:126.10420029,开仓数量为-36.5,仓位为130.00311609，强平价为0
2022-05-18 00:10:33 [INFO] - 此时价格为:126.1779952,开仓数量为-37,仓位为129.93121966，强平价为0
2022-05-18 00:10:39 [INFO] - 此时价格为:126.04972494,开仓数量为-37.5,仓位为129.86190027，强平价为0
2022-05-18 00:11:10 [INFO] - 此时价格为:125.98,开仓数量为-38,仓位为129.79354559，强平价为0
2022-05-18 00:11:11 [INFO] - 此时价格为:125.87379925,开仓数量为-29,仓位为131.43149272，强平价为0
2022-05-18 00:11:13 [INFO] - 此时价格为:125.84942985,开仓数量为-29.5,仓位为131.31039792，强平价为0
2022-05-18 00:11:15 [INFO] - 此时价格为:125.79,开仓数量为-30,仓位为131.19449425，强平价为0
2022-05-18 00:11:17 [INFO] - 此时价格为:125.7612494,开仓数量为-30.5,仓位为131.08011926，强平价为0
2022-05-18 00:11:18 [INFO] - 此时价格为:125.6760756,开仓数量为-31,仓位为130.97064697，强平价为0
2022-05-18 00:11:19 [INFO] - 此时价格为:125.71503453,开仓数量为-31.5,仓位为130.86439864，强平价为0
2022-05-18 00:11:20 [INFO] - 此时价格为:125.71578873,开仓数量为-32,仓位为130.76153242，强平价为0
2022-05-18 00:11:22 [INFO] - 此时价格为:125.71578873,开仓数量为-32.5,仓位为130.66237946，强平价为0
2022-05-18 00:11:23 [INFO] - 此时价格为:125.71503453,开仓数量为-33,仓位为130.56377188，强平价为0
2022-05-18 00:11:25 [INFO] - 此时价格为:125.62563808,开仓数量为-33.5,仓位为130.46846232，强平价为0
2022-05-18 00:11:26 [INFO] - 此时价格为:125.62730608,开仓数量为-34,仓位为129.50263031，强平价为0
2022-05-18 00:11:28 [INFO] - 此时价格为:125.5427889,开仓数量为-34.5,仓位为129.42560565，强平价为0
2022-05-18 00:11:29 [INFO] - 此时价格为:125.5435431,开仓数量为-35,仓位为129.34993338，强平价为0
2022-05-18 00:11:32 [INFO] - 此时价格为:125.3575265,开仓数量为-35.5,仓位为129.27625332，强平价为0
2022-05-18 00:11:35 [INFO] - 此时价格为:125.26725843,开仓数量为-36,仓位为129.20035871，强平价为0
2022-05-18 00:11:37 [INFO] - 此时价格为:125.29453823,开仓数量为-36.5,仓位为129.12716705，强平价为0
2022-05-18 00:11:49 [INFO] - 此时价格为:125.29,开仓数量为-37,仓位为129.05565931，强平价为0
2022-05-18 00:12:21 [INFO] - 此时价格为:125.12439543,开仓数量为-37.5,仓位为128.98640155，强平价为0
2022-05-18 00:12:28 [ERROR] - 下单异常
2022-05-18 00:12:28 [INFO] - 此时价格为:125.1,开仓数量为-38,仓位为128.91831524，强平价为0
2022-05-18 00:12:31 [INFO] - 此时价格为:125.13,开仓数量为-38,仓位为128.91831524，强平价为0
2022-05-18 00:12:53 [INFO] - 此时价格为:125.16851094,开仓数量为-38.5,仓位为128.85186886，强平价为0
2022-05-18 00:12:54 [INFO] - 此时价格为:125,开仓数量为-39,仓位为128.77473333，强平价为0
2022-05-18 00:12:55 [ERROR] - 下单异常
2022-05-18 00:12:55 [INFO] - 此时价格为:124.92371094,开仓数量为-39.5,仓位为128.68576713，强平价为0
2022-05-18 00:12:57 [ERROR] - 下单异常
2022-05-18 00:12:57 [INFO] - 此时价格为:124.99,开仓数量为-39.5,仓位为128.68576713，强平价为0
2022-05-18 00:13:40 [INFO] - 此时价格为:124.93987163,开仓数量为-39.5,仓位为128.68576713，强平价为0
2022-05-18 00:13:58 [ERROR] - 下单异常
2022-05-18 00:13:58 [INFO] - 此时价格为:124.81292948,开仓数量为-40,仓位为128.5996346，强平价为0
2022-05-18 00:14:00 [ERROR] - 下单异常
2022-05-18 00:14:00 [INFO] - 此时价格为:124.81292948,开仓数量为-40,仓位为128.5996346，强平价为0
2022-05-18 00:14:02 [ERROR] - 下单异常
2022-05-18 00:14:02 [INFO] - 此时价格为:124.80922815,开仓数量为-40,仓位为128.5996346，强平价为0
2022-05-18 00:14:03 [ERROR] - 下单异常
2022-05-18 00:14:03 [INFO] - 此时价格为:124.80997635,开仓数量为-40,仓位为128.5996346，强平价为0
2022-05-18 00:14:05 [ERROR] - 下单异常
2022-05-18 00:14:05 [INFO] - 此时价格为:124.80997635,开仓数量为-40,仓位为128.5996346，强平价为0
2022-05-18 00:14:07 [ERROR] - 下单异常
2022-05-18 00:14:07 [INFO] - 此时价格为:124.80720582,开仓数量为-40,仓位为128.5996346，强平价为0
2022-05-18 00:14:09 [ERROR] - 下单异常
2022-05-18 00:14:09 [INFO] - 此时价格为:124.7,开仓数量为-40,仓位为128.5996346，强平价为0
2022-05-18 00:14:13 [ERROR] - 下单异常
2022-05-18 00:14:13 [INFO] - 此时价格为:124.72583814,开仓数量为-40,仓位为128.5996346，强平价为0
2022-05-18 00:14:15 [ERROR] - 下单异常
2022-05-18 00:14:15 [INFO] - 此时价格为:124.81,开仓数量为-40,仓位为128.5996346，强平价为0
2022-05-18 00:14:17 [ERROR] - 下单异常
2022-05-18 00:14:17 [INFO] - 此时价格为:124.80345961,开仓数量为-40,仓位为128.5996346，强平价为0
2022-05-18 00:14:20 [ERROR] - 下单异常
2022-05-18 00:14:20 [INFO] - 此时价格为:124.81,开仓数量为-40,仓位为128.5996346，强平价为0
2022-05-18 00:14:23 [ERROR] - 下单异常
2022-05-18 00:14:23 [INFO] - 此时价格为:124.78,开仓数量为-40,仓位为128.5996346，强平价为0
2022-05-18 00:14:26 [ERROR] - 下单异常
2022-05-18 00:14:26 [INFO] - 此时价格为:124.83,开仓数量为-40,仓位为128.5996346，强平价为0
2022-05-18 00:14:29 [ERROR] - 下单异常
2022-05-18 00:14:29 [INFO] - 此时价格为:124.85442722,开仓数量为-40,仓位为128.5996346，强平价为0
2022-05-18 00:16:34 [ERROR] - 下单异常
2022-05-18 00:16:34 [INFO] - 此时价格为:124.81,开仓数量为-40,仓位为128.5996346，强平价为0
2022-05-18 00:16:36 [ERROR] - 下单异常
2022-05-18 00:16:36 [INFO] - 此时价格为:124.82,开仓数量为-40,仓位为128.5996346，强平价为0
2022-05-18 00:16:37 [ERROR] - 下单异常
2022-05-18 00:16:37 [INFO] - 此时价格为:124.83,开仓数量为-40,仓位为128.5996346，强平价为0
2022-05-18 00:16:39 [ERROR] - 下单异常
2022-05-18 00:16:39 [INFO] - 此时价格为:124.81,开仓数量为-40,仓位为128.5996346，强平价为0
2022-05-18 00:16:41 [ERROR] - 下单异常
2022-05-18 00:16:41 [INFO] - 此时价格为:124.83,开仓数量为-40,仓位为128.5996346，强平价为0
2022-05-18 00:16:42 [ERROR] - 下单异常
2022-05-18 00:16:42 [INFO] - 此时价格为:124.84,开仓数量为-40,仓位为128.5996346，强平价为0
2022-05-18 00:16:44 [ERROR] - 下单异常
2022-05-18 00:16:44 [INFO] - 此时价格为:124.84,开仓数量为-40,仓位为128.5996346，强平价为0
2022-05-18 00:16:45 [ERROR] - 下单异常
2022-05-18 00:16:45 [INFO] - 此时价格为:124.84,开仓数量为-40,仓位为128.5996346，强平价为0
2022-05-18 00:16:47 [ERROR] - 下单异常
2022-05-18 00:16:47 [INFO] - 此时价格为:124.86,开仓数量为-40,仓位为128.5996346，强平价为0
2022-05-18 00:16:49 [ERROR] - 下单异常
2022-05-18 00:16:49 [INFO] - 此时价格为:124.84,开仓数量为-40,仓位为128.5996346，强平价为0
2022-05-18 00:17:14 [ERROR] - 下单异常
2022-05-18 00:17:14 [INFO] - 此时价格为:124.55999488,开仓数量为-40,仓位为128.5996346，强平价为0
2022-05-18 00:17:15 [ERROR] - 下单异常
2022-05-18 00:17:15 [INFO] - 此时价格为:124.55,开仓数量为-40,仓位为128.5996346，强平价为0
2022-05-18 00:17:16 [ERROR] - 下单异常
2022-05-18 00:17:16 [INFO] - 此时价格为:124.62244946,开仓数量为-40,仓位为128.5996346，强平价为0
2022-05-18 00:17:21 [ERROR] - 下单异常
2022-05-18 00:17:21 [INFO] - 此时价格为:124.90696223,开仓数量为-40,仓位为128.5996346，强平价为0
2022-05-18 00:17:22 [ERROR] - 下单异常
2022-05-18 00:17:22 [INFO] - 此时价格为:124.8,开仓数量为-40,仓位为128.5996346，强平价为0
2022-05-18 00:17:23 [ERROR] - 下单异常
2022-05-18 00:17:23 [INFO] - 此时价格为:124.78,开仓数量为-40,仓位为128.5996346，强平价为0
2022-05-18 00:17:25 [ERROR] - 下单异常
2022-05-18 00:17:25 [INFO] - 此时价格为:124.79,开仓数量为-40,仓位为128.5996346，强平价为0
2022-05-18 00:17:27 [ERROR] - 下单异常
2022-05-18 00:17:27 [INFO] - 此时价格为:124.79,开仓数量为-40,仓位为128.5996346，强平价为0
2022-05-18 00:17:28 [ERROR] - 下单异常
2022-05-18 00:17:28 [INFO] - 此时价格为:124.71,开仓数量为-40,仓位为128.5996346，强平价为0
2022-05-18 00:17:29 [ERROR] - 下单异常
2022-05-18 00:17:29 [INFO] - 此时价格为:124.74,开仓数量为-40,仓位为128.5996346，强平价为0
2022-05-18 00:17:31 [ERROR] - 下单异常
2022-05-18 00:17:31 [INFO] - 此时价格为:124.84,开仓数量为-40,仓位为128.5996346，强平价为0
2022-05-18 00:17:32 [ERROR] - 下单异常
2022-05-18 00:17:32 [INFO] - 此时价格为:124.84,开仓数量为-40,仓位为128.5996346，强平价为0
2022-05-18 00:17:33 [ERROR] - 下单异常
2022-05-18 00:17:33 [INFO] - 此时价格为:124.74,开仓数量为-40,仓位为128.5996346，强平价为0
2022-05-18 00:17:34 [ERROR] - 下单异常
2022-05-18 00:17:34 [INFO] - 此时价格为:124.76,开仓数量为-40,仓位为128.5996346，强平价为0
2022-05-18 00:17:35 [ERROR] - 下单异常
2022-05-18 00:17:35 [INFO] - 此时价格为:124.76,开仓数量为-40,仓位为128.5996346，强平价为0
2022-05-18 00:17:36 [ERROR] - 下单异常
2022-05-18 00:17:36 [INFO] - 此时价格为:124.77,开仓数量为-40,仓位为128.5996346，强平价为0
2022-05-18 00:17:38 [ERROR] - 下单异常
2022-05-18 00:17:38 [INFO] - 此时价格为:124.77,开仓数量为-40,仓位为128.5996346，强平价为0
2022-05-18 00:17:39 [ERROR] - 下单异常
2022-05-18 00:17:39 [INFO] - 此时价格为:124.76,开仓数量为-40,仓位为128.5996346，强平价为0
2022-05-18 00:17:41 [ERROR] - 下单异常
2022-05-18 00:17:41 [INFO] - 此时价格为:124.90853582,开仓数量为-40,仓位为128.5996346，强平价为0
2022-05-18 00:17:58 [ERROR] - 下单异常
2022-05-18 00:17:58 [INFO] - 此时价格为:124.94,开仓数量为-40,仓位为128.5996346，强平价为0
2022-05-18 00:18:00 [INFO] - 此时价格为:124.72334557,开仓数量为-30,仓位为130.32774774，强平价为0
2022-05-18 00:18:02 [INFO] - 此时价格为:124.72342317,开仓数量为-30.5,仓位为130.2149265，强平价为0
2022-05-18 00:18:05 [INFO] - 此时价格为:124.65,开仓数量为-31,仓位为130.10453146，强平价为0
2022-05-18 00:18:09 [INFO] - 此时价格为:124.68,开仓数量为-31.5,仓位为129.99804947，强平价为0
2022-05-18 00:18:13 [INFO] - 此时价格为:124.68,开仓数量为-32,仓位为129.89489504，强平价为0
2022-05-18 00:18:16 [INFO] - 此时价格为:124.73,开仓数量为-32.5,仓位为129.79506687，强平价为0
2022-05-18 00:18:32 [ERROR] - 下单异常
2022-05-18 00:18:32 [INFO] - 此时价格为:124.7,开仓数量为-33,仓位为129.69871365，强平价为0
2022-05-18 00:19:16 [INFO] - 此时价格为:124.65,开仓数量为-33,仓位为129.69871365，强平价为0
2022-05-18 00:19:21 [INFO] - 此时价格为:124.57,开仓数量为-33.5,仓位为129.60257774，强平价为0
2022-05-18 00:20:52 [ERROR] - 下单异常
2022-05-18 00:20:52 [INFO] - 此时价格为:124.56,开仓数量为-34,仓位为129.50926936，强平价为0
2022-05-18 00:20:56 [ERROR] - 下单异常
2022-05-18 00:20:56 [INFO] - 此时价格为:124.5,开仓数量为-34,仓位为129.50926936，强平价为0
2022-05-18 00:27:38 [INFO] - 此时价格为:125.79317052,开仓数量为-34,仓位为131.05265899，强平价为0
2022-05-18 00:27:41 [INFO] - 此时价格为:126.10831677,开仓数量为-34.5,仓位为131.53029617，强平价为0
2022-05-18 00:27:42 [INFO] - 此时价格为:125.78756257,开仓数量为-35,仓位为131.42568797，强平价为0
2022-05-18 00:27:44 [INFO] - 此时价格为:125.77630117,开仓数量为-35.5,仓位为131.32424952，强平价为0
2022-05-18 00:27:46 [INFO] - 此时价格为:125.68597889,开仓数量为-36,仓位为131.22430921，强平价为0
2022-05-18 00:27:47 [INFO] - 此时价格为:125.68681869,开仓数量为-36.5,仓位为131.12754081，强平价为0
2022-05-18 00:27:49 [INFO] - 此时价格为:125.76757109,开仓数量为-37,仓位为131.03282607，强平价为0
2022-05-18 00:27:50 [INFO] - 此时价格为:125.60381525,开仓数量为-37.5,仓位为130.94050509，强平价为0
2022-05-18 00:27:53 [INFO] - 此时价格为:125.68390265,开仓数量为-38,仓位为130.85139495，强平价为0
2022-05-18 00:27:55 [INFO] - 此时价格为:125.68381525,开仓数量为-38.5,仓位为130.75110428，强平价为0
2022-05-18 00:28:09 [INFO] - 此时价格为:125.67857574,开仓数量为-39,仓位为130.64366121，强平价为0
2022-05-18 00:28:36 [INFO] - 此时价格为:125.51745693,开仓数量为-39.5,仓位为130.53930854，强平价为0
2022-05-18 00:29:45 [ERROR] - 下单异常
2022-05-18 00:29:45 [INFO] - 此时价格为:125.47093246,开仓数量为-40,仓位为130.43524855，强平价为0
2022-05-18 00:29:47 [ERROR] - 下单异常
2022-05-18 00:29:47 [INFO] - 此时价格为:125.46896803,开仓数量为-40,仓位为130.43524855，强平价为0
2022-05-18 00:29:49 [ERROR] - 下单异常
2022-05-18 00:29:49 [INFO] - 此时价格为:125.47055903,开仓数量为-40,仓位为130.43524855，强平价为0
2022-05-18 00:29:51 [INFO] - 此时价格为:125.46896803,开仓数量为-40,仓位为130.43524855，强平价为0
2022-05-18 00:30:24 [INFO] - 此时价格为:125.29276746,开仓数量为-40.5,仓位为130.33493784，强平价为0
2022-05-18 00:30:26 [ERROR] - 下单异常
2022-05-18 00:30:26 [INFO] - 此时价格为:125.29351866,开仓数量为-41,仓位为130.2346，强平价为0
2022-05-18 00:30:35 [INFO] - 此时价格为:125.2815861,开仓数量为-41,仓位为130.2346，强平价为0
2022-05-18 00:30:50 [ERROR] - 下单异常
2022-05-18 00:30:50 [INFO] - 此时价格为:125.24301004,开仓数量为-41.5,仓位为130.13503499，强平价为0
2022-05-18 00:30:54 [INFO] - 此时价格为:125.24544024,开仓数量为-41.5,仓位为130.13503499，强平价为0
2022-05-18 01:54:55 [ERROR] - 获取仓位异常
2022-05-18 01:55:00 [ERROR] - 获取余额异常
