2022-05-21 21:48:18 [INFO] - 此时BNXUSDT：价格为：116.96221333开仓价格为:117.9097067462,开仓数量为：-72.3,盈利为：68.50377399126，强平价为：127.84587814,账户余额为：810.81776244
2022-05-21 21:50:51 [INFO] - 此时BNXUSDT：价格为：116.97开仓价格为:117.8720906368,开仓数量为：-75,盈利为：67.6567977600，强平价为：127.40723889,账户余额为：810.69154844
2022-05-21 21:50:52 [INFO] - 此时BNXUSDT：价格为：116.87428043开仓价格为:117.8677795188,开仓数量为：-75.3,盈利为：74.81048138664，强平价为：127.36014793,账户余额为：810.67753364
2022-05-21 21:51:17 [INFO] - 此时BNXUSDT：价格为：116.79145893开仓价格为:117.8635026159,开仓数量为：-75.6,盈利为：81.04650265404，强平价为：127.31343072,账户余额为：810.66351884
2022-05-21 21:51:18 [INFO] - 此时BNXUSDT：价格为：116.78797403开仓价格为:117.8587852143,开仓数量为：-75.9,盈利为：81.27456888837，强平价为：127.26661339,账户余额为：810.64951844
2022-05-21 21:53:58 [INFO] - 此时BNXUSDT：价格为：116.7707025开仓价格为:117.8541049576,开仓数量为：-76.2,盈利为：82.55526726912，强平价为：127.22016469,账户余额为：810.63551804
2022-05-21 21:54:27 [INFO] - 此时BNXUSDT：价格为：116.76开仓价格为:117.8495398401,开仓数量为：-76.5,盈利为：83.34979776765，强平价为：127.17415794,账户余额为：810.62151524
2022-05-21 21:54:50 [INFO] - 此时BNXUSDT：价格为：116.68461971开仓价格为:117.8449713251,开仓数量为：-76.8,盈利为：89.11500403968，强平价为：127.12847193,账户余额为：810.60751364
2022-05-21 21:56:13 [INFO] - 此时BNXUSDT：价格为：116.68078555开仓价格为:117.8403994522,开仓数量为：-77.1,盈利为：89.40623185962，强平价为：127.08310296,账户余额为：810.59351324
2022-05-21 21:56:14 [INFO] - 此时BNXUSDT：价格为：116.60078555开仓价格为:117.8352816249,开仓数量为：-77.4,盈利为：95.54999619726，强平价为：127.03751027,账户余额为：810.57953084
2022-05-21 21:56:29 [INFO] - 此时BNXUSDT：价格为：116.51784376开仓价格为:117.8302033175,开仓数量为：-77.7,盈利为：101.97033761775，强平价为：126.99226965,账户余额为：810.56554844
2022-05-21 21:56:30 [INFO] - 此时BNXUSDT：价格为：116.51861536开仓价格为:117.8247794586,开仓数量为：-78,盈利为：101.8807996908，强平价为：126.94699638,账户余额为：810.55157804
2022-05-21 21:56:34 [INFO] - 此时BNXUSDT：价格为：116.41168711开仓价格为:117.8193971618,开仓数量为：-78.3,盈利为：110.22369705594，强平价为：126.90207004,账户余额为：810.53760764
2022-05-21 21:56:35 [INFO] - 此时BNXUSDT：价格为：116.41168711开仓价格为:117.8132925925,开仓数量为：-78.6,盈利为：110.16619092450，强平价为：126.85673115,账户余额为：810.52366124
2022-05-21 21:56:44 [INFO] - 此时BNXUSDT：价格为：116.36514128开仓价格为:117.8072344458,开仓数量为：-78.9,盈利为：113.78115078162，强平价为：126.81173703,账户余额为：810.50971484
2022-05-21 21:56:53 [INFO] - 此时BNXUSDT：价格为：116.35518472开仓价格为:117.8012600729,开仓数量为：-79.2,盈利为：114.52916794968，强平价为：126.76712127,账户余额为：810.49576724
2022-05-21 21:58:08 [INFO] - 此时BNXUSDT：价格为：116.28开仓价格为:117.7954439972,开仓数量为：-79.5,盈利为：120.47779777740，强平价为：126.72295427,账户余额为：810.48181604
2022-05-21 21:58:09 [INFO] - 此时BNXUSDT：价格为：116.25开仓价格为:117.7896340574,开仓数量为：-79.8,盈利为：122.86279778052，强平价为：126.67908215,账户余额为：810.46786604
2022-05-21 22:02:36 [INFO] - 此时BNXUSDT：价格为：116.23923272开仓价格为:117.7838676377,开仓数量为：-80.1,盈利为：123.72525690777，强平价为：126.63553866,账户余额为：810.45391604
2022-05-21 22:02:38 [INFO] - 此时BNXUSDT：价格为：116.19开仓价格为:117.7776218629,开仓数量为：-80.4,盈利为：127.64479777716，强平价为：126.59180312,账户余额为：810.43998284
2022-05-21 22:02:39 [INFO] - 此时BNXUSDT：价格为：116.15365272开仓价格为:117.7714225251,开仓数量为：-80.7,盈利为：130.55402327157，强平价为：126.54839274,账户余额为：810.42604964
2022-05-21 22:11:07 [ERROR] - 获取余额异常[Invoking] Unexpected error: timeout
2022-05-21 22:14:45 [ERROR] - 获取余额异常[Invoking] Unexpected error: Read timed out
2022-05-21 22:14:51 [ERROR] - 获取仓位异常[Invoking] Unexpected error: Remote host closed connection during handshake
2022-05-21 22:15:09 [ERROR] - 获取余额异常[Invoking] Unexpected error: timeout
2022-05-21 22:19:13 [ERROR] - 下单异常[Executing] -2019: Margin is insufficient.
2022-05-21 22:19:13 [INFO] - 此时BNXUSDT：价格为：116.2077999开仓价格为:117.7652691083,开仓数量为：-81,盈利为：0，强平价为：126.50530392,账户余额为：810.41211644
2022-05-21 22:19:14 [ERROR] - 下单异常[Executing] -2019: Margin is insufficient.
2022-05-21 22:19:14 [INFO] - 此时BNXUSDT：价格为：116.11开仓价格为:117.7652691083,开仓数量为：-81,盈利为：0，强平价为：126.50530392,账户余额为：810.41211644
2022-05-21 22:19:28 [INFO] - 此时BNXUSDT：价格为：116.09开仓价格为:117.7652691083,开仓数量为：-81,盈利为：135.6967977723，强平价为：126.50530392,账户余额为：810.41211644
2022-05-21 22:19:32 [INFO] - 此时BNXUSDT：价格为：116.07开仓价格为:117.7590504031,开仓数量为：-81.3,盈利为：137.31979777203，强平价为：126.46242354,账户余额为：810.39818684
2022-05-21 22:23:06 [ERROR] - 下单异常[Executing] -2019: Margin is insufficient.
2022-05-21 22:23:06 [INFO] - 此时BNXUSDT：价格为：116.03731455开仓价格为:117.7528774237,开仓数量为：-81.6,盈利为：0，强平价为：126.41985846,账户余额为：810.38425724
2022-05-21 22:23:10 [INFO] - 此时BNXUSDT：价格为：116.03506487开仓价格为:117.7528774237,开仓数量为：-81.6,盈利为：140.17350438192，强平价为：126.41985846,账户余额为：810.38425724
2022-05-21 22:25:26 [INFO] - 此时BNXUSDT：价格为：116.09424134开仓价格为:117.7462368471,开仓数量为：-81.9,盈利为：135.29843203149，强平价为：126.37709766,账户余额为：810.37034444
2022-05-21 22:25:28 [INFO] - 此时BNXUSDT：价格为：115.93165894开仓价格为:117.7394622601,开仓数量为：-82.2,盈利为：148.60143291222，强平价为：126.3344684,账户余额为：810.35643764
2022-05-21 22:38:03 [INFO] - 此时BNXUSDT：价格为：115.89开仓价格为:117.7327733064,开仓数量为：-82.5,盈利为：152.02879777800，强平价为：126.29218514,账户余额为：810.34252964
2022-05-21 22:38:05 [INFO] - 此时BNXUSDT：价格为：115.84997623开仓价格为:117.7259878959,开仓数量为：-82.8,盈利为：155.33376593652，强平价为：126.25006486,账户余额为：810.32862644
2022-05-21 22:38:06 [INFO] - 此时BNXUSDT：价格为：115.84816944开仓价格为:117.7188543656,开仓数量为：-83.1,盈利为：155.45391731736，强平价为：126.20785566,账户余额为：810.31473644
2022-05-21 22:38:40 [INFO] - 此时BNXUSDT：价格为：115.87开仓价格为:117.7119160405,开仓数量为：-83.4,盈利为：153.61579777770，强平价为：126.16609254,账户余额为：810.30084164
2022-05-21 22:38:41 [INFO] - 此时BNXUSDT：价格为：115.75835847开仓价格为:117.7046331873,开仓数量为：-83.7,盈利为：162.90319383801，强平价为：126.12423858,账户余额为：810.28696004
2022-05-21 22:38:52 [INFO] - 此时BNXUSDT：价格为：115.72322209开仓价格为:117.6974142592,开仓数量为：-84,盈利为：165.8321422128，强平价为：126.08269537,账户余额为：810.27307804
2022-05-21 22:39:43 [INFO] - 此时BNXUSDT：价格为：115.61874823开仓价格为:117.6902704362,开仓数量为：-84.3,盈利为：174.62932198266，强平价为：126.04147132,账户余额为：810.25919524
2022-05-21 22:39:45 [INFO] - 此时BNXUSDT：价格为：115.61951203开仓价格为:117.6825744417,开仓数量为：-84.6,盈利为：174.53508002982，强平价为：125.99994301,账户余额为：810.24533284
2022-05-21 22:39:46 [INFO] - 此时BNXUSDT：价格为：115.62020563开仓价格为:117.6748857216,开仓数量为：-84.9,盈利为：174.44233977684，强平价为：125.95866155,账户余额为：810.23147204
2022-05-22 00:03:00 [INFO] - 此时BNXUSDT：价格为：117.23846891开仓价格为:117.6672276733,开仓数量为：-85.2,盈利为：36.53024663316，强平价为：125.92855567,账户余额为：817.72072531
2022-05-22 00:03:16 [ERROR] - 下单异常[Executing] -2019: Margin is insufficient.
2022-05-22 00:03:16 [INFO] - 此时BNXUSDT：价格为：117.32200632开仓价格为:117.621692338,开仓数量为：-56.1,盈利为：0，强平价为：130.92347121,账户余额为：819.67786268
2022-05-22 00:03:19 [ERROR] - 下单异常[Executing] -2019: Margin is insufficient.
2022-05-22 00:03:19 [INFO] - 此时BNXUSDT：价格为：117.32200632开仓价格为:117.5904378238,开仓数量为：-66.1,盈利为：0，强平价为：129.24508203,账户余额为：819.04377228
2022-05-22 00:03:20 [INFO] - 此时BNXUSDT：价格为：117.34159816开仓价格为:117.5890831855,开仓数量为：-66.6,盈利为：16.48250269830，强平价为：129.17432877,账户余额为：819.01089268
2022-05-22 00:03:42 [INFO] - 此时BNXUSDT：价格为：117.41964211开仓价格为:117.5881007497,开仓数量为：-66.9,盈利为：11.26988299593，强平价为：129.11263023,账户余额为：818.31275089
2022-05-22 00:03:46 [INFO] - 此时BNXUSDT：价格为：117.33开仓价格为:117.4936159383,开仓数量为：-66.2,盈利为：10.83137511546，强平价为：129.12048569,账户余额为：816.77720049
2022-05-22 00:03:48 [INFO] - 此时BNXUSDT：价格为：117.33开仓价格为:117.4925620318,开仓数量为：-66.5,盈利为：10.81037511470，强平价为：129.05813209,账户余额为：816.76312929
2022-05-22 00:05:29 [ERROR] - 下单异常[Executing] -2019: Margin is insufficient.
2022-05-22 00:05:29 [INFO] - 此时BNXUSDT：价格为：117.40667256开仓价格为:117.4915175915,开仓数量为：-50.1,盈利为：0，强平价为：133.58295087,账户余额为：818.36051665
2022-05-22 00:05:31 [INFO] - 此时BNXUSDT：价格为：117.41028597开仓价格为:117.4602632403,开仓数量为：-60.9,盈利为：3.04361576127，强平价为：130.28756951,账户余额为：817.85371465
2022-05-22 00:05:49 [INFO] - 此时BNXUSDT：价格为：117.31566914开仓价格为:117.4454550202,开仓数量为：-66,盈利为：8.5658680932，强平价为：129.1243316,账户余额为：817.61448665
2022-05-22 00:05:50 [INFO] - 此时BNXUSDT：价格为：117.31638669开仓价格为:117.443982373,开仓数量为：-66.3,盈利为：8.4595937829，强平价为：129.06109737,账户余额为：817.60043225
2022-05-22 00:06:31 [ERROR] - 下单异常[Executing] -2019: Margin is insufficient.
2022-05-22 00:06:31 [INFO] - 此时BNXUSDT：价格为：117.27626252开仓价格为:117.4425229929,开仓数量为：-66.6,盈利为：0，强平价为：128.99846562,账户余额为：817.58637785
2022-05-22 00:06:32 [INFO] - 此时BNXUSDT：价格为：117.27626252开仓价格为:117.4425229929,开仓数量为：-66.6,盈利为：11.07294749514，强平价为：128.99846562,账户余额为：817.58637785
2022-05-22 00:07:54 [ERROR] - 下单异常[Executing] -2019: Margin is insufficient.
2022-05-22 00:07:54 [INFO] - 此时BNXUSDT：价格为：117.22646444开仓价格为:117.4414354458,开仓数量为：-66.9,盈利为：0，强平价为：128.93680319,账户余额为：817.57231385
2022-05-22 00:07:59 [INFO] - 此时BNXUSDT：价格为：117.22394913开仓价格为:117.4414354458,开仓数量为：-66.9,盈利为：14.54983452702，强平价为：128.93680319,账户余额为：817.57231385
2022-05-22 00:08:53 [INFO] - 此时BNXUSDT：价格为：117.1972961开仓价格为:117.4403576089,开仓数量为：-67.2,盈利为：16.33373339808，强平价为：128.87572273,账户余额为：817.55824985
2022-05-22 00:08:54 [INFO] - 此时BNXUSDT：价格为：117.06开仓价格为:117.4347141163,开仓数量为：-68.1,盈利为：25.51803132003，强平价为：128.693313,账户余额为：817.51612505
2022-05-22 00:09:11 [INFO] - 此时BNXUSDT：价格为：116.85开仓价格为:117.4328074754,开仓数量为：-68.4,盈利为：39.86403131736，强平价为：128.63357509,账户余额为：817.50208505
2022-05-22 00:09:34 [INFO] - 此时BNXUSDT：价格为：116.81802613开仓价格为:117.4246324866,开仓数量为：-69.3,盈利为：42.03782051238，强平价为：128.45496859,账户余额为：817.46003585
2022-05-22 00:14:46 [INFO] - 此时BNXUSDT：价格为：116.73431365开仓价格为:117.4219401052,开仓数量为：-69.6,盈利为：47.85880128192，强平价为：128.396501,账户余额为：817.44601985
2022-05-22 00:14:48 [ERROR] - 下单异常[Executing] -2019: Margin is insufficient.
2022-05-22 00:14:48 [INFO] - 此时BNXUSDT：价格为：116.73305109开仓价格为:117.4185412206,开仓数量为：-69.9,盈利为：0，强平价为：128.33780112,账户余额为：817.43202425
2022-05-22 00:14:49 [ERROR] - 下单异常[Executing] -2019: Margin is insufficient.
2022-05-22 00:14:49 [INFO] - 此时BNXUSDT：价格为：116.73235029开仓价格为:117.4185412206,开仓数量为：-69.9,盈利为：0，强平价为：128.33780112,账户余额为：817.43202425
2022-05-22 00:14:50 [ERROR] - 下单异常[Executing] -2019: Margin is insufficient.
2022-05-22 00:14:50 [INFO] - 此时BNXUSDT：价格为：116.73235029开仓价格为:117.4185412206,开仓数量为：-69.9,盈利为：0，强平价为：128.33780112,账户余额为：817.43202425
2022-05-22 00:14:51 [ERROR] - 下单异常[Executing] -2019: Margin is insufficient.
2022-05-22 00:14:51 [INFO] - 此时BNXUSDT：价格为：116.73235029开仓价格为:117.4185412206,开仓数量为：-69.9,盈利为：0，强平价为：128.33780112,账户余额为：817.43202425
2022-05-22 00:14:53 [ERROR] - 下单异常[Executing] -2019: Margin is insufficient.
2022-05-22 00:14:53 [INFO] - 此时BNXUSDT：价格为：116.73305109开仓价格为:117.4185412206,开仓数量为：-69.9,盈利为：0，强平价为：128.33780112,账户余额为：817.43202425
2022-05-22 00:14:54 [ERROR] - 下单异常[Executing] -2019: Margin is insufficient.
2022-05-22 00:14:54 [INFO] - 此时BNXUSDT：价格为：116.73309536开仓价格为:117.4185412206,开仓数量为：-69.9,盈利为：0，强平价为：128.33780112,账户余额为：817.43202425
2022-05-22 00:14:56 [ERROR] - 下单异常[Executing] -2019: Margin is insufficient.
2022-05-22 00:14:56 [INFO] - 此时BNXUSDT：价格为：116.73239456开仓价格为:117.4185412206,开仓数量为：-69.9,盈利为：0，强平价为：128.33780112,账户余额为：817.43202425
2022-05-22 00:14:57 [INFO] - 此时BNXUSDT：价格为：116.72834136开仓价格为:117.4185412206,开仓数量为：-69.9,盈利为：48.24497025594，强平价为：128.33780112,账户余额为：817.43202425
2022-05-22 00:16:25 [INFO] - 此时BNXUSDT：价格为：116.78911642开仓价格为:117.4152995915,开仓数量为：-70.2,盈利为：43.95805863930，强平价为：128.27976407,账户余额为：817.41802505
2022-05-22 00:16:26 [INFO] - 此时BNXUSDT：价格为：116.61514842开仓价格为:117.4114756216,开仓数量为：-70.5,盈利为：56.14106771280，强平价为：128.22161136,账户余额为：817.40404305
2022-05-22 00:16:33 [ERROR] - 下单异常[Executing] -2019: Margin is insufficient.
2022-05-22 00:16:33 [INFO] - 此时BNXUSDT：价格为：116.58920354开仓价格为:117.4078253012,开仓数量为：-70.8,盈利为：0，强平价为：128.16412541,账户余额为：817.39005705
2022-05-22 00:16:35 [ERROR] - 下单异常[Executing] -2019: Margin is insufficient.
2022-05-22 00:16:35 [INFO] - 此时BNXUSDT：价格为：116.58920354开仓价格为:117.4078253012,开仓数量为：-70.8,盈利为：0，强平价为：128.16412541,账户余额为：817.39005705
2022-05-22 00:16:36 [ERROR] - 下单异常[Executing] -2019: Margin is insufficient.
2022-05-22 00:16:36 [INFO] - 此时BNXUSDT：价格为：116.58913496开仓价格为:117.4078253012,开仓数量为：-70.8,盈利为：0，强平价为：128.16412541,账户余额为：817.39005705
2022-05-22 00:16:37 [ERROR] - 下单异常[Executing] -2019: Margin is insufficient.
2022-05-22 00:16:37 [INFO] - 此时BNXUSDT：价格为：116.58983456开仓价格为:117.4078253012,开仓数量为：-70.8,盈利为：0，强平价为：128.16412541,账户余额为：817.39005705
2022-05-22 00:16:39 [ERROR] - 下单异常[Executing] -2019: Margin is insufficient.
2022-05-22 00:16:39 [INFO] - 此时BNXUSDT：价格为：116.58913496开仓价格为:117.4078253012,开仓数量为：-70.8,盈利为：0，强平价为：128.16412541,账户余额为：817.39005705
2022-05-22 00:16:40 [ERROR] - 下单异常[Executing] -2019: Margin is insufficient.
2022-05-22 00:16:40 [INFO] - 此时BNXUSDT：价格为：116.58917776开仓价格为:117.4078253012,开仓数量为：-70.8,盈利为：0，强平价为：128.16412541,账户余额为：817.39005705
2022-05-22 00:16:41 [ERROR] - 下单异常[Executing] -2019: Margin is insufficient.
2022-05-22 00:16:41 [INFO] - 此时BNXUSDT：价格为：116.58917776开仓价格为:117.4078253012,开仓数量为：-70.8,盈利为：0，强平价为：128.16412541,账户余额为：817.39005705
2022-05-22 00:16:42 [ERROR] - 下单异常[Executing] -2019: Margin is insufficient.
2022-05-22 00:16:42 [INFO] - 此时BNXUSDT：价格为：116.58992416开仓价格为:117.4078253012,开仓数量为：-70.8,盈利为：0，强平价为：128.16412541,账户余额为：817.39005705
2022-05-22 00:16:43 [ERROR] - 下单异常[Executing] -2019: Margin is insufficient.
2022-05-22 00:16:43 [INFO] - 此时BNXUSDT：价格为：116.58987736开仓价格为:117.4078253012,开仓数量为：-70.8,盈利为：0，强平价为：128.16412541,账户余额为：817.39005705
2022-05-22 00:16:45 [ERROR] - 下单异常[Executing] -2019: Margin is insufficient.
2022-05-22 00:16:45 [INFO] - 此时BNXUSDT：价格为：116.58987736开仓价格为:117.4078253012,开仓数量为：-70.8,盈利为：0，强平价为：128.16412541,账户余额为：817.39005705
2022-05-22 00:16:45 [ERROR] - 下单异常[Executing] -2019: Margin is insufficient.
2022-05-22 00:16:45 [INFO] - 此时BNXUSDT：价格为：116.58987736开仓价格为:117.4078253012,开仓数量为：-70.8,盈利为：0，强平价为：128.16412541,账户余额为：817.39005705
2022-05-22 00:16:47 [ERROR] - 下单异常[Executing] -2019: Margin is insufficient.
2022-05-22 00:16:47 [INFO] - 此时BNXUSDT：价格为：116.58784408开仓价格为:117.4078253012,开仓数量为：-70.8,盈利为：0，强平价为：128.16412541,账户余额为：817.39005705
2022-05-22 00:16:48 [ERROR] - 下单异常[Executing] -2019: Margin is insufficient.
2022-05-22 00:16:48 [INFO] - 此时BNXUSDT：价格为：116.58709768开仓价格为:117.4078253012,开仓数量为：-70.8,盈利为：0，强平价为：128.16412541,账户余额为：817.39005705
2022-05-22 00:16:49 [INFO] - 此时BNXUSDT：价格为：116.58714448开仓价格为:117.4078253012,开仓数量为：-70.8,盈利为：58.10420214096，强平价为：128.16412541,账户余额为：817.39005705
2022-05-22 00:17:18 [INFO] - 此时BNXUSDT：价格为：116.5035946开仓价格为:117.4040792029,开仓数量为：-71.1,盈利为：64.02445526619，强平价为：128.10701863,账户余额为：817.37607465
2022-05-22 00:17:48 [INFO] - 此时BNXUSDT：价格为：116.49588736开仓价格为:117.400238534,开仓数量为：-71.4,盈利为：64.5706738236，强平价为：128.050286,账户余额为：817.36209585
2022-05-22 00:18:30 [INFO] - 此时BNXUSDT：价格为：116.39007604开仓价格为:117.3960534355,开仓数量为：-71.7,盈利为：72.12857925735，强平价为：127.99366086,账户余额为：817.34812785
2022-05-22 00:18:32 [INFO] - 此时BNXUSDT：价格为：116.38937764开仓价格为:117.3916671018,开仓数量为：-72,盈利为：72.1648412496，强平价为：127.93728656,账户余额为：817.33416665
2022-05-22 00:18:52 [INFO] - 此时BNXUSDT：价格为：116.33开仓价格为:117.3872341816,开仓数量为：-72.3,盈利为：76.43803132968，强平价为：127.88131833,账户余额为：817.32020786
2022-05-22 00:18:55 [INFO] - 此时BNXUSDT：价格为：116.29579114开仓价格为:117.3826175114,开仓数量为：-72.6,盈利为：78.90359456364，强平价为：127.82560738,账户余额为：817.30625546
2022-05-22 00:19:22 [INFO] - 此时BNXUSDT：价格为：116.17630426开仓价格为:117.3778467946,开仓数量为：-72.9,盈利为：87.59245077234，强平价为：127.77017894,账户余额为：817.29230866
2022-05-22 00:19:23 [INFO] - 此时BNXUSDT：价格为：116.15110426开仓价格为:117.3722408651,开仓数量为：-73.2,盈利为：89.38719949332，强平价为：127.7143181,账户余额为：817.27838746
2022-05-22 00:19:24 [INFO] - 此时BNXUSDT：价格为：116.15180086开仓价格为:117.3666806983,开仓数量为：-73.5,盈利为：89.29366811505，强平价为：127.65893693,账户余额为：817.26446626
2022-05-22 00:19:26 [INFO] - 此时BNXUSDT：价格为：116.07110426开仓价格为:117.3611250857,开仓数量为：-73.8,盈利为：95.20353693666，强平价为：127.60398698,账户余额为：817.25054626
2022-05-22 00:19:27 [INFO] - 此时BNXUSDT：价格为：116.06971044开仓价格为:117.355573972,开仓数量为：-74.1,盈利为：95.2824877212，强平价为：127.54946274,账户余额为：817.23662746
2022-05-22 01:22:33 [INFO] - 此时BNXUSDT：价格为：115.97开仓价格为:117.3501213888,开仓数量为：-74.4,盈利为：102.68103132672，强平价为：127.49545666,账户余额为：817.22270706
2022-05-22 01:22:34 [INFO] - 此时BNXUSDT：价格为：115.95053662开仓价格为:117.3444582507,开仓数量为：-74.7,盈利为：104.12594581329，强平价为：127.44164195,账户余额为：817.20879426
2022-05-22 01:22:45 [INFO] - 此时BNXUSDT：价格为：115.94584101开仓价格为:117.3387204177,开仓数量为：-75,盈利为：104.4659555775，强平价为：127.38815481,账户余额为：817.19488506
2022-05-22 01:22:47 [ERROR] - 下单异常[Executing] -2019: Margin is insufficient.
2022-05-22 01:22:47 [INFO] - 此时BNXUSDT：价格为：115.94584101开仓价格为:117.3329884638,开仓数量为：-75.3,盈利为：0，强平价为：127.33507402,账户余额为：817.18097706
2022-05-22 02:51:04 [INFO] - 此时BNXUSDT：价格为：115.9开仓价格为:117.3329884638,开仓数量为：-75.3,盈利为：107.90403132414，强平价为：127.33507402,账户余额为：817.18097706
2022-05-22 03:29:41 [INFO] - 此时BNXUSDT：价格为：115.85486253开仓价格为:117.3273020016,开仓数量为：-75.6,盈利为：111.31642405296，强平价为：127.28243573,账户余额为：817.16706906
2022-05-22 03:30:36 [INFO] - 此时BNXUSDT：价格为：115.78开仓价格为:117.3213838119,开仓数量为：-75.9,盈利为：116.99103132321，强平价为：127.22994686,账户余额为：817.15316946
2022-05-22 03:30:37 [INFO] - 此时BNXUSDT：价格为：115.77开仓价格为:117.3150791512,开仓数量为：-76.2,盈利为：117.73503132144，强平价为：127.17744191,账户余额为：817.13928306
2022-05-22 03:30:38 [ERROR] - 下单异常[Executing] -2019: Margin is insufficient.
2022-05-22 03:30:38 [INFO] - 此时BNXUSDT：价格为：115.72开仓价格为:117.3088631545,开仓数量为：-76.5,盈利为：0，强平价为：127.12540999,账户余额为：817.12539546
2022-05-22 03:30:58 [INFO] - 此时BNXUSDT：价格为：115.71开仓价格为:117.3088631545,开仓数量为：-76.5,盈利为：122.31303131925，强平价为：127.12540999,账户余额为：817.12539546
2022-05-22 03:33:14 [INFO] - 此时BNXUSDT：价格为：115.71开仓价格为:117.3025785328,开仓数量为：-76.8,盈利为：122.31003131904，强平价为：127.07368301,账户余额为：817.11151146
2022-05-22 04:30:01 [ERROR] - 获取仓位异常[Invoking] Unexpected error: Remote host closed connection during handshake
2022-05-22 04:30:02 [ERROR] - 获取余额异常[Invoking] Unexpected error: Remote host closed connection during handshake
2022-05-22 04:30:02 [ERROR] - 获取仓位异常[Invoking] Unexpected error: Remote host closed connection during handshake
2022-05-22 04:30:02 [ERROR] - 获取余额异常[Invoking] Unexpected error: Remote host closed connection during handshake
2022-05-22 04:30:02 [ERROR] - 获取仓位异常[Invoking] Unexpected error: Remote host closed connection during handshake
2022-05-22 04:30:03 [ERROR] - 获取余额异常[Invoking] Unexpected error: Remote host closed connection during handshake
2022-05-22 04:30:03 [ERROR] - 获取仓位异常[Invoking] Unexpected error: Remote host closed connection during handshake
2022-05-22 04:30:03 [ERROR] - 获取余额异常[Invoking] Unexpected error: Remote host closed connection during handshake
2022-05-22 04:30:03 [ERROR] - 获取仓位异常[Invoking] Unexpected error: Remote host closed connection during handshake
2022-05-22 04:30:04 [ERROR] - 获取余额异常[Invoking] Unexpected error: Remote host closed connection during handshake
2022-05-22 04:30:04 [ERROR] - 获取仓位异常[Invoking] Unexpected error: Remote host closed connection during handshake
2022-05-22 04:30:04 [ERROR] - 获取余额异常[Invoking] Unexpected error: Remote host closed connection during handshake
2022-05-22 04:30:05 [ERROR] - 获取仓位异常[Invoking] Unexpected error: Remote host closed connection during handshake
2022-05-22 04:30:05 [ERROR] - 获取余额异常[Invoking] Unexpected error: Remote host closed connection during handshake
2022-05-22 04:30:05 [ERROR] - 获取仓位异常[Invoking] Unexpected error: Remote host closed connection during handshake
2022-05-22 04:30:05 [ERROR] - 获取余额异常[Invoking] Unexpected error: Remote host closed connection during handshake
2022-05-22 04:30:06 [ERROR] - 获取仓位异常[Invoking] Unexpected error: Remote host closed connection during handshake
2022-05-22 04:30:06 [ERROR] - 获取余额异常[Invoking] Unexpected error: Remote host closed connection during handshake
2022-05-22 04:30:06 [ERROR] - 获取仓位异常[Invoking] Unexpected error: Remote host closed connection during handshake
2022-05-22 04:30:06 [ERROR] - 获取余额异常[Invoking] Unexpected error: Remote host closed connection during handshake
2022-05-22 04:30:07 [ERROR] - 获取仓位异常[Invoking] Unexpected error: Remote host closed connection during handshake
2022-05-22 04:30:07 [ERROR] - 获取余额异常[Invoking] Unexpected error: Remote host closed connection during handshake
2022-05-22 04:30:07 [ERROR] - 获取仓位异常[Invoking] Unexpected error: Remote host closed connection during handshake
2022-05-22 04:32:25 [ERROR] - 获取余额异常[Invoking] Unexpected error: Remote host closed connection during handshake
2022-05-22 04:53:28 [ERROR] - 下单异常[Executing] -2019: Margin is insufficient.
2022-05-22 04:53:28 [INFO] - 此时BNXUSDT：价格为：115.6426193开仓价格为:117.2961871767,开仓数量为：-77.1,盈利为：0，强平价为：127.02221678,账户余额为：817.09763226
2022-05-22 04:53:29 [ERROR] - 下单异常[Executing] -2019: Margin is insufficient.
2022-05-22 04:53:29 [INFO] - 此时BNXUSDT：价格为：115.6426193开仓价格为:117.2961871767,开仓数量为：-77.1,盈利为：0，强平价为：127.02221678,账户余额为：817.09763226
2022-05-22 04:53:30 [ERROR] - 下单异常[Executing] -2019: Margin is insufficient.
2022-05-22 04:53:30 [INFO] - 此时BNXUSDT：价格为：115.6426193开仓价格为:117.2961871767,开仓数量为：-77.1,盈利为：0，强平价为：127.02221678,账户余额为：817.09763226
2022-05-22 04:53:32 [ERROR] - 下单异常[Executing] -2019: Margin is insufficient.
2022-05-22 04:53:32 [INFO] - 此时BNXUSDT：价格为：115.6426193开仓价格为:117.2961871767,开仓数量为：-77.1,盈利为：0，强平价为：127.02221678,账户余额为：817.09763226
2022-05-22 04:53:33 [ERROR] - 下单异常[Executing] -2019: Margin is insufficient.
2022-05-22 04:53:33 [INFO] - 此时BNXUSDT：价格为：115.6428开仓价格为:117.2961871767,开仓数量为：-77.1,盈利为：0，强平价为：127.02221678,账户余额为：817.09763226
2022-05-22 04:53:34 [ERROR] - 下单异常[Executing] -2019: Margin is insufficient.
2022-05-22 04:53:34 [INFO] - 此时BNXUSDT：价格为：115.64209225开仓价格为:117.2961871767,开仓数量为：-77.1,盈利为：0，强平价为：127.02221678,账户余额为：817.09763226
2022-05-22 04:53:35 [ERROR] - 下单异常[Executing] -2019: Margin is insufficient.
2022-05-22 04:53:35 [INFO] - 此时BNXUSDT：价格为：115.6428开仓价格为:117.2961871767,开仓数量为：-77.1,盈利为：0，强平价为：127.02221678,账户余额为：817.09763226
2022-05-22 04:53:36 [ERROR] - 下单异常[Executing] -2019: Margin is insufficient.
2022-05-22 04:53:36 [INFO] - 此时BNXUSDT：价格为：115.6428开仓价格为:117.2961871767,开仓数量为：-77.1,盈利为：0，强平价为：127.02221678,账户余额为：817.09763226
2022-05-22 04:53:37 [INFO] - 此时BNXUSDT：价格为：115.6428开仓价格为:117.2961871767,开仓数量为：-77.1,盈利为：127.47615132357，强平价为：127.02221678,账户余额为：817.09763226
2022-05-22 05:58:17 [INFO] - 此时BNXUSDT：价格为：115.57开仓价格为:117.2894965287,开仓数量为：-77.4,盈利为：133.08903132138，强平价为：126.97080692,账户余额为：817.08376386
2022-05-22 06:00:09 [INFO] - 此时BNXUSDT：价格为：115.54446639开仓价格为:117.282857546,开仓数量为：-77.7,盈利为：135.0729928212，强平价为：126.91981349,账户余额为：817.06989546
2022-05-22 06:00:27 [INFO] - 此时BNXUSDT：价格为：115.53439417开仓价格为:117.2760004016,开仓数量为：-78,盈利为：135.8452860648，强平价为：126.86895199,账户余额为：817.05603546
2022-05-22 06:00:34 [INFO] - 此时BNXUSDT：价格为：115.47开仓价格为:117.2691958024,开仓数量为：-78.3,盈利为：140.87703132792，强平价为：126.81849916,账户余额为：817.04217546
2022-05-22 06:00:35 [INFO] - 此时BNXUSDT：价格为：115.47开仓价格为:117.2620996352,开仓数量为：-78.6,盈利为：140.85903132672，强平价为：126.76809367,账户余额为：817.02832626
2022-05-22 06:00:36 [INFO] - 此时BNXUSDT：价格为：115.41开仓价格为:117.2544870891,开仓数量为：-78.9,盈利为：145.53003132999，强平价为：126.7174983,账户余额为：817.01449506
