2022-05-25 22:06:45 [ERROR] - 下单异常[Executing] -2019: Margin is insufficient.
2022-05-25 22:06:45 [INFO] - 此时BTCUSDT：价格为：29684.9开仓价格为:29579.84653996,开仓数量为：-1.026,盈利为：-124.20085，强平价为：35951.83219185,账户余额为：6685.20359815
2022-05-25 22:06:46 [ERROR] - 下单异常[Executing] -2019: Margin is insufficient.
2022-05-25 22:06:46 [INFO] - 此时BTCUSDT：价格为：29684.75225717开仓价格为:29579.84653996,开仓数量为：-1.026,盈利为：-124.20085，强平价为：35951.83219185,账户余额为：6685.20359815
2022-05-25 22:06:47 [ERROR] - 下单异常[Executing] -2019: Margin is insufficient.
2022-05-25 22:06:47 [INFO] - 此时BTCUSDT：价格为：29684.4开仓价格为:29579.84653996,开仓数量为：-1.026,盈利为：-124.20085，强平价为：35951.83219185,账户余额为：6685.20359815
2022-05-25 22:06:48 [ERROR] - 下单异常[Executing] -2019: Margin is insufficient.
2022-05-25 22:06:48 [INFO] - 此时BTCUSDT：价格为：29688.5开仓价格为:29579.84653996,开仓数量为：-1.026,盈利为：-124.20085，强平价为：35951.83219185,账户余额为：6685.20359815
2022-05-25 22:06:50 [ERROR] - 下单异常[Executing] -2019: Margin is insufficient.
2022-05-25 22:06:50 [INFO] - 此时BTCUSDT：价格为：29691.6开仓价格为:29579.84653996,开仓数量为：-1.026,盈利为：-124.20085，强平价为：35951.83219185,账户余额为：6685.20359815
2022-05-25 22:06:51 [ERROR] - 下单异常[Executing] -2019: Margin is insufficient.
2022-05-25 22:06:51 [INFO] - 此时BTCUSDT：价格为：29692.8开仓价格为:29579.84653996,开仓数量为：-1.026,盈利为：-124.20085，强平价为：35951.83219185,账户余额为：6685.20359815
2022-05-25 22:06:52 [ERROR] - 下单异常[Executing] -2019: Margin is insufficient.
2022-05-25 22:06:52 [INFO] - 此时BTCUSDT：价格为：29692.8开仓价格为:29579.84653996,开仓数量为：-1.026,盈利为：-124.20085，强平价为：35951.83219185,账户余额为：6685.20359815
2022-05-25 22:06:53 [ERROR] - 下单异常[Executing] -2019: Margin is insufficient.
2022-05-25 22:06:53 [INFO] - 此时BTCUSDT：价格为：29692.9开仓价格为:29579.84653996,开仓数量为：-1.026,盈利为：-124.20085，强平价为：35951.83219185,账户余额为：6685.20359815
2022-05-25 22:07:00 [ERROR] - 下单异常[Executing] -2019: Margin is insufficient.
2022-05-25 22:07:00 [INFO] - 此时BTCUSDT：价格为：29691.68318757开仓价格为:29579.84653996,开仓数量为：-1.026,盈利为：-124.20085，强平价为：35951.83219185,账户余额为：6685.20359815
2022-05-25 22:07:01 [ERROR] - 下单异常[Executing] -2019: Margin is insufficient.
2022-05-25 22:07:01 [INFO] - 此时BTCUSDT：价格为：29691.4564597开仓价格为:29579.84653996,开仓数量为：-1.026,盈利为：-124.20085，强平价为：35951.83219185,账户余额为：6685.20359815
2022-05-25 22:07:03 [ERROR] - 下单异常[Executing] -2019: Margin is insufficient.
2022-05-25 22:07:03 [INFO] - 此时BTCUSDT：价格为：29688.97932729开仓价格为:29579.84653996,开仓数量为：-1.026,盈利为：-124.20085，强平价为：35951.83219185,账户余额为：6685.20359815
2022-05-25 22:07:04 [ERROR] - 下单异常[Executing] -2019: Margin is insufficient.
2022-05-25 22:07:04 [INFO] - 此时BTCUSDT：价格为：29684.93047004开仓价格为:29579.84653996,开仓数量为：-1.026,盈利为：-124.20085，强平价为：35951.83219185,账户余额为：6685.20359815
2022-05-25 22:07:06 [ERROR] - 下单异常[Executing] -2019: Margin is insufficient.
2022-05-25 22:07:06 [INFO] - 此时BTCUSDT：价格为：29684.1开仓价格为:29579.84653996,开仓数量为：-1.026,盈利为：-124.20085，强平价为：35951.83219185,账户余额为：6685.20359815
2022-05-25 22:07:08 [ERROR] - 下单异常[Executing] -2019: Margin is insufficient.
2022-05-25 22:07:08 [INFO] - 此时BTCUSDT：价格为：29680.87344148开仓价格为:29579.84653996,开仓数量为：-1.026,盈利为：-124.20085，强平价为：35951.83219185,账户余额为：6685.20359815
2022-05-25 22:07:10 [ERROR] - 下单异常[Executing] -2019: Margin is insufficient.
2022-05-25 22:07:10 [INFO] - 此时BTCUSDT：价格为：29678.58437166开仓价格为:29579.84653996,开仓数量为：-1.026,盈利为：-124.20085，强平价为：35951.83219185,账户余额为：6685.20359815
2022-05-25 22:07:12 [ERROR] - 下单异常[Executing] -2019: Margin is insufficient.
2022-05-25 22:07:12 [INFO] - 此时BTCUSDT：价格为：29683.9开仓价格为:29579.84653996,开仓数量为：-1.026,盈利为：-124.20085，强平价为：35951.83219185,账户余额为：6685.20359815
2022-05-25 22:07:14 [ERROR] - 下单异常[Executing] -2019: Margin is insufficient.
2022-05-25 22:07:14 [INFO] - 此时BTCUSDT：价格为：29689.4开仓价格为:29579.84653996,开仓数量为：-1.026,盈利为：-124.20085，强平价为：35951.83219185,账户余额为：6685.20359815
2022-05-25 22:07:15 [ERROR] - 下单异常[Executing] -2019: Margin is insufficient.
2022-05-25 22:07:15 [INFO] - 此时BTCUSDT：价格为：29689.4开仓价格为:29579.84653996,开仓数量为：-1.026,盈利为：-124.20085，强平价为：35951.83219185,账户余额为：6685.20359815
2022-05-25 22:07:16 [ERROR] - 下单异常[Executing] -2019: Margin is insufficient.
2022-05-25 22:07:16 [INFO] - 此时BTCUSDT：价格为：29687.7开仓价格为:29579.84653996,开仓数量为：-1.026,盈利为：-124.20085，强平价为：35951.83219185,账户余额为：6685.20359815
2022-05-25 22:07:18 [ERROR] - 下单异常[Executing] -2019: Margin is insufficient.
2022-05-25 22:07:18 [INFO] - 此时BTCUSDT：价格为：29684.1开仓价格为:29579.84653996,开仓数量为：-1.026,盈利为：-124.20085，强平价为：35951.83219185,账户余额为：6685.20359815
2022-05-25 22:07:19 [ERROR] - 下单异常[Executing] -2019: Margin is insufficient.
2022-05-25 22:07:19 [INFO] - 此时BTCUSDT：价格为：29685.1开仓价格为:29579.84653996,开仓数量为：-1.026,盈利为：-124.20085，强平价为：35951.83219185,账户余额为：6685.20359815
2022-05-25 22:07:20 [ERROR] - 下单异常[Executing] -2019: Margin is insufficient.
2022-05-25 22:07:20 [INFO] - 此时BTCUSDT：价格为：29681.02838565开仓价格为:29579.84653996,开仓数量为：-1.026,盈利为：-124.20085，强平价为：35951.83219185,账户余额为：6685.20359815
2022-05-25 22:07:22 [ERROR] - 下单异常[Executing] -2019: Margin is insufficient.
2022-05-25 22:07:22 [INFO] - 此时BTCUSDT：价格为：29681.0369408开仓价格为:29579.84653996,开仓数量为：-1.026,盈利为：-124.20085，强平价为：35951.83219185,账户余额为：6685.20359815
2022-05-25 22:07:23 [ERROR] - 下单异常[Executing] -2019: Margin is insufficient.
2022-05-25 22:07:23 [INFO] - 此时BTCUSDT：价格为：29681.10713476开仓价格为:29579.84653996,开仓数量为：-1.026,盈利为：-124.20085，强平价为：35951.83219185,账户余额为：6685.20359815
2022-05-25 22:07:24 [ERROR] - 下单异常[Executing] -2019: Margin is insufficient.
2022-05-25 22:07:24 [INFO] - 此时BTCUSDT：价格为：29676.98089751开仓价格为:29579.84653996,开仓数量为：-1.026,盈利为：-124.20085，强平价为：35951.83219185,账户余额为：6685.20359815
2022-05-25 22:09:42 [ERROR] - 下单异常[Executing] -2019: Margin is insufficient.
2022-05-25 22:09:42 [INFO] - 此时BTCUSDT：价格为：29672.65281717开仓价格为:29579.84653996,开仓数量为：-1.026,盈利为：-106.34845，强平价为：35951.83219185,账户余额为：6685.20359815
2022-05-25 22:09:43 [ERROR] - 下单异常[Executing] -2019: Margin is insufficient.
2022-05-25 22:09:43 [INFO] - 此时BTCUSDT：价格为：29670.23311062开仓价格为:29579.84653996,开仓数量为：-1.026,盈利为：-106.34845，强平价为：35951.83219185,账户余额为：6685.20359815
2022-05-25 22:09:45 [ERROR] - 下单异常[Executing] -2019: Margin is insufficient.
2022-05-25 22:09:45 [INFO] - 此时BTCUSDT：价格为：29668.28148559开仓价格为:29579.84653996,开仓数量为：-1.026,盈利为：-106.34845，强平价为：35951.83219185,账户余额为：6685.20359815
2022-05-25 22:09:47 [ERROR] - 下单异常[Executing] -2019: Margin is insufficient.
2022-05-25 22:09:47 [INFO] - 此时BTCUSDT：价格为：29666.83760207开仓价格为:29579.84653996,开仓数量为：-1.026,盈利为：-106.34845，强平价为：35951.83219185,账户余额为：6685.20359815
2022-05-25 22:09:48 [ERROR] - 下单异常[Executing] -2019: Margin is insufficient.
2022-05-25 22:09:48 [INFO] - 此时BTCUSDT：价格为：29667.37556477开仓价格为:29579.84653996,开仓数量为：-1.026,盈利为：-106.34845，强平价为：35951.83219185,账户余额为：6685.20359815
2022-05-25 22:09:49 [ERROR] - 下单异常[Executing] -2019: Margin is insufficient.
2022-05-25 22:09:49 [INFO] - 此时BTCUSDT：价格为：29667.37113141开仓价格为:29579.84653996,开仓数量为：-1.026,盈利为：-106.34845，强平价为：35951.83219185,账户余额为：6685.20359815
2022-05-25 22:09:50 [ERROR] - 下单异常[Executing] -2019: Margin is insufficient.
2022-05-25 22:09:50 [INFO] - 此时BTCUSDT：价格为：29669.8开仓价格为:29579.84653996,开仓数量为：-1.026,盈利为：-106.34845，强平价为：35951.83219185,账户余额为：6685.20359815
2022-05-25 22:09:51 [ERROR] - 下单异常[Executing] -2019: Margin is insufficient.
2022-05-25 22:09:51 [INFO] - 此时BTCUSDT：价格为：29669.8开仓价格为:29579.84653996,开仓数量为：-1.026,盈利为：-106.34845，强平价为：35951.83219185,账户余额为：6685.20359815
2022-05-25 22:09:52 [ERROR] - 下单异常[Executing] -2019: Margin is insufficient.
2022-05-25 22:09:52 [INFO] - 此时BTCUSDT：价格为：29669.40519527开仓价格为:29579.84653996,开仓数量为：-1.026,盈利为：-106.34845，强平价为：35951.83219185,账户余额为：6685.20359815
2022-05-25 22:09:53 [ERROR] - 下单异常[Executing] -2019: Margin is insufficient.
2022-05-25 22:09:53 [INFO] - 此时BTCUSDT：价格为：29671.1开仓价格为:29579.84653996,开仓数量为：-1.026,盈利为：-106.34845，强平价为：35951.83219185,账户余额为：6685.20359815
2022-05-25 22:09:54 [ERROR] - 下单异常[Executing] -2019: Margin is insufficient.
2022-05-25 22:09:54 [INFO] - 此时BTCUSDT：价格为：29673.8开仓价格为:29579.84653996,开仓数量为：-1.026,盈利为：-106.34845，强平价为：35951.83219185,账户余额为：6685.20359815
2022-05-25 22:09:55 [ERROR] - 下单异常[Executing] -2019: Margin is insufficient.
2022-05-25 22:09:55 [INFO] - 此时BTCUSDT：价格为：29675开仓价格为:29579.84653996,开仓数量为：-1.026,盈利为：-106.34845，强平价为：35951.83219185,账户余额为：6685.20359815
2022-05-25 22:09:56 [ERROR] - 下单异常[Executing] -2019: Margin is insufficient.
2022-05-25 22:09:56 [INFO] - 此时BTCUSDT：价格为：29675开仓价格为:29579.84653996,开仓数量为：-1.026,盈利为：-106.34845，强平价为：35951.83219185,账户余额为：6685.20359815
2022-05-25 22:09:58 [ERROR] - 下单异常[Executing] -2019: Margin is insufficient.
2022-05-25 22:09:58 [INFO] - 此时BTCUSDT：价格为：29675开仓价格为:29579.84653996,开仓数量为：-1.026,盈利为：-106.34845，强平价为：35951.83219185,账户余额为：6685.20359815
2022-05-25 22:10:00 [ERROR] - 下单异常[Executing] -2019: Margin is insufficient.
2022-05-25 22:10:00 [INFO] - 此时BTCUSDT：价格为：29673.3开仓价格为:29579.84653996,开仓数量为：-1.026,盈利为：-106.34845，强平价为：35951.83219185,账户余额为：6685.20359815
2022-05-25 22:10:01 [ERROR] - 下单异常[Executing] -2019: Margin is insufficient.
2022-05-25 22:10:01 [INFO] - 此时BTCUSDT：价格为：29675.10964374开仓价格为:29579.84653996,开仓数量为：-1.026,盈利为：-106.34845，强平价为：35951.83219185,账户余额为：6685.20359815
2022-05-25 22:10:13 [ERROR] - 下单异常[Executing] -2019: Margin is insufficient.
2022-05-25 22:10:13 [INFO] - 此时BTCUSDT：价格为：29669.33806807开仓价格为:29579.84653996,开仓数量为：-1.026,盈利为：-106.34845，强平价为：35951.83219185,账户余额为：6685.20359815
2022-05-25 22:10:14 [ERROR] - 下单异常[Executing] -2019: Margin is insufficient.
2022-05-25 22:10:14 [INFO] - 此时BTCUSDT：价格为：29669.43196173开仓价格为:29579.84653996,开仓数量为：-1.026,盈利为：-106.34845，强平价为：35951.83219185,账户余额为：6685.20359815
2022-05-25 22:10:15 [ERROR] - 下单异常[Executing] -2019: Margin is insufficient.
2022-05-25 22:10:15 [INFO] - 此时BTCUSDT：价格为：29669.07827426开仓价格为:29579.84653996,开仓数量为：-1.026,盈利为：-106.34845，强平价为：35951.83219185,账户余额为：6685.20359815
2022-05-25 22:10:17 [ERROR] - 下单异常[Executing] -2019: Margin is insufficient.
2022-05-25 22:10:17 [INFO] - 此时BTCUSDT：价格为：29668.89239757开仓价格为:29579.84653996,开仓数量为：-1.026,盈利为：-106.34845，强平价为：35951.83219185,账户余额为：6685.20359815
2022-05-25 22:10:18 [ERROR] - 下单异常[Executing] -2019: Margin is insufficient.
2022-05-25 22:10:18 [INFO] - 此时BTCUSDT：价格为：29663.36067235开仓价格为:29579.84653996,开仓数量为：-1.026,盈利为：-106.34845，强平价为：35951.83219185,账户余额为：6685.20359815
2022-05-25 22:10:20 [ERROR] - 下单异常[Executing] -2019: Margin is insufficient.
2022-05-25 22:10:20 [INFO] - 此时BTCUSDT：价格为：29663.36067235开仓价格为:29579.84653996,开仓数量为：-1.026,盈利为：-106.34845，强平价为：35951.83219185,账户余额为：6685.20359815
2022-05-25 22:10:21 [ERROR] - 下单异常[Executing] -2019: Margin is insufficient.
2022-05-25 22:10:21 [INFO] - 此时BTCUSDT：价格为：29664.3开仓价格为:29579.84653996,开仓数量为：-1.026,盈利为：-106.34845，强平价为：35951.83219185,账户余额为：6685.20359815
2022-05-25 22:10:23 [ERROR] - 下单异常[Executing] -2019: Margin is insufficient.
2022-05-25 22:10:23 [INFO] - 此时BTCUSDT：价格为：29662.22413806开仓价格为:29579.84653996,开仓数量为：-1.026,盈利为：-106.34845，强平价为：35951.83219185,账户余额为：6685.20359815
2022-05-25 22:10:24 [ERROR] - 下单异常[Executing] -2019: Margin is insufficient.
2022-05-25 22:10:24 [INFO] - 此时BTCUSDT：价格为：29661.51566186开仓价格为:29579.84653996,开仓数量为：-1.026,盈利为：-106.34845，强平价为：35951.83219185,账户余额为：6685.20359815
2022-05-25 22:10:24 [ERROR] - 下单异常[Executing] -2019: Margin is insufficient.
2022-05-25 22:10:24 [INFO] - 此时BTCUSDT：价格为：29663.28246599开仓价格为:29579.84653996,开仓数量为：-1.026,盈利为：-106.34845，强平价为：35951.83219185,账户余额为：6685.20359815
2022-05-25 22:10:26 [ERROR] - 下单异常[Executing] -2019: Margin is insufficient.
2022-05-25 22:10:26 [INFO] - 此时BTCUSDT：价格为：29663.19080714开仓价格为:29579.84653996,开仓数量为：-1.026,盈利为：-106.34845，强平价为：35951.83219185,账户余额为：6685.20359815
2022-05-25 22:10:27 [ERROR] - 下单异常[Executing] -2019: Margin is insufficient.
2022-05-25 22:10:27 [INFO] - 此时BTCUSDT：价格为：29663.70408188开仓价格为:29579.84653996,开仓数量为：-1.026,盈利为：-106.34845，强平价为：35951.83219185,账户余额为：6685.20359815
2022-05-25 22:10:29 [ERROR] - 下单异常[Executing] -2019: Margin is insufficient.
2022-05-25 22:10:29 [INFO] - 此时BTCUSDT：价格为：29663.61653759开仓价格为:29579.84653996,开仓数量为：-1.026,盈利为：-106.34845，强平价为：35951.83219185,账户余额为：6685.20359815
2022-05-25 22:10:30 [ERROR] - 下单异常[Executing] -2019: Margin is insufficient.
2022-05-25 22:10:30 [INFO] - 此时BTCUSDT：价格为：29663.61653759开仓价格为:29579.84653996,开仓数量为：-1.026,盈利为：-106.34845，强平价为：35951.83219185,账户余额为：6685.20359815
2022-05-25 22:10:31 [ERROR] - 下单异常[Executing] -2019: Margin is insufficient.
2022-05-25 22:10:31 [INFO] - 此时BTCUSDT：价格为：29662.46665879开仓价格为:29579.84653996,开仓数量为：-1.026,盈利为：-106.34845，强平价为：35951.83219185,账户余额为：6685.20359815
2022-05-25 22:10:32 [ERROR] - 下单异常[Executing] -2019: Margin is insufficient.
2022-05-25 22:10:32 [INFO] - 此时BTCUSDT：价格为：29660.8580404开仓价格为:29579.84653996,开仓数量为：-1.026,盈利为：-106.34845，强平价为：35951.83219185,账户余额为：6685.20359815
2022-05-25 22:10:33 [ERROR] - 下单异常[Executing] -2019: Margin is insufficient.
2022-05-25 22:10:33 [INFO] - 此时BTCUSDT：价格为：29656.98035356开仓价格为:29579.84653996,开仓数量为：-1.026,盈利为：-106.34845，强平价为：35951.83219185,账户余额为：6685.20359815
2022-05-25 22:10:34 [ERROR] - 下单异常[Executing] -2019: Margin is insufficient.
2022-05-25 22:10:34 [INFO] - 此时BTCUSDT：价格为：29656.92122069开仓价格为:29579.84653996,开仓数量为：-1.026,盈利为：-106.34845，强平价为：35951.83219185,账户余额为：6685.20359815
2022-05-25 22:10:36 [ERROR] - 下单异常[Executing] -2019: Margin is insufficient.
2022-05-25 22:10:36 [INFO] - 此时BTCUSDT：价格为：29656.08348873开仓价格为:29579.84653996,开仓数量为：-1.026,盈利为：-106.34845，强平价为：35951.83219185,账户余额为：6685.20359815
2022-05-25 22:10:37 [ERROR] - 下单异常[Executing] -2019: Margin is insufficient.
2022-05-25 22:10:37 [INFO] - 此时BTCUSDT：价格为：29655.708231开仓价格为:29579.84653996,开仓数量为：-1.026,盈利为：-106.34845，强平价为：35951.83219185,账户余额为：6685.20359815
2022-05-25 22:10:38 [ERROR] - 下单异常[Executing] -2019: Margin is insufficient.
2022-05-25 22:10:38 [INFO] - 此时BTCUSDT：价格为：29654.29676042开仓价格为:29579.84653996,开仓数量为：-1.026,盈利为：-106.34845，强平价为：35951.83219185,账户余额为：6685.20359815
2022-05-25 22:10:39 [ERROR] - 下单异常[Executing] -2019: Margin is insufficient.
2022-05-25 22:10:39 [INFO] - 此时BTCUSDT：价格为：29656.2555233开仓价格为:29579.84653996,开仓数量为：-1.026,盈利为：-106.34845，强平价为：35951.83219185,账户余额为：6685.20359815
2022-05-25 22:10:40 [ERROR] - 下单异常[Executing] -2019: Margin is insufficient.
2022-05-25 22:10:40 [INFO] - 此时BTCUSDT：价格为：29658.95871071开仓价格为:29579.84653996,开仓数量为：-1.026,盈利为：-106.34845，强平价为：35951.83219185,账户余额为：6685.20359815
2022-05-25 22:10:42 [ERROR] - 下单异常[Executing] -2019: Margin is insufficient.
2022-05-25 22:10:42 [INFO] - 此时BTCUSDT：价格为：29659.04118493开仓价格为:29579.84653996,开仓数量为：-1.026,盈利为：-106.34845，强平价为：35951.83219185,账户余额为：6685.20359815
2022-05-25 22:10:43 [ERROR] - 下单异常[Executing] -2019: Margin is insufficient.
2022-05-25 22:10:43 [INFO] - 此时BTCUSDT：价格为：29660.57338193开仓价格为:29579.84653996,开仓数量为：-1.026,盈利为：-106.34845，强平价为：35951.83219185,账户余额为：6685.20359815
2022-05-25 22:10:44 [ERROR] - 下单异常[Executing] -2019: Margin is insufficient.
2022-05-25 22:10:44 [INFO] - 此时BTCUSDT：价格为：29656.3642927开仓价格为:29579.84653996,开仓数量为：-1.026,盈利为：-106.34845，强平价为：35951.83219185,账户余额为：6685.20359815
2022-05-25 22:10:46 [ERROR] - 下单异常[Executing] -2019: Margin is insufficient.
2022-05-25 22:10:46 [INFO] - 此时BTCUSDT：价格为：29658开仓价格为:29579.84653996,开仓数量为：-1.026,盈利为：-106.34845，强平价为：35951.83219185,账户余额为：6685.20359815
2022-05-25 22:10:48 [ERROR] - 下单异常[Executing] -2019: Margin is insufficient.
2022-05-25 22:10:48 [INFO] - 此时BTCUSDT：价格为：29657.4开仓价格为:29579.84653996,开仓数量为：-1.026,盈利为：-106.34845，强平价为：35951.83219185,账户余额为：6685.20359815
2022-05-25 22:10:50 [ERROR] - 下单异常[Executing] -2019: Margin is insufficient.
2022-05-25 22:10:50 [INFO] - 此时BTCUSDT：价格为：29663.7开仓价格为:29579.84653996,开仓数量为：-1.026,盈利为：-106.34845，强平价为：35951.83219185,账户余额为：6685.20359815
2022-05-25 22:10:51 [ERROR] - 下单异常[Executing] -2019: Margin is insufficient.
2022-05-25 22:10:51 [INFO] - 此时BTCUSDT：价格为：29670.7开仓价格为:29579.84653996,开仓数量为：-1.026,盈利为：-106.34845，强平价为：35951.83219185,账户余额为：6685.20359815
2022-05-25 22:10:53 [ERROR] - 下单异常[Executing] -2019: Margin is insufficient.
2022-05-25 22:10:53 [INFO] - 此时BTCUSDT：价格为：29665.98410878开仓价格为:29579.84653996,开仓数量为：-1.026,盈利为：-106.34845，强平价为：35951.83219185,账户余额为：6685.20359815
2022-05-25 22:10:54 [ERROR] - 下单异常[Executing] -2019: Margin is insufficient.
2022-05-25 22:10:54 [INFO] - 此时BTCUSDT：价格为：29670.4开仓价格为:29579.84653996,开仓数量为：-1.026,盈利为：-106.34845，强平价为：35951.83219185,账户余额为：6685.20359815
2022-05-25 22:10:55 [ERROR] - 下单异常[Executing] -2019: Margin is insufficient.
2022-05-25 22:10:55 [INFO] - 此时BTCUSDT：价格为：29666.04857797开仓价格为:29579.84653996,开仓数量为：-1.026,盈利为：-106.34845，强平价为：35951.83219185,账户余额为：6685.20359815
2022-05-25 22:10:56 [ERROR] - 下单异常[Executing] -2019: Margin is insufficient.
2022-05-25 22:10:56 [INFO] - 此时BTCUSDT：价格为：29670.3开仓价格为:29579.84653996,开仓数量为：-1.026,盈利为：-106.34845，强平价为：35951.83219185,账户余额为：6685.20359815
2022-05-25 22:10:57 [ERROR] - 下单异常[Executing] -2019: Margin is insufficient.
2022-05-25 22:10:57 [INFO] - 此时BTCUSDT：价格为：29670.3开仓价格为:29579.84653996,开仓数量为：-1.026,盈利为：-106.34845，强平价为：35951.83219185,账户余额为：6685.20359815
2022-05-25 22:10:58 [ERROR] - 下单异常[Executing] -2019: Margin is insufficient.
2022-05-25 22:10:58 [INFO] - 此时BTCUSDT：价格为：29669.8开仓价格为:29579.84653996,开仓数量为：-1.026,盈利为：-106.34845，强平价为：35951.83219185,账户余额为：6685.20359815
2022-05-25 22:10:59 [ERROR] - 下单异常[Executing] -2019: Margin is insufficient.
2022-05-25 22:10:59 [INFO] - 此时BTCUSDT：价格为：29670.83659658开仓价格为:29579.84653996,开仓数量为：-1.026,盈利为：-106.34845，强平价为：35951.83219185,账户余额为：6685.20359815
2022-05-25 22:11:00 [ERROR] - 下单异常[Executing] -2019: Margin is insufficient.
2022-05-25 22:11:00 [INFO] - 此时BTCUSDT：价格为：29670.83659658开仓价格为:29579.84653996,开仓数量为：-1.026,盈利为：-106.34845，强平价为：35951.83219185,账户余额为：6685.20359815
2022-05-25 22:11:01 [ERROR] - 下单异常[Executing] -2019: Margin is insufficient.
2022-05-25 22:11:01 [INFO] - 此时BTCUSDT：价格为：29670.88242928开仓价格为:29579.84653996,开仓数量为：-1.026,盈利为：-106.34845，强平价为：35951.83219185,账户余额为：6685.20359815
2022-05-25 22:11:03 [ERROR] - 下单异常[Executing] -2019: Margin is insufficient.
2022-05-25 22:11:03 [INFO] - 此时BTCUSDT：价格为：29670.70964578开仓价格为:29579.84653996,开仓数量为：-1.026,盈利为：-106.34845，强平价为：35951.83219185,账户余额为：6685.20359815
2022-05-25 22:11:04 [ERROR] - 下单异常[Executing] -2019: Margin is insufficient.
2022-05-25 22:11:04 [INFO] - 此时BTCUSDT：价格为：29670.81386126开仓价格为:29579.84653996,开仓数量为：-1.026,盈利为：-106.34845，强平价为：35951.83219185,账户余额为：6685.20359815
2022-05-26 00:42:00 [ERROR] - 获取仓位异常[Invoking] Unexpected error: timeout
2022-05-26 00:43:50 [ERROR] - 获取余额异常[Invoking] Unexpected error: timeout
2022-05-26 00:43:54 [ERROR] - 获取仓位异常[Invoking] Unexpected error: Remote host closed connection during handshake
2022-05-26 00:44:06 [ERROR] - 获取余额异常[Invoking] Unexpected error: Read timed out
2022-05-26 00:45:54 [ERROR] - 获取余额异常[Invoking] Unexpected error: timeout
2022-05-26 00:45:58 [ERROR] - 获取仓位异常[Invoking] Unexpected error: Remote host closed connection during handshake
2022-05-26 00:47:44 [ERROR] - 获取余额异常[Invoking] Unexpected error: timeout
2022-05-26 00:48:55 [ERROR] - 获取仓位异常[Invoking] Unexpected error: timeout
2022-05-26 00:48:58 [ERROR] - 获取余额异常[Invoking] Unexpected error: Remote host closed connection during handshake
2022-05-26 00:49:01 [ERROR] - 获取仓位异常[Invoking] Unexpected error: Remote host closed connection during handshake
2022-05-26 00:49:04 [ERROR] - 获取余额异常[Invoking] Unexpected error: Remote host closed connection during handshake
2022-05-26 00:49:09 [ERROR] - 获取仓位异常[Invoking] Unexpected error: Remote host closed connection during handshake
2022-05-26 00:51:29 [ERROR] - 获取仓位异常[Invoking] Unexpected error: Read timed out
2022-05-26 00:55:11 [ERROR] - 获取仓位异常[Invoking] Unexpected error: timeout
2022-05-26 00:55:29 [ERROR] - 获取余额异常[Invoking] Unexpected error: timeout
2022-05-26 00:56:00 [ERROR] - 获取余额异常[Invoking] Unexpected error: timeout
2022-05-26 03:59:47 [ERROR] - 下单异常[Executing] -2019: Margin is insufficient.
2022-05-26 03:59:47 [INFO] - 此时BTCUSDT：价格为：29564.38453234开仓价格为:29579.84653996,开仓数量为：-0.9,盈利为：-272.38811403，强平价为：36819.12076819,账户余额为：6647.89564017
2022-05-26 03:59:48 [ERROR] - 下单异常[Executing] -2019: Margin is insufficient.
2022-05-26 03:59:48 [INFO] - 此时BTCUSDT：价格为：29561.15525984开仓价格为:29579.84653996,开仓数量为：-0.9,盈利为：-272.38811403，强平价为：36819.12076819,账户余额为：6647.89564017
2022-05-26 03:59:49 [ERROR] - 下单异常[Executing] -2019: Margin is insufficient.
2022-05-26 03:59:49 [INFO] - 此时BTCUSDT：价格为：29563.98104081开仓价格为:29579.84653996,开仓数量为：-0.9,盈利为：-272.38811403，强平价为：36819.12076819,账户余额为：6647.89564017
2022-05-26 04:00:09 [ERROR] - 下单异常[Executing] -2019: Margin is insufficient.
2022-05-26 04:00:09 [INFO] - 此时BTCUSDT：价格为：29567.77687767开仓价格为:29579.84653996,开仓数量为：-0.9,盈利为：-272.38811403，强平价为：36819.12076819,账户余额为：6647.89564017
2022-05-26 04:00:10 [ERROR] - 下单异常[Executing] -2019: Margin is insufficient.
2022-05-26 04:00:10 [INFO] - 此时BTCUSDT：价格为：29561.91730111开仓价格为:29579.84653996,开仓数量为：-0.9,盈利为：-272.38811403，强平价为：36819.12076819,账户余额为：6647.89564017
2022-05-26 04:00:11 [ERROR] - 下单异常[Executing] -2019: Margin is insufficient.
2022-05-26 04:00:11 [INFO] - 此时BTCUSDT：价格为：29561.86751616开仓价格为:29579.84653996,开仓数量为：-0.9,盈利为：-272.38811403，强平价为：36819.12076819,账户余额为：6647.89564017
2022-05-26 04:00:12 [ERROR] - 下单异常[Executing] -2019: Margin is insufficient.
2022-05-26 04:00:12 [INFO] - 此时BTCUSDT：价格为：29563.4开仓价格为:29579.84653996,开仓数量为：-0.9,盈利为：-272.38811403，强平价为：36819.12076819,账户余额为：6647.89564017
2022-05-26 04:00:13 [ERROR] - 下单异常[Executing] -2019: Margin is insufficient.
2022-05-26 04:00:13 [INFO] - 此时BTCUSDT：价格为：29563.4开仓价格为:29579.84653996,开仓数量为：-0.9,盈利为：-272.38811403，强平价为：36819.12076819,账户余额为：6647.89564017
2022-05-26 04:00:14 [ERROR] - 下单异常[Executing] -2019: Margin is insufficient.
2022-05-26 04:00:14 [INFO] - 此时BTCUSDT：价格为：29557.55100002开仓价格为:29579.84653996,开仓数量为：-0.9,盈利为：-272.38811403，强平价为：36819.12076819,账户余额为：6647.89564017
2022-05-26 04:00:15 [ERROR] - 下单异常[Executing] -2019: Margin is insufficient.
2022-05-26 04:00:15 [INFO] - 此时BTCUSDT：价格为：29560.1开仓价格为:29579.84653996,开仓数量为：-0.9,盈利为：-272.38811403，强平价为：36819.12076819,账户余额为：6647.89564017
2022-05-26 04:00:15 [ERROR] - 下单异常[Executing] -2019: Margin is insufficient.
2022-05-26 04:00:15 [INFO] - 此时BTCUSDT：价格为：29560.1开仓价格为:29579.84653996,开仓数量为：-0.9,盈利为：-272.38811403，强平价为：36819.12076819,账户余额为：6647.89564017
2022-05-26 04:00:16 [ERROR] - 下单异常[Executing] -2019: Margin is insufficient.
2022-05-26 04:00:16 [INFO] - 此时BTCUSDT：价格为：29560.7开仓价格为:29579.84653996,开仓数量为：-0.9,盈利为：-272.38811403，强平价为：36819.12076819,账户余额为：6647.89564017
2022-05-26 04:00:17 [ERROR] - 下单异常[Executing] -2019: Margin is insufficient.
2022-05-26 04:00:17 [INFO] - 此时BTCUSDT：价格为：29560.5开仓价格为:29579.84653996,开仓数量为：-0.9,盈利为：-272.38811403，强平价为：36819.12076819,账户余额为：6647.89564017
2022-05-26 04:00:18 [ERROR] - 下单异常[Executing] -2019: Margin is insufficient.
2022-05-26 04:00:18 [INFO] - 此时BTCUSDT：价格为：29560.5开仓价格为:29579.84653996,开仓数量为：-0.9,盈利为：-272.38811403，强平价为：36819.12076819,账户余额为：6647.89564017
2022-05-26 04:00:19 [ERROR] - 下单异常[Executing] -2019: Margin is insufficient.
2022-05-26 04:00:19 [INFO] - 此时BTCUSDT：价格为：29555.98900097开仓价格为:29579.84653996,开仓数量为：-0.9,盈利为：-272.38811403，强平价为：36819.12076819,账户余额为：6647.89564017
2022-05-26 04:00:20 [ERROR] - 下单异常[Executing] -2019: Margin is insufficient.
2022-05-26 04:00:20 [INFO] - 此时BTCUSDT：价格为：29551.49541268开仓价格为:29579.84653996,开仓数量为：-0.9,盈利为：-272.38811403，强平价为：36819.12076819,账户余额为：6647.89564017
2022-05-26 04:00:21 [ERROR] - 下单异常[Executing] -2019: Margin is insufficient.
2022-05-26 04:00:21 [INFO] - 此时BTCUSDT：价格为：29551.37379874开仓价格为:29579.84653996,开仓数量为：-0.9,盈利为：-272.38811403，强平价为：36819.12076819,账户余额为：6647.89564017
2022-05-26 04:00:21 [ERROR] - 下单异常[Executing] -2019: Margin is insufficient.
2022-05-26 04:00:21 [INFO] - 此时BTCUSDT：价格为：29551.37379874开仓价格为:29579.84653996,开仓数量为：-0.9,盈利为：-272.38811403，强平价为：36819.12076819,账户余额为：6647.89564017
2022-05-26 04:00:22 [ERROR] - 下单异常[Executing] -2019: Margin is insufficient.
2022-05-26 04:00:22 [INFO] - 此时BTCUSDT：价格为：29549.73222439开仓价格为:29579.84653996,开仓数量为：-0.9,盈利为：-272.38811403，强平价为：36819.12076819,账户余额为：6647.89564017
2022-05-26 04:00:23 [ERROR] - 下单异常[Executing] -2019: Margin is insufficient.
2022-05-26 04:00:23 [INFO] - 此时BTCUSDT：价格为：29554.9开仓价格为:29579.84653996,开仓数量为：-0.9,盈利为：-272.38811403，强平价为：36819.12076819,账户余额为：6647.89564017
2022-05-26 04:00:24 [ERROR] - 下单异常[Executing] -2019: Margin is insufficient.
2022-05-26 04:00:24 [INFO] - 此时BTCUSDT：价格为：29554.93722566开仓价格为:29579.84653996,开仓数量为：-0.9,盈利为：-272.38811403，强平价为：36819.12076819,账户余额为：6647.89564017
2022-05-26 04:00:25 [ERROR] - 下单异常[Executing] -2019: Margin is insufficient.
2022-05-26 04:00:25 [INFO] - 此时BTCUSDT：价格为：29560.5开仓价格为:29579.84653996,开仓数量为：-0.9,盈利为：-272.38811403，强平价为：36819.12076819,账户余额为：6647.89564017
2022-05-26 04:00:26 [ERROR] - 下单异常[Executing] -2019: Margin is insufficient.
2022-05-26 04:00:26 [INFO] - 此时BTCUSDT：价格为：29560.4开仓价格为:29579.84653996,开仓数量为：-0.9,盈利为：-272.38811403，强平价为：36819.12076819,账户余额为：6647.89564017
2022-05-26 04:00:27 [ERROR] - 下单异常[Executing] -2019: Margin is insufficient.
2022-05-26 04:00:27 [INFO] - 此时BTCUSDT：价格为：29560.4开仓价格为:29579.84653996,开仓数量为：-0.9,盈利为：-272.38811403，强平价为：36819.12076819,账户余额为：6647.89564017
2022-05-26 04:00:27 [ERROR] - 下单异常[Executing] -2019: Margin is insufficient.
2022-05-26 04:00:27 [INFO] - 此时BTCUSDT：价格为：29559.3开仓价格为:29579.84653996,开仓数量为：-0.9,盈利为：-272.38811403，强平价为：36819.12076819,账户余额为：6647.89564017
2022-05-26 04:00:28 [ERROR] - 下单异常[Executing] -2019: Margin is insufficient.
2022-05-26 04:00:28 [INFO] - 此时BTCUSDT：价格为：29559.3开仓价格为:29579.84653996,开仓数量为：-0.9,盈利为：-272.38811403，强平价为：36819.12076819,账户余额为：6647.89564017
2022-05-26 04:00:29 [ERROR] - 下单异常[Executing] -2019: Margin is insufficient.
2022-05-26 04:00:29 [INFO] - 此时BTCUSDT：价格为：29560.5开仓价格为:29579.84653996,开仓数量为：-0.9,盈利为：-272.38811403，强平价为：36819.12076819,账户余额为：6647.89564017
2022-05-26 04:00:30 [ERROR] - 下单异常[Executing] -2019: Margin is insufficient.
2022-05-26 04:00:30 [INFO] - 此时BTCUSDT：价格为：29563.1开仓价格为:29579.84653996,开仓数量为：-0.9,盈利为：-272.38811403，强平价为：36819.12076819,账户余额为：6647.89564017
2022-05-26 04:00:31 [ERROR] - 下单异常[Executing] -2019: Margin is insufficient.
2022-05-26 04:00:31 [INFO] - 此时BTCUSDT：价格为：29560.7开仓价格为:29579.84653996,开仓数量为：-0.9,盈利为：-272.38811403，强平价为：36819.12076819,账户余额为：6647.89564017
2022-05-26 04:00:32 [ERROR] - 下单异常[Executing] -2019: Margin is insufficient.
2022-05-26 04:00:32 [INFO] - 此时BTCUSDT：价格为：29565开仓价格为:29579.84653996,开仓数量为：-0.9,盈利为：-272.38811403，强平价为：36819.12076819,账户余额为：6647.89564017
2022-05-26 04:00:33 [ERROR] - 下单异常[Executing] -2019: Margin is insufficient.
2022-05-26 04:00:33 [INFO] - 此时BTCUSDT：价格为：29562.1开仓价格为:29579.84653996,开仓数量为：-0.9,盈利为：-272.38811403，强平价为：36819.12076819,账户余额为：6647.89564017
2022-05-26 04:00:33 [ERROR] - 下单异常[Executing] -2019: Margin is insufficient.
2022-05-26 04:00:33 [INFO] - 此时BTCUSDT：价格为：29563.1开仓价格为:29579.84653996,开仓数量为：-0.9,盈利为：-272.38811403，强平价为：36819.12076819,账户余额为：6647.89564017
2022-05-26 04:00:34 [ERROR] - 下单异常[Executing] -2019: Margin is insufficient.
2022-05-26 04:00:34 [INFO] - 此时BTCUSDT：价格为：29563.1开仓价格为:29579.84653996,开仓数量为：-0.9,盈利为：-272.38811403，强平价为：36819.12076819,账户余额为：6647.89564017
2022-05-26 04:00:35 [ERROR] - 下单异常[Executing] -2019: Margin is insufficient.
2022-05-26 04:00:35 [INFO] - 此时BTCUSDT：价格为：29563.1开仓价格为:29579.84653996,开仓数量为：-0.9,盈利为：-272.38811403，强平价为：36819.12076819,账户余额为：6647.89564017
2022-05-26 04:00:36 [ERROR] - 下单异常[Executing] -2019: Margin is insufficient.
2022-05-26 04:00:36 [INFO] - 此时BTCUSDT：价格为：29565.5开仓价格为:29579.84653996,开仓数量为：-0.9,盈利为：-272.38811403，强平价为：36819.12076819,账户余额为：6647.89564017
2022-05-26 04:00:37 [ERROR] - 下单异常[Executing] -2019: Margin is insufficient.
2022-05-26 04:00:37 [INFO] - 此时BTCUSDT：价格为：29566.4开仓价格为:29579.84653996,开仓数量为：-0.9,盈利为：-272.38811403，强平价为：36819.12076819,账户余额为：6647.89564017
2022-05-26 04:00:38 [ERROR] - 下单异常[Executing] -2019: Margin is insufficient.
2022-05-26 04:00:38 [INFO] - 此时BTCUSDT：价格为：29570.6开仓价格为:29579.84653996,开仓数量为：-0.9,盈利为：-272.38811403，强平价为：36819.12076819,账户余额为：6647.89564017
2022-05-26 04:00:39 [ERROR] - 下单异常[Executing] -2019: Margin is insufficient.
2022-05-26 04:00:39 [INFO] - 此时BTCUSDT：价格为：29558.08479746开仓价格为:29579.84653996,开仓数量为：-0.9,盈利为：-272.38811403，强平价为：36819.12076819,账户余额为：6647.89564017
2022-05-26 04:00:40 [ERROR] - 下单异常[Executing] -2019: Margin is insufficient.
2022-05-26 04:00:40 [INFO] - 此时BTCUSDT：价格为：29561.5开仓价格为:29579.84653996,开仓数量为：-0.9,盈利为：-272.38811403，强平价为：36819.12076819,账户余额为：6647.89564017
2022-05-26 04:00:41 [ERROR] - 下单异常[Executing] -2019: Margin is insufficient.
2022-05-26 04:00:41 [INFO] - 此时BTCUSDT：价格为：29561.5开仓价格为:29579.84653996,开仓数量为：-0.9,盈利为：-272.38811403，强平价为：36819.12076819,账户余额为：6647.89564017
2022-05-26 04:00:42 [ERROR] - 下单异常[Executing] -2019: Margin is insufficient.
2022-05-26 04:00:42 [INFO] - 此时BTCUSDT：价格为：29563.9开仓价格为:29579.84653996,开仓数量为：-0.9,盈利为：-272.38811403，强平价为：36819.12076819,账户余额为：6647.89564017
2022-05-26 04:00:43 [ERROR] - 下单异常[Executing] -2019: Margin is insufficient.
2022-05-26 04:00:43 [INFO] - 此时BTCUSDT：价格为：29563.8开仓价格为:29579.84653996,开仓数量为：-0.9,盈利为：-272.38811403，强平价为：36819.12076819,账户余额为：6647.89564017
2022-05-26 04:00:43 [ERROR] - 下单异常[Executing] -2019: Margin is insufficient.
2022-05-26 04:00:43 [INFO] - 此时BTCUSDT：价格为：29563.7开仓价格为:29579.84653996,开仓数量为：-0.9,盈利为：-272.38811403，强平价为：36819.12076819,账户余额为：6647.89564017
2022-05-26 04:00:44 [ERROR] - 下单异常[Executing] -2019: Margin is insufficient.
2022-05-26 04:00:44 [INFO] - 此时BTCUSDT：价格为：29563.7开仓价格为:29579.84653996,开仓数量为：-0.9,盈利为：-272.38811403，强平价为：36819.12076819,账户余额为：6647.89564017
2022-05-26 04:00:45 [ERROR] - 下单异常[Executing] -2019: Margin is insufficient.
2022-05-26 04:00:45 [INFO] - 此时BTCUSDT：价格为：29561开仓价格为:29579.84653996,开仓数量为：-0.9,盈利为：-272.38811403，强平价为：36819.12076819,账户余额为：6647.89564017
2022-05-26 04:00:46 [ERROR] - 下单异常[Executing] -2019: Margin is insufficient.
2022-05-26 04:00:46 [INFO] - 此时BTCUSDT：价格为：29561.4开仓价格为:29579.84653996,开仓数量为：-0.9,盈利为：-272.38811403，强平价为：36819.12076819,账户余额为：6647.89564017
2022-05-26 04:00:47 [ERROR] - 下单异常[Executing] -2019: Margin is insufficient.
2022-05-26 04:00:47 [INFO] - 此时BTCUSDT：价格为：29561.4开仓价格为:29579.84653996,开仓数量为：-0.9,盈利为：-272.38811403，强平价为：36819.12076819,账户余额为：6647.89564017
2022-05-26 04:00:49 [ERROR] - 下单异常[Executing] -2019: Margin is insufficient.
2022-05-26 04:00:49 [INFO] - 此时BTCUSDT：价格为：29561.4开仓价格为:29579.84653996,开仓数量为：-0.9,盈利为：-272.38811403，强平价为：36819.12076819,账户余额为：6647.89564017
2022-05-26 04:00:49 [ERROR] - 下单异常[Executing] -2019: Margin is insufficient.
2022-05-26 04:00:49 [INFO] - 此时BTCUSDT：价格为：29561.4开仓价格为:29579.84653996,开仓数量为：-0.9,盈利为：-272.38811403，强平价为：36819.12076819,账户余额为：6647.89564017
2022-05-26 04:00:50 [ERROR] - 下单异常[Executing] -2019: Margin is insufficient.
2022-05-26 04:00:50 [INFO] - 此时BTCUSDT：价格为：29563.3开仓价格为:29579.84653996,开仓数量为：-0.9,盈利为：-272.38811403，强平价为：36819.12076819,账户余额为：6647.89564017
2022-05-26 04:00:51 [ERROR] - 下单异常[Executing] -2019: Margin is insufficient.
2022-05-26 04:00:51 [INFO] - 此时BTCUSDT：价格为：29563.5开仓价格为:29579.84653996,开仓数量为：-0.9,盈利为：-272.38811403，强平价为：36819.12076819,账户余额为：6647.89564017
2022-05-26 04:00:52 [ERROR] - 下单异常[Executing] -2019: Margin is insufficient.
2022-05-26 04:00:52 [INFO] - 此时BTCUSDT：价格为：29563.7开仓价格为:29579.84653996,开仓数量为：-0.9,盈利为：-272.38811403，强平价为：36819.12076819,账户余额为：6647.89564017
2022-05-26 04:00:53 [ERROR] - 下单异常[Executing] -2019: Margin is insufficient.
2022-05-26 04:00:53 [INFO] - 此时BTCUSDT：价格为：29563.8开仓价格为:29579.84653996,开仓数量为：-0.9,盈利为：-272.38811403，强平价为：36819.12076819,账户余额为：6647.89564017
2022-05-26 04:00:54 [ERROR] - 下单异常[Executing] -2019: Margin is insufficient.
2022-05-26 04:00:54 [INFO] - 此时BTCUSDT：价格为：29563.7开仓价格为:29579.84653996,开仓数量为：-0.9,盈利为：-272.38811403，强平价为：36819.12076819,账户余额为：6647.89564017
2022-05-26 04:00:55 [ERROR] - 下单异常[Executing] -2019: Margin is insufficient.
2022-05-26 04:00:55 [INFO] - 此时BTCUSDT：价格为：29562.3开仓价格为:29579.84653996,开仓数量为：-0.9,盈利为：-272.38811403，强平价为：36819.12076819,账户余额为：6647.89564017
2022-05-26 04:00:56 [ERROR] - 下单异常[Executing] -2019: Margin is insufficient.
2022-05-26 04:00:56 [INFO] - 此时BTCUSDT：价格为：29561.4开仓价格为:29579.84653996,开仓数量为：-0.9,盈利为：-272.38811403，强平价为：36819.12076819,账户余额为：6647.89564017
2022-05-26 04:00:57 [ERROR] - 下单异常[Executing] -2019: Margin is insufficient.
2022-05-26 04:00:57 [INFO] - 此时BTCUSDT：价格为：29561开仓价格为:29579.84653996,开仓数量为：-0.9,盈利为：-272.38811403，强平价为：36819.12076819,账户余额为：6647.89564017
2022-05-26 04:00:58 [ERROR] - 下单异常[Executing] -2019: Margin is insufficient.
2022-05-26 04:00:58 [INFO] - 此时BTCUSDT：价格为：29562.5开仓价格为:29579.84653996,开仓数量为：-0.9,盈利为：-272.38811403，强平价为：36819.12076819,账户余额为：6647.89564017
2022-05-26 04:00:59 [ERROR] - 下单异常[Executing] -2019: Margin is insufficient.
2022-05-26 04:00:59 [INFO] - 此时BTCUSDT：价格为：29562.5开仓价格为:29579.84653996,开仓数量为：-0.9,盈利为：-272.38811403，强平价为：36819.12076819,账户余额为：6647.89564017
2022-05-26 04:01:00 [ERROR] - 下单异常[Executing] -2019: Margin is insufficient.
2022-05-26 04:01:00 [INFO] - 此时BTCUSDT：价格为：29563.6开仓价格为:29579.84653996,开仓数量为：-0.9,盈利为：-272.38811403，强平价为：36819.12076819,账户余额为：6647.89564017
2022-05-26 04:01:00 [ERROR] - 下单异常[Executing] -2019: Margin is insufficient.
2022-05-26 04:01:00 [INFO] - 此时BTCUSDT：价格为：29563.6开仓价格为:29579.84653996,开仓数量为：-0.9,盈利为：-272.38811403，强平价为：36819.12076819,账户余额为：6647.89564017
2022-05-26 04:01:01 [ERROR] - 下单异常[Executing] -2019: Margin is insufficient.
2022-05-26 04:01:01 [INFO] - 此时BTCUSDT：价格为：29562.4开仓价格为:29579.84653996,开仓数量为：-0.9,盈利为：-272.38811403，强平价为：36819.12076819,账户余额为：6647.89564017
2022-05-26 04:01:02 [ERROR] - 下单异常[Executing] -2019: Margin is insufficient.
2022-05-26 04:01:02 [INFO] - 此时BTCUSDT：价格为：29562.5开仓价格为:29579.84653996,开仓数量为：-0.9,盈利为：-272.38811403，强平价为：36819.12076819,账户余额为：6647.89564017
2022-05-26 04:01:03 [ERROR] - 下单异常[Executing] -2019: Margin is insufficient.
2022-05-26 04:01:03 [INFO] - 此时BTCUSDT：价格为：29562.4开仓价格为:29579.84653996,开仓数量为：-0.9,盈利为：-272.38811403，强平价为：36819.12076819,账户余额为：6647.89564017
2022-05-26 04:01:04 [ERROR] - 下单异常[Executing] -2019: Margin is insufficient.
2022-05-26 04:01:04 [INFO] - 此时BTCUSDT：价格为：29562.5开仓价格为:29579.84653996,开仓数量为：-0.9,盈利为：-272.38811403，强平价为：36819.12076819,账户余额为：6647.89564017
2022-05-26 04:01:05 [ERROR] - 下单异常[Executing] -2019: Margin is insufficient.
2022-05-26 04:01:05 [INFO] - 此时BTCUSDT：价格为：29562.9开仓价格为:29579.84653996,开仓数量为：-0.9,盈利为：-272.38811403，强平价为：36819.12076819,账户余额为：6647.89564017
2022-05-26 04:01:06 [ERROR] - 下单异常[Executing] -2019: Margin is insufficient.
2022-05-26 04:01:06 [INFO] - 此时BTCUSDT：价格为：29562.8开仓价格为:29579.84653996,开仓数量为：-0.9,盈利为：-272.38811403，强平价为：36819.12076819,账户余额为：6647.89564017
2022-05-26 04:01:06 [ERROR] - 下单异常[Executing] -2019: Margin is insufficient.
2022-05-26 04:01:06 [INFO] - 此时BTCUSDT：价格为：29563.5开仓价格为:29579.84653996,开仓数量为：-0.9,盈利为：-272.38811403，强平价为：36819.12076819,账户余额为：6647.89564017
2022-05-26 04:01:07 [ERROR] - 下单异常[Executing] -2019: Margin is insufficient.
2022-05-26 04:01:07 [INFO] - 此时BTCUSDT：价格为：29563.5开仓价格为:29579.84653996,开仓数量为：-0.9,盈利为：-272.38811403，强平价为：36819.12076819,账户余额为：6647.89564017
2022-05-26 04:01:08 [ERROR] - 下单异常[Executing] -2019: Margin is insufficient.
2022-05-26 04:01:08 [INFO] - 此时BTCUSDT：价格为：29563.7开仓价格为:29579.84653996,开仓数量为：-0.9,盈利为：-272.38811403，强平价为：36819.12076819,账户余额为：6647.89564017
2022-05-26 04:01:09 [ERROR] - 下单异常[Executing] -2019: Margin is insufficient.
2022-05-26 04:01:09 [INFO] - 此时BTCUSDT：价格为：29563.7开仓价格为:29579.84653996,开仓数量为：-0.9,盈利为：-272.38811403，强平价为：36819.12076819,账户余额为：6647.89564017
2022-05-26 04:01:10 [ERROR] - 下单异常[Executing] -2019: Margin is insufficient.
2022-05-26 04:01:10 [INFO] - 此时BTCUSDT：价格为：29563.8开仓价格为:29579.84653996,开仓数量为：-0.9,盈利为：-272.38811403，强平价为：36819.12076819,账户余额为：6647.89564017
2022-05-26 04:01:11 [ERROR] - 下单异常[Executing] -2019: Margin is insufficient.
2022-05-26 04:01:11 [INFO] - 此时BTCUSDT：价格为：29563.8开仓价格为:29579.84653996,开仓数量为：-0.9,盈利为：-272.38811403，强平价为：36819.12076819,账户余额为：6647.89564017
2022-05-26 04:01:43 [ERROR] - 下单异常[Executing] -2019: Margin is insufficient.
2022-05-26 04:01:43 [INFO] - 此时BTCUSDT：价格为：29568开仓价格为:29579.84653996,开仓数量为：-0.9,盈利为：-272.38811403，强平价为：36819.12076819,账户余额为：6647.89564017
2022-05-26 04:01:44 [ERROR] - 下单异常[Executing] -2019: Margin is insufficient.
2022-05-26 04:01:44 [INFO] - 此时BTCUSDT：价格为：29564.95796378开仓价格为:29579.84653996,开仓数量为：-0.9,盈利为：-272.38811403，强平价为：36819.12076819,账户余额为：6647.89564017
2022-05-26 04:01:45 [ERROR] - 下单异常[Executing] -2019: Margin is insufficient.
2022-05-26 04:01:45 [INFO] - 此时BTCUSDT：价格为：29559.6开仓价格为:29579.84653996,开仓数量为：-0.9,盈利为：-272.38811403，强平价为：36819.12076819,账户余额为：6647.89564017
2022-05-26 04:01:46 [ERROR] - 下单异常[Executing] -2019: Margin is insufficient.
2022-05-26 04:01:46 [INFO] - 此时BTCUSDT：价格为：29559.6开仓价格为:29579.84653996,开仓数量为：-0.9,盈利为：-272.38811403，强平价为：36819.12076819,账户余额为：6647.89564017
2022-05-26 04:01:46 [ERROR] - 下单异常[Executing] -2019: Margin is insufficient.
2022-05-26 04:01:46 [INFO] - 此时BTCUSDT：价格为：29559.6开仓价格为:29579.84653996,开仓数量为：-0.9,盈利为：-272.38811403，强平价为：36819.12076819,账户余额为：6647.89564017
2022-05-26 04:01:47 [ERROR] - 下单异常[Executing] -2019: Margin is insufficient.
2022-05-26 04:01:47 [INFO] - 此时BTCUSDT：价格为：29560.3开仓价格为:29579.84653996,开仓数量为：-0.9,盈利为：-272.38811403，强平价为：36819.12076819,账户余额为：6647.89564017
2022-05-26 04:01:48 [ERROR] - 下单异常[Executing] -2019: Margin is insufficient.
2022-05-26 04:01:48 [INFO] - 此时BTCUSDT：价格为：29560.4开仓价格为:29579.84653996,开仓数量为：-0.9,盈利为：-272.38811403，强平价为：36819.12076819,账户余额为：6647.89564017
2022-05-26 04:01:49 [ERROR] - 下单异常[Executing] -2019: Margin is insufficient.
2022-05-26 04:01:49 [INFO] - 此时BTCUSDT：价格为：29560.4开仓价格为:29579.84653996,开仓数量为：-0.9,盈利为：-272.38811403，强平价为：36819.12076819,账户余额为：6647.89564017
2022-05-26 04:01:50 [ERROR] - 下单异常[Executing] -2019: Margin is insufficient.
2022-05-26 04:01:50 [INFO] - 此时BTCUSDT：价格为：29563.6开仓价格为:29579.84653996,开仓数量为：-0.9,盈利为：-272.38811403，强平价为：36819.12076819,账户余额为：6647.89564017
2022-05-26 04:01:51 [ERROR] - 下单异常[Executing] -2019: Margin is insufficient.
2022-05-26 04:01:51 [INFO] - 此时BTCUSDT：价格为：29563.6开仓价格为:29579.84653996,开仓数量为：-0.9,盈利为：-272.38811403，强平价为：36819.12076819,账户余额为：6647.89564017
2022-05-26 04:01:52 [ERROR] - 下单异常[Executing] -2019: Margin is insufficient.
2022-05-26 04:01:52 [INFO] - 此时BTCUSDT：价格为：29561.5开仓价格为:29579.84653996,开仓数量为：-0.9,盈利为：-272.38811403，强平价为：36819.12076819,账户余额为：6647.89564017
2022-05-26 04:01:53 [ERROR] - 下单异常[Executing] -2019: Margin is insufficient.
2022-05-26 04:01:53 [INFO] - 此时BTCUSDT：价格为：29561.5开仓价格为:29579.84653996,开仓数量为：-0.9,盈利为：-272.38811403，强平价为：36819.12076819,账户余额为：6647.89564017
2022-05-26 04:01:54 [ERROR] - 下单异常[Executing] -2019: Margin is insufficient.
2022-05-26 04:01:54 [INFO] - 此时BTCUSDT：价格为：29563.6开仓价格为:29579.84653996,开仓数量为：-0.9,盈利为：-272.38811403，强平价为：36819.12076819,账户余额为：6647.89564017
2022-05-26 04:01:54 [ERROR] - 下单异常[Executing] -2019: Margin is insufficient.
2022-05-26 04:01:54 [INFO] - 此时BTCUSDT：价格为：29563.6开仓价格为:29579.84653996,开仓数量为：-0.9,盈利为：-272.38811403，强平价为：36819.12076819,账户余额为：6647.89564017
2022-05-26 04:01:55 [ERROR] - 下单异常[Executing] -2019: Margin is insufficient.
2022-05-26 04:01:55 [INFO] - 此时BTCUSDT：价格为：29563.7开仓价格为:29579.84653996,开仓数量为：-0.9,盈利为：-272.38811403，强平价为：36819.12076819,账户余额为：6647.89564017
2022-05-26 04:01:56 [ERROR] - 下单异常[Executing] -2019: Margin is insufficient.
2022-05-26 04:01:56 [INFO] - 此时BTCUSDT：价格为：29563.6开仓价格为:29579.84653996,开仓数量为：-0.9,盈利为：-272.38811403，强平价为：36819.12076819,账户余额为：6647.89564017
2022-05-26 04:01:57 [ERROR] - 下单异常[Executing] -2019: Margin is insufficient.
2022-05-26 04:01:57 [INFO] - 此时BTCUSDT：价格为：29563.6开仓价格为:29579.84653996,开仓数量为：-0.9,盈利为：-272.38811403，强平价为：36819.12076819,账户余额为：6647.89564017
2022-05-26 04:01:58 [ERROR] - 下单异常[Executing] -2019: Margin is insufficient.
2022-05-26 04:01:58 [INFO] - 此时BTCUSDT：价格为：29565.8开仓价格为:29579.84653996,开仓数量为：-0.9,盈利为：-272.38811403，强平价为：36819.12076819,账户余额为：6647.89564017
2022-05-26 04:01:59 [ERROR] - 下单异常[Executing] -2019: Margin is insufficient.
2022-05-26 04:01:59 [INFO] - 此时BTCUSDT：价格为：29565.8开仓价格为:29579.84653996,开仓数量为：-0.9,盈利为：-272.38811403，强平价为：36819.12076819,账户余额为：6647.89564017
2022-05-26 04:02:00 [ERROR] - 下单异常[Executing] -2019: Margin is insufficient.
2022-05-26 04:02:00 [INFO] - 此时BTCUSDT：价格为：29565.8开仓价格为:29579.84653996,开仓数量为：-0.9,盈利为：-272.38811403，强平价为：36819.12076819,账户余额为：6647.89564017
2022-05-26 04:02:00 [ERROR] - 下单异常[Executing] -2019: Margin is insufficient.
2022-05-26 04:02:00 [INFO] - 此时BTCUSDT：价格为：29565.8开仓价格为:29579.84653996,开仓数量为：-0.9,盈利为：-272.38811403，强平价为：36819.12076819,账户余额为：6647.89564017
2022-05-26 04:02:01 [ERROR] - 下单异常[Executing] -2019: Margin is insufficient.
2022-05-26 04:02:01 [INFO] - 此时BTCUSDT：价格为：29564.4开仓价格为:29579.84653996,开仓数量为：-0.9,盈利为：-272.38811403，强平价为：36819.12076819,账户余额为：6647.89564017
2022-05-26 04:02:02 [ERROR] - 下单异常[Executing] -2019: Margin is insufficient.
2022-05-26 04:02:02 [INFO] - 此时BTCUSDT：价格为：29564.5开仓价格为:29579.84653996,开仓数量为：-0.9,盈利为：-272.38811403，强平价为：36819.12076819,账户余额为：6647.89564017
2022-05-26 04:02:03 [ERROR] - 下单异常[Executing] -2019: Margin is insufficient.
2022-05-26 04:02:03 [INFO] - 此时BTCUSDT：价格为：29562.1开仓价格为:29579.84653996,开仓数量为：-0.9,盈利为：-272.38811403，强平价为：36819.12076819,账户余额为：6647.89564017
2022-05-26 04:02:04 [ERROR] - 下单异常[Executing] -2019: Margin is insufficient.
2022-05-26 04:02:04 [INFO] - 此时BTCUSDT：价格为：29562.1开仓价格为:29579.84653996,开仓数量为：-0.9,盈利为：-272.38811403，强平价为：36819.12076819,账户余额为：6647.89564017
2022-05-26 04:02:05 [ERROR] - 下单异常[Executing] -2019: Margin is insufficient.
2022-05-26 04:02:05 [INFO] - 此时BTCUSDT：价格为：29562.1开仓价格为:29579.84653996,开仓数量为：-0.9,盈利为：-272.38811403，强平价为：36819.12076819,账户余额为：6647.89564017
2022-05-26 04:02:06 [ERROR] - 下单异常[Executing] -2019: Margin is insufficient.
2022-05-26 04:02:06 [INFO] - 此时BTCUSDT：价格为：29562.45654456开仓价格为:29579.84653996,开仓数量为：-0.9,盈利为：-272.38811403，强平价为：36819.12076819,账户余额为：6647.89564017
2022-05-26 04:02:07 [ERROR] - 下单异常[Executing] -2019: Margin is insufficient.
2022-05-26 04:02:07 [INFO] - 此时BTCUSDT：价格为：29563.8开仓价格为:29579.84653996,开仓数量为：-0.9,盈利为：-272.38811403，强平价为：36819.12076819,账户余额为：6647.89564017
2022-05-26 04:02:08 [ERROR] - 下单异常[Executing] -2019: Margin is insufficient.
2022-05-26 04:02:08 [INFO] - 此时BTCUSDT：价格为：29563.8开仓价格为:29579.84653996,开仓数量为：-0.9,盈利为：-272.38811403，强平价为：36819.12076819,账户余额为：6647.89564017
2022-05-26 04:02:09 [ERROR] - 下单异常[Executing] -2019: Margin is insufficient.
2022-05-26 04:02:09 [INFO] - 此时BTCUSDT：价格为：29563.7开仓价格为:29579.84653996,开仓数量为：-0.9,盈利为：-272.38811403，强平价为：36819.12076819,账户余额为：6647.89564017
2022-05-26 04:02:10 [ERROR] - 下单异常[Executing] -2019: Margin is insufficient.
2022-05-26 04:02:10 [INFO] - 此时BTCUSDT：价格为：29563.7开仓价格为:29579.84653996,开仓数量为：-0.9,盈利为：-272.38811403，强平价为：36819.12076819,账户余额为：6647.89564017
2022-05-26 04:02:10 [ERROR] - 下单异常[Executing] -2019: Margin is insufficient.
2022-05-26 04:02:10 [INFO] - 此时BTCUSDT：价格为：29565.9开仓价格为:29579.84653996,开仓数量为：-0.9,盈利为：-272.38811403，强平价为：36819.12076819,账户余额为：6647.89564017
2022-05-26 04:22:25 [ERROR] - 获取余额异常[Invoking] Unexpected error: timeout
2022-05-26 04:22:28 [ERROR] - 获取仓位异常[Invoking] Unexpected error: Remote host closed connection during handshake
2022-05-26 04:22:31 [ERROR] - 获取余额异常[Invoking] Unexpected error: Remote host closed connection during handshake
2022-05-26 04:22:34 [ERROR] - 获取仓位异常[Invoking] Unexpected error: Remote host closed connection during handshake
2022-05-26 04:23:46 [ERROR] - 获取余额异常[Invoking] Unexpected error: Read timed out
2022-05-26 04:23:50 [ERROR] - 获取仓位异常[Invoking] Unexpected error: Remote host closed connection during handshake
2022-05-26 04:25:07 [ERROR] - 获取余额异常[Invoking] Unexpected error: timeout
2022-05-26 04:25:11 [ERROR] - 获取仓位异常[Invoking] Unexpected error: Remote host closed connection during handshake
2022-05-26 04:26:18 [ERROR] - 获取余额异常[Invoking] Unexpected error: Read timed out
2022-05-26 04:27:45 [ERROR] - 获取余额异常[Invoking] Unexpected error: timeout
2022-05-26 04:27:48 [ERROR] - 获取仓位异常[Invoking] Unexpected error: Remote host closed connection during handshake
2022-05-26 04:27:51 [ERROR] - 获取余额异常[Invoking] Unexpected error: Remote host closed connection during handshake
2022-05-26 04:27:54 [ERROR] - 获取仓位异常[Invoking] Unexpected error: Remote host closed connection during handshake
2022-05-26 04:30:01 [ERROR] - 获取余额异常[Invoking] Unexpected error: Remote host closed connection during handshake
2022-05-26 04:30:01 [ERROR] - 获取仓位异常[Invoking] Unexpected error: Remote host closed connection during handshake
2022-05-26 04:30:01 [ERROR] - 获取余额异常[Invoking] Unexpected error: Remote host closed connection during handshake
2022-05-26 04:30:02 [ERROR] - 获取仓位异常[Invoking] Unexpected error: Remote host closed connection during handshake
2022-05-26 04:30:02 [ERROR] - 获取余额异常[Invoking] Unexpected error: Remote host closed connection during handshake
2022-05-26 04:30:02 [ERROR] - 获取仓位异常[Invoking] Unexpected error: Remote host closed connection during handshake
2022-05-26 04:30:03 [ERROR] - 获取余额异常[Invoking] Unexpected error: Remote host closed connection during handshake
2022-05-26 04:30:03 [ERROR] - 获取仓位异常[Invoking] Unexpected error: Remote host closed connection during handshake
2022-05-26 04:30:03 [ERROR] - 获取余额异常[Invoking] Unexpected error: Remote host closed connection during handshake
2022-05-26 04:30:03 [ERROR] - 获取仓位异常[Invoking] Unexpected error: Remote host closed connection during handshake
2022-05-26 04:30:04 [ERROR] - 获取余额异常[Invoking] Unexpected error: Remote host closed connection during handshake
2022-05-26 04:30:04 [ERROR] - 获取仓位异常[Invoking] Unexpected error: Remote host closed connection during handshake
2022-05-26 04:30:04 [ERROR] - 获取余额异常[Invoking] Unexpected error: Remote host closed connection during handshake
2022-05-26 04:30:04 [ERROR] - 获取仓位异常[Invoking] Unexpected error: Remote host closed connection during handshake
2022-05-26 04:30:05 [ERROR] - 获取余额异常[Invoking] Unexpected error: Remote host closed connection during handshake
2022-05-26 04:32:29 [ERROR] - 获取余额异常[Invoking] Unexpected error: Remote host closed connection during handshake
2022-05-26 04:33:48 [ERROR] - 获取仓位异常[Invoking] Unexpected error: Read timed out
2022-05-26 04:42:17 [ERROR] - 获取余额异常[Invoking] Unexpected error: timeout
2022-05-26 04:42:20 [ERROR] - 获取仓位异常[Invoking] Unexpected error: Remote host closed connection during handshake
2022-05-26 04:42:30 [ERROR] - 获取余额异常[Invoking] Unexpected error: Read timed out
2022-05-26 04:42:35 [ERROR] - 获取仓位异常[Invoking] Unexpected error: Remote host closed connection during handshake
2022-05-26 04:42:38 [ERROR] - 获取余额异常[Invoking] Unexpected error: Remote host closed connection during handshake
2022-05-26 04:43:06 [ERROR] - 获取余额异常[Invoking] Unexpected error: timeout
2022-05-26 04:43:10 [ERROR] - 获取仓位异常[Invoking] Unexpected error: Remote host closed connection during handshake
2022-05-26 04:43:50 [ERROR] - 获取余额异常[Invoking] Unexpected error: Read timed out
2022-05-26 04:43:56 [ERROR] - 获取仓位异常[Invoking] Unexpected error: Remote host closed connection during handshake
2022-05-26 04:43:57 [ERROR] - 获取余额异常[Invoking] Unexpected error: Remote host closed connection during handshake
2022-05-26 06:08:23 [ERROR] - 获取余额异常[Invoking] Unexpected error: timeout
2022-05-26 07:44:58 [ERROR] - 下单异常[Executing] -2019: Margin is insufficient.
2022-05-26 07:44:58 [INFO] - 此时BTCUSDT：价格为：29566.70696516开仓价格为:29579.84653996,开仓数量为：-0.9,盈利为：-272.38811403，强平价为：36819.12076819,账户余额为：6647.89564017
2022-05-26 07:44:59 [ERROR] - 下单异常[Executing] -2019: Margin is insufficient.
2022-05-26 07:44:59 [INFO] - 此时BTCUSDT：价格为：29564.1开仓价格为:29579.84653996,开仓数量为：-0.9,盈利为：-272.38811403，强平价为：36819.12076819,账户余额为：6647.89564017
2022-05-26 07:45:00 [ERROR] - 下单异常[Executing] -2019: Margin is insufficient.
2022-05-26 07:45:00 [INFO] - 此时BTCUSDT：价格为：29565开仓价格为:29579.84653996,开仓数量为：-0.9,盈利为：-272.38811403，强平价为：36819.12076819,账户余额为：6647.89564017
2022-05-26 07:45:01 [ERROR] - 下单异常[Executing] -2019: Margin is insufficient.
2022-05-26 07:45:01 [INFO] - 此时BTCUSDT：价格为：29564.9开仓价格为:29579.84653996,开仓数量为：-0.9,盈利为：-272.38811403，强平价为：36819.12076819,账户余额为：6647.89564017
2022-05-26 07:45:02 [ERROR] - 下单异常[Executing] -2019: Margin is insufficient.
2022-05-26 07:45:02 [INFO] - 此时BTCUSDT：价格为：29564.9开仓价格为:29579.84653996,开仓数量为：-0.9,盈利为：-272.38811403，强平价为：36819.12076819,账户余额为：6647.89564017
2022-05-26 07:45:02 [ERROR] - 下单异常[Executing] -2019: Margin is insufficient.
2022-05-26 07:45:02 [INFO] - 此时BTCUSDT：价格为：29564.9开仓价格为:29579.84653996,开仓数量为：-0.9,盈利为：-272.38811403，强平价为：36819.12076819,账户余额为：6647.89564017
2022-05-26 07:45:03 [ERROR] - 下单异常[Executing] -2019: Margin is insufficient.
2022-05-26 07:45:03 [INFO] - 此时BTCUSDT：价格为：29564.9开仓价格为:29579.84653996,开仓数量为：-0.9,盈利为：-272.38811403，强平价为：36819.12076819,账户余额为：6647.89564017
2022-05-26 07:45:04 [ERROR] - 下单异常[Executing] -2019: Margin is insufficient.
2022-05-26 07:45:04 [INFO] - 此时BTCUSDT：价格为：29564.9开仓价格为:29579.84653996,开仓数量为：-0.9,盈利为：-272.38811403，强平价为：36819.12076819,账户余额为：6647.89564017
2022-05-26 07:45:05 [ERROR] - 下单异常[Executing] -2019: Margin is insufficient.
2022-05-26 07:45:05 [INFO] - 此时BTCUSDT：价格为：29564.6开仓价格为:29579.84653996,开仓数量为：-0.9,盈利为：-272.38811403，强平价为：36819.12076819,账户余额为：6647.89564017
2022-05-26 07:45:06 [ERROR] - 下单异常[Executing] -2019: Margin is insufficient.
2022-05-26 07:45:06 [INFO] - 此时BTCUSDT：价格为：29564.06068276开仓价格为:29579.84653996,开仓数量为：-0.9,盈利为：-272.38811403，强平价为：36819.12076819,账户余额为：6647.89564017
2022-05-26 07:45:07 [ERROR] - 下单异常[Executing] -2019: Margin is insufficient.
2022-05-26 07:45:07 [INFO] - 此时BTCUSDT：价格为：29564.5开仓价格为:29579.84653996,开仓数量为：-0.9,盈利为：-272.38811403，强平价为：36819.12076819,账户余额为：6647.89564017
2022-05-26 07:45:08 [ERROR] - 下单异常[Executing] -2019: Margin is insufficient.
2022-05-26 07:45:08 [INFO] - 此时BTCUSDT：价格为：29564.5开仓价格为:29579.84653996,开仓数量为：-0.9,盈利为：-272.38811403，强平价为：36819.12076819,账户余额为：6647.89564017
2022-05-26 07:45:09 [ERROR] - 下单异常[Executing] -2019: Margin is insufficient.
2022-05-26 07:45:09 [INFO] - 此时BTCUSDT：价格为：29564.8开仓价格为:29579.84653996,开仓数量为：-0.9,盈利为：-272.38811403，强平价为：36819.12076819,账户余额为：6647.89564017
2022-05-26 07:47:29 [ERROR] - 下单异常[Executing] -2019: Margin is insufficient.
2022-05-26 07:47:29 [INFO] - 此时BTCUSDT：价格为：29566.58873386开仓价格为:29579.84653996,开仓数量为：-0.9,盈利为：-272.38811403，强平价为：36819.12076819,账户余额为：6647.89564017
2022-05-26 07:47:30 [ERROR] - 下单异常[Executing] -2019: Margin is insufficient.
2022-05-26 07:47:30 [INFO] - 此时BTCUSDT：价格为：29566.51488771开仓价格为:29579.84653996,开仓数量为：-0.9,盈利为：-272.38811403，强平价为：36819.12076819,账户余额为：6647.89564017
2022-05-26 07:47:31 [ERROR] - 下单异常[Executing] -2019: Margin is insufficient.
2022-05-26 07:47:31 [INFO] - 此时BTCUSDT：价格为：29566.37378881开仓价格为:29579.84653996,开仓数量为：-0.9,盈利为：-272.38811403，强平价为：36819.12076819,账户余额为：6647.89564017
2022-05-26 07:47:33 [ERROR] - 下单异常[Executing] -2019: Margin is insufficient.
2022-05-26 07:47:33 [INFO] - 此时BTCUSDT：价格为：29566.43446403开仓价格为:29579.84653996,开仓数量为：-0.9,盈利为：-272.38811403，强平价为：36819.12076819,账户余额为：6647.89564017
2022-05-26 07:47:34 [ERROR] - 下单异常[Executing] -2019: Margin is insufficient.
2022-05-26 07:47:34 [INFO] - 此时BTCUSDT：价格为：29566.33673998开仓价格为:29579.84653996,开仓数量为：-0.9,盈利为：-272.38811403，强平价为：36819.12076819,账户余额为：6647.89564017
2022-05-26 07:47:35 [ERROR] - 下单异常[Executing] -2019: Margin is insufficient.
2022-05-26 07:47:35 [INFO] - 此时BTCUSDT：价格为：29566.33673998开仓价格为:29579.84653996,开仓数量为：-0.9,盈利为：-272.38811403，强平价为：36819.12076819,账户余额为：6647.89564017
2022-05-26 07:47:35 [ERROR] - 下单异常[Executing] -2019: Margin is insufficient.
2022-05-26 07:47:35 [INFO] - 此时BTCUSDT：价格为：29566.43446403开仓价格为:29579.84653996,开仓数量为：-0.9,盈利为：-272.38811403，强平价为：36819.12076819,账户余额为：6647.89564017
2022-05-26 07:47:36 [ERROR] - 下单异常[Executing] -2019: Margin is insufficient.
2022-05-26 07:47:36 [INFO] - 此时BTCUSDT：价格为：29566.43446403开仓价格为:29579.84653996,开仓数量为：-0.9,盈利为：-272.38811403，强平价为：36819.12076819,账户余额为：6647.89564017
2022-05-26 07:47:37 [ERROR] - 下单异常[Executing] -2019: Margin is insufficient.
2022-05-26 07:47:37 [INFO] - 此时BTCUSDT：价格为：29566.30478703开仓价格为:29579.84653996,开仓数量为：-0.9,盈利为：-272.38811403，强平价为：36819.12076819,账户余额为：6647.89564017
2022-05-26 07:47:38 [ERROR] - 下单异常[Executing] -2019: Margin is insufficient.
2022-05-26 07:47:38 [INFO] - 此时BTCUSDT：价格为：29566.30039142开仓价格为:29579.84653996,开仓数量为：-0.9,盈利为：-272.38811403，强平价为：36819.12076819,账户余额为：6647.89564017
2022-05-26 07:47:39 [ERROR] - 下单异常[Executing] -2019: Margin is insufficient.
2022-05-26 07:47:39 [INFO] - 此时BTCUSDT：价格为：29566.39910411开仓价格为:29579.84653996,开仓数量为：-0.9,盈利为：-272.38811403，强平价为：36819.12076819,账户余额为：6647.89564017
2022-05-26 07:47:40 [ERROR] - 下单异常[Executing] -2019: Margin is insufficient.
2022-05-26 07:47:40 [INFO] - 此时BTCUSDT：价格为：29566.39031291开仓价格为:29579.84653996,开仓数量为：-0.9,盈利为：-272.38811403，强平价为：36819.12076819,账户余额为：6647.89564017
2022-05-26 07:47:41 [ERROR] - 下单异常[Executing] -2019: Margin is insufficient.
2022-05-26 07:47:41 [INFO] - 此时BTCUSDT：价格为：29566.39031291开仓价格为:29579.84653996,开仓数量为：-0.9,盈利为：-272.38811403，强平价为：36819.12076819,账户余额为：6647.89564017
2022-05-26 07:47:42 [ERROR] - 下单异常[Executing] -2019: Margin is insufficient.
2022-05-26 07:47:42 [INFO] - 此时BTCUSDT：价格为：29566.38124495开仓价格为:29579.84653996,开仓数量为：-0.9,盈利为：-272.38811403，强平价为：36819.12076819,账户余额为：6647.89564017
2022-05-26 07:47:43 [ERROR] - 下单异常[Executing] -2019: Margin is insufficient.
2022-05-26 07:47:43 [INFO] - 此时BTCUSDT：价格为：29566.38091492开仓价格为:29579.84653996,开仓数量为：-0.9,盈利为：-272.38811403，强平价为：36819.12076819,账户余额为：6647.89564017
2022-05-26 07:47:43 [ERROR] - 下单异常[Executing] -2019: Margin is insufficient.
2022-05-26 07:47:43 [INFO] - 此时BTCUSDT：价格为：29566.37959624开仓价格为:29579.84653996,开仓数量为：-0.9,盈利为：-272.38811403，强平价为：36819.12076819,账户余额为：6647.89564017
2022-05-26 07:47:44 [ERROR] - 下单异常[Executing] -2019: Margin is insufficient.
2022-05-26 07:47:44 [INFO] - 此时BTCUSDT：价格为：29566.37959624开仓价格为:29579.84653996,开仓数量为：-0.9,盈利为：-272.38811403，强平价为：36819.12076819,账户余额为：6647.89564017
2022-05-26 07:47:45 [ERROR] - 下单异常[Executing] -2019: Margin is insufficient.
2022-05-26 07:47:45 [INFO] - 此时BTCUSDT：价格为：29566.39278305开仓价格为:29579.84653996,开仓数量为：-0.9,盈利为：-272.38811403，强平价为：36819.12076819,账户余额为：6647.89564017
2022-05-26 07:47:46 [ERROR] - 下单异常[Executing] -2019: Margin is insufficient.
2022-05-26 07:47:46 [INFO] - 此时BTCUSDT：价格为：29566.2909936开仓价格为:29579.84653996,开仓数量为：-0.9,盈利为：-272.38811403，强平价为：36819.12076819,账户余额为：6647.89564017
2022-05-26 07:47:47 [ERROR] - 下单异常[Executing] -2019: Margin is insufficient.
2022-05-26 07:47:47 [INFO] - 此时BTCUSDT：价格为：29566.26435753开仓价格为:29579.84653996,开仓数量为：-0.9,盈利为：-272.38811403，强平价为：36819.12076819,账户余额为：6647.89564017
2022-05-26 07:47:48 [ERROR] - 下单异常[Executing] -2019: Margin is insufficient.
2022-05-26 07:47:48 [INFO] - 此时BTCUSDT：价格为：29566.26435753开仓价格为:29579.84653996,开仓数量为：-0.9,盈利为：-272.38811403，强平价为：36819.12076819,账户余额为：6647.89564017
2022-05-26 07:47:48 [ERROR] - 下单异常[Executing] -2019: Margin is insufficient.
2022-05-26 07:47:48 [INFO] - 此时BTCUSDT：价格为：29566.35735577开仓价格为:29579.84653996,开仓数量为：-0.9,盈利为：-272.38811403，强平价为：36819.12076819,账户余额为：6647.89564017
2022-05-26 07:47:49 [ERROR] - 下单异常[Executing] -2019: Margin is insufficient.
2022-05-26 07:47:49 [INFO] - 此时BTCUSDT：价格为：29566.35735577开仓价格为:29579.84653996,开仓数量为：-0.9,盈利为：-272.38811403，强平价为：36819.12076819,账户余额为：6647.89564017
2022-05-26 07:47:50 [ERROR] - 下单异常[Executing] -2019: Margin is insufficient.
2022-05-26 07:47:50 [INFO] - 此时BTCUSDT：价格为：29566.34811485开仓价格为:29579.84653996,开仓数量为：-0.9,盈利为：-272.38811403，强平价为：36819.12076819,账户余额为：6647.89564017
2022-05-26 07:47:51 [ERROR] - 下单异常[Executing] -2019: Margin is insufficient.
2022-05-26 07:47:51 [INFO] - 此时BTCUSDT：价格为：29566.24193072开仓价格为:29579.84653996,开仓数量为：-0.9,盈利为：-272.38811403，强平价为：36819.12076819,账户余额为：6647.89564017
2022-05-26 07:47:52 [ERROR] - 下单异常[Executing] -2019: Margin is insufficient.
2022-05-26 07:47:52 [INFO] - 此时BTCUSDT：价格为：29566.30419997开仓价格为:29579.84653996,开仓数量为：-0.9,盈利为：-272.38811403，强平价为：36819.12076819,账户余额为：6647.89564017
2022-05-26 07:47:53 [ERROR] - 下单异常[Executing] -2019: Margin is insufficient.
2022-05-26 07:47:53 [INFO] - 此时BTCUSDT：价格为：29566.30419997开仓价格为:29579.84653996,开仓数量为：-0.9,盈利为：-272.38811403，强平价为：36819.12076819,账户余额为：6647.89564017
2022-05-26 07:47:54 [ERROR] - 下单异常[Executing] -2019: Margin is insufficient.
2022-05-26 07:47:54 [INFO] - 此时BTCUSDT：价格为：29566.31948558开仓价格为:29579.84653996,开仓数量为：-0.9,盈利为：-272.38811403，强平价为：36819.12076819,账户余额为：6647.89564017
2022-05-26 07:47:55 [ERROR] - 下单异常[Executing] -2019: Margin is insufficient.
2022-05-26 07:47:55 [INFO] - 此时BTCUSDT：价格为：29566.31948558开仓价格为:29579.84653996,开仓数量为：-0.9,盈利为：-272.38811403，强平价为：36819.12076819,账户余额为：6647.89564017
2022-05-26 07:47:55 [ERROR] - 下单异常[Executing] -2019: Margin is insufficient.
2022-05-26 07:47:55 [INFO] - 此时BTCUSDT：价格为：29566.31948558开仓价格为:29579.84653996,开仓数量为：-0.9,盈利为：-272.38811403，强平价为：36819.12076819,账户余额为：6647.89564017
2022-05-26 07:48:09 [ERROR] - 下单异常[Executing] -2019: Margin is insufficient.
2022-05-26 07:48:09 [INFO] - 此时BTCUSDT：价格为：29566.59600545开仓价格为:29579.84653996,开仓数量为：-0.9,盈利为：-272.38811403，强平价为：36819.12076819,账户余额为：6647.89564017
2022-05-26 07:48:10 [ERROR] - 下单异常[Executing] -2019: Margin is insufficient.
2022-05-26 07:48:10 [INFO] - 此时BTCUSDT：价格为：29566.36937774开仓价格为:29579.84653996,开仓数量为：-0.9,盈利为：-272.38811403，强平价为：36819.12076819,账户余额为：6647.89564017
2022-05-26 07:48:11 [ERROR] - 下单异常[Executing] -2019: Margin is insufficient.
2022-05-26 07:48:11 [INFO] - 此时BTCUSDT：价格为：29566.36937774开仓价格为:29579.84653996,开仓数量为：-0.9,盈利为：-272.38811403，强平价为：36819.12076819,账户余额为：6647.89564017
2022-05-26 07:48:12 [ERROR] - 下单异常[Executing] -2019: Margin is insufficient.
2022-05-26 07:48:12 [INFO] - 此时BTCUSDT：价格为：29566.36937774开仓价格为:29579.84653996,开仓数量为：-0.9,盈利为：-272.38811403，强平价为：36819.12076819,账户余额为：6647.89564017
2022-05-26 07:48:24 [ERROR] - 下单异常[Executing] -2019: Margin is insufficient.
2022-05-26 07:48:24 [INFO] - 此时BTCUSDT：价格为：29566.46762877开仓价格为:29579.84653996,开仓数量为：-0.9,盈利为：-272.38811403，强平价为：36819.12076819,账户余额为：6647.89564017
2022-05-26 07:50:04 [ERROR] - 下单异常[Executing] -2019: Margin is insufficient.
2022-05-26 07:50:04 [INFO] - 此时BTCUSDT：价格为：29565.79895439开仓价格为:29579.84653996,开仓数量为：-0.9,盈利为：-272.38811403，强平价为：36819.12076819,账户余额为：6647.89564017
2022-05-26 07:50:05 [ERROR] - 下单异常[Executing] -2019: Margin is insufficient.
2022-05-26 07:50:05 [INFO] - 此时BTCUSDT：价格为：29565.61942318开仓价格为:29579.84653996,开仓数量为：-0.9,盈利为：-272.38811403，强平价为：36819.12076819,账户余额为：6647.89564017
2022-05-26 07:50:06 [ERROR] - 下单异常[Executing] -2019: Margin is insufficient.
2022-05-26 07:50:06 [INFO] - 此时BTCUSDT：价格为：29565.37094066开仓价格为:29579.84653996,开仓数量为：-0.9,盈利为：-272.38811403，强平价为：36819.12076819,账户余额为：6647.89564017
2022-05-26 07:50:08 [ERROR] - 下单异常[Executing] -2019: Margin is insufficient.
2022-05-26 07:50:08 [INFO] - 此时BTCUSDT：价格为：29566.7开仓价格为:29579.84653996,开仓数量为：-0.9,盈利为：-272.38811403，强平价为：36819.12076819,账户余额为：6647.89564017
2022-05-26 07:50:09 [ERROR] - 下单异常[Executing] -2019: Margin is insufficient.
2022-05-26 07:50:09 [INFO] - 此时BTCUSDT：价格为：29566.46593451开仓价格为:29579.84653996,开仓数量为：-0.9,盈利为：-272.38811403，强平价为：36819.12076819,账户余额为：6647.89564017
2022-05-26 07:50:10 [ERROR] - 下单异常[Executing] -2019: Margin is insufficient.
2022-05-26 07:50:10 [INFO] - 此时BTCUSDT：价格为：29566.46593451开仓价格为:29579.84653996,开仓数量为：-0.9,盈利为：-272.38811403，强平价为：36819.12076819,账户余额为：6647.89564017
2022-05-26 07:50:11 [ERROR] - 下单异常[Executing] -2019: Margin is insufficient.
2022-05-26 07:50:11 [INFO] - 此时BTCUSDT：价格为：29566.16603927开仓价格为:29579.84653996,开仓数量为：-0.9,盈利为：-272.38811403，强平价为：36819.12076819,账户余额为：6647.89564017
2022-05-26 07:50:12 [ERROR] - 下单异常[Executing] -2019: Margin is insufficient.
2022-05-26 07:50:12 [INFO] - 此时BTCUSDT：价格为：29566.16603927开仓价格为:29579.84653996,开仓数量为：-0.9,盈利为：-272.38811403，强平价为：36819.12076819,账户余额为：6647.89564017
2022-05-26 07:50:13 [ERROR] - 下单异常[Executing] -2019: Margin is insufficient.
2022-05-26 07:50:13 [INFO] - 此时BTCUSDT：价格为：29566.25903521开仓价格为:29579.84653996,开仓数量为：-0.9,盈利为：-272.38811403，强平价为：36819.12076819,账户余额为：6647.89564017
2022-05-26 07:50:13 [ERROR] - 下单异常[Executing] -2019: Margin is insufficient.
2022-05-26 07:50:13 [INFO] - 此时BTCUSDT：价格为：29566.25771653开仓价格为:29579.84653996,开仓数量为：-0.9,盈利为：-272.38811403，强平价为：36819.12076819,账户余额为：6647.89564017
2022-05-26 07:50:15 [ERROR] - 下单异常[Executing] -2019: Margin is insufficient.
2022-05-26 07:50:15 [INFO] - 此时BTCUSDT：价格为：29566.25771653开仓价格为:29579.84653996,开仓数量为：-0.9,盈利为：-272.38811403，强平价为：36819.12076819,账户余额为：6647.89564017
2022-05-26 07:50:16 [ERROR] - 下单异常[Executing] -2019: Margin is insufficient.
2022-05-26 07:50:16 [INFO] - 此时BTCUSDT：价格为：29566.27720681开仓价格为:29579.84653996,开仓数量为：-0.9,盈利为：-272.38811403，强平价为：36819.12076819,账户余额为：6647.89564017
2022-05-26 07:50:16 [ERROR] - 下单异常[Executing] -2019: Margin is insufficient.
2022-05-26 07:50:16 [INFO] - 此时BTCUSDT：价格为：29566.27687678开仓价格为:29579.84653996,开仓数量为：-0.9,盈利为：-272.38811403，强平价为：36819.12076819,账户余额为：6647.89564017
2022-05-26 07:50:35 [ERROR] - 下单异常[Executing] -2019: Margin is insufficient.
2022-05-26 07:50:35 [INFO] - 此时BTCUSDT：价格为：29576.2开仓价格为:29579.84653996,开仓数量为：-0.9,盈利为：-272.38811403，强平价为：36920.93573056,账户余额为：6739.89564017
2022-05-26 07:51:01 [INFO] - 此时BTCUSDT：价格为：29565.8开仓价格为:29579.7827697,开仓数量为：-0.912,盈利为：4.36188596，强平价为：36822.72830404,账户余额为：6739.89564017
2022-05-26 07:52:43 [INFO] - 此时BTCUSDT：价格为：29557.56814302开仓价格为:29579.76734498,开仓数量为：-0.913,盈利为：12.75218596，强平价为：36814.65073565,账户余额为：6739.89564017
2022-05-26 07:52:54 [INFO] - 此时BTCUSDT：价格为：29545.80673057开仓价格为:29579.73980959,开仓数量为：-0.914,盈利为：20.26490324，强平价为：36806.57874643,账户余额为：6739.89564017
2022-05-26 07:57:16 [INFO] - 此时BTCUSDT：价格为：29536.08881296开仓价格为:29579.70260761,开仓数量为：-0.915,盈利为：31.02088596，强平价为：36798.51471288,账户余额为：6739.89564017
2022-05-26 08:00:26 [INFO] - 此时BTCUSDT：价格为：29527.8开仓价格为:29579.65107638,开仓数量为：-0.916,盈利为：39.99717814，强平价为：36792.66507464,账户余额为：6741.92914724
2022-05-26 08:00:52 [INFO] - 此时BTCUSDT：价格为：29513.61554249开仓价格为:29579.58809811,开仓数量为：-0.917,盈利为：49.85653389，强平价为：36784.60795119,账户余额为：6741.92914724
2022-05-26 08:33:49 [ERROR] - 获取余额异常[Invoking] Unexpected error: Read timed out
2022-05-26 08:33:52 [ERROR] - 获取仓位异常[Invoking] Unexpected error: Remote host closed connection during handshake
2022-05-26 08:34:09 [ERROR] - 获取余额异常[Invoking] Unexpected error: Read timed out
2022-05-26 08:35:08 [ERROR] - 获取余额异常[Invoking] Unexpected error: timeout
2022-05-26 08:35:11 [ERROR] - 获取仓位异常[Invoking] Unexpected error: Remote host closed connection during handshake
2022-05-26 08:35:14 [ERROR] - 获取余额异常[Invoking] Unexpected error: Remote host closed connection during handshake
2022-05-26 08:36:18 [ERROR] - 获取仓位异常[Invoking] Unexpected error: timeout
2022-05-26 08:36:23 [ERROR] - 获取余额异常[Invoking] Unexpected error: Remote host closed connection during handshake
2022-05-26 08:37:25 [ERROR] - 获取余额异常[Invoking] Unexpected error: Read timed out
2022-05-26 08:38:29 [ERROR] - 获取仓位异常[Invoking] Unexpected error: Read timed out
2022-05-26 08:38:34 [ERROR] - 获取余额异常[Invoking] Unexpected error: Remote host closed connection during handshake
2022-05-26 08:38:37 [ERROR] - 获取仓位异常[Invoking] Unexpected error: Remote host closed connection during handshake
2022-05-26 08:38:40 [ERROR] - 获取余额异常[Invoking] Unexpected error: Remote host closed connection during handshake
2022-05-26 08:45:34 [ERROR] - 获取余额异常[Invoking] Unexpected error: timeout
2022-05-26 08:45:38 [ERROR] - 获取仓位异常[Invoking] Unexpected error: Remote host closed connection during handshake
2022-05-26 08:45:41 [ERROR] - 获取余额异常[Invoking] Unexpected error: Remote host closed connection during handshake
2022-05-26 08:49:49 [ERROR] - 获取余额异常[Invoking] Unexpected error: timeout
2022-05-26 09:55:54 [ERROR] - 获取仓位异常[Invoking] Unexpected error: Connection reset
2022-05-26 09:55:59 [ERROR] - 获取余额异常[Invoking] Unexpected error: Connection reset
2022-05-26 09:56:04 [ERROR] - 获取仓位异常[Invoking] Unexpected error: Connection reset
2022-05-26 09:56:09 [ERROR] - 获取余额异常[Invoking] Unexpected error: Connection reset
2022-05-26 09:56:14 [ERROR] - 获取仓位异常[Invoking] Unexpected error: Connection reset
2022-05-26 09:56:19 [ERROR] - 获取余额异常[Invoking] Unexpected error: Connection reset
2022-05-26 09:56:24 [ERROR] - 获取仓位异常[Invoking] Unexpected error: Connection reset
2022-05-26 09:56:29 [ERROR] - 获取余额异常[Invoking] Unexpected error: Connection reset
2022-05-26 09:56:34 [ERROR] - 获取仓位异常[Invoking] Unexpected error: Connection reset
2022-05-26 09:56:39 [ERROR] - 获取余额异常[Invoking] Unexpected error: Connection reset
2022-05-26 09:56:44 [ERROR] - 获取仓位异常[Invoking] Unexpected error: Connection reset
2022-05-26 09:56:49 [ERROR] - 获取余额异常[Invoking] Unexpected error: Connection reset
2022-05-26 09:56:54 [ERROR] - 获取仓位异常[Invoking] Unexpected error: Connection reset
2022-05-26 09:56:59 [ERROR] - 获取余额异常[Invoking] Unexpected error: Connection reset
2022-05-26 09:57:05 [ERROR] - 获取仓位异常[Invoking] Unexpected error: Connection reset
2022-05-26 09:57:10 [ERROR] - 获取余额异常[Invoking] Unexpected error: Connection reset
2022-05-26 09:57:15 [ERROR] - 获取仓位异常[Invoking] Unexpected error: Connection reset
2022-05-26 09:57:20 [ERROR] - 获取余额异常[Invoking] Unexpected error: Connection reset
2022-05-26 09:57:25 [ERROR] - 获取仓位异常[Invoking] Unexpected error: Connection reset
2022-05-26 09:57:30 [ERROR] - 获取余额异常[Invoking] Unexpected error: Connection reset
2022-05-26 09:57:35 [ERROR] - 获取仓位异常[Invoking] Unexpected error: Connection reset
2022-05-26 09:57:40 [ERROR] - 获取余额异常[Invoking] Unexpected error: Connection reset
2022-05-26 09:57:45 [ERROR] - 获取仓位异常[Invoking] Unexpected error: Connection reset
2022-05-26 09:57:50 [ERROR] - 获取余额异常[Invoking] Unexpected error: Connection reset
2022-05-26 09:57:55 [ERROR] - 获取仓位异常[Invoking] Unexpected error: Connection reset
2022-05-26 09:58:00 [ERROR] - 获取余额异常[Invoking] Unexpected error: Connection reset
2022-05-26 09:58:05 [ERROR] - 获取仓位异常[Invoking] Unexpected error: Connection reset
2022-05-26 16:21:17 [INFO] - 此时BTCUSDT：价格为：29485.71081175开仓价格为:29579.49475596,开仓数量为：-0.918,盈利为：69.89663728，强平价为：36887.99625015,账户余额为：6844.6570939
2022-05-26 16:21:22 [INFO] - 此时BTCUSDT：价格为：29444开仓价格为:29579.36124698,开仓数量为：-0.919,盈利为：108.68407417，强平价为：36879.78237201,账户余额为：6844.6570939
2022-05-26 16:21:28 [INFO] - 此时BTCUSDT：价格为：29412.4开仓价格为:29579.19498476,开仓数量为：-0.92,盈利为：139.09938597，强平价为：36871.55343829,账户余额为：6844.6570939
2022-05-26 16:21:31 [INFO] - 此时BTCUSDT：价格为：29370.27507188开仓价格为:29578.98087511,开仓数量为：-0.921,盈利为：177.48107983，强平价为：36863.29435772,账户余额为：6844.6570939
2022-05-26 16:21:36 [INFO] - 此时BTCUSDT：价格为：29354开仓价格为:29578.71777221,开仓数量为：-0.922,盈利为：199.23743033，强平价为：36855.00393208,账户余额为：6844.6570939
2022-05-26 16:23:05 [INFO] - 此时BTCUSDT：价格为：29335.5开仓价格为:29578.47528275,开仓数量为：-0.923,盈利为：214.29778597，强平价为：36846.751434,账户余额为：6844.6570939
2022-05-26 16:25:32 [INFO] - 此时BTCUSDT：价格为：29328.75018829开仓价格为:29578.20950863,开仓数量为：-0.924,盈利为：222.23078597，强平价为：36838.49308381,账户余额为：6844.6570939
2022-05-26 16:25:36 [INFO] - 此时BTCUSDT：价格为：29275.1开仓价格为:29577.910147,开仓数量为：-0.925,盈利为：244.02802422，强平价为：36830.21856345,账户余额为：6844.6570939
2022-05-26 16:25:44 [INFO] - 此时BTCUSDT：价格为：29270.40776364开仓价格为:29576.82282971,开仓数量为：-0.928,盈利为：276.93859004，强平价为：36805.30966637,账户余额为：6844.6570939
2022-05-26 16:25:48 [INFO] - 此时BTCUSDT：价格为：29257.06073699开仓价格为:29576.47167489,开仓数量为：-0.929,盈利为：284.33337355，强平价为：36797.05213578,账户余额为：6844.6570939
2022-05-26 16:25:51 [INFO] - 此时BTCUSDT：价格为：29245.39356958开仓价格为:29576.09772685,开仓数量为：-0.93,盈利为：296.12215533，强平价为：36788.78890874,账户余额为：6844.6570939
2022-05-26 16:28:32 [INFO] - 此时BTCUSDT：价格为：29303.44130686开仓价格为:29570.83134738,开仓数量为：-0.947,盈利为：245.0535036，强平价为：36651.95015068,账户余额为：6844.6570939
2022-05-26 16:28:34 [INFO] - 此时BTCUSDT：价格为：29293.03092198开仓价格为:29570.52255904,开仓数量为：-0.948,盈利为：255.69826269，强平价为：36644.04878363,账户余额为：6844.6570939
2022-05-26 16:28:57 [INFO] - 此时BTCUSDT：价格为：29287.04282092开仓价格为:29567.2268884,开仓数量为：-0.959,盈利为：260.43608832，强平价为：36558.27958227,账户余额为：6844.6570939
2022-05-26 16:29:06 [INFO] - 此时BTCUSDT：价格为：29273.67716525开仓价格为:29566.91727706,开仓数量为：-0.96,盈利为：271.33770255，强平价为：36550.56615193,账户余额为：6844.6570939
2022-05-26 16:29:15 [INFO] - 此时BTCUSDT：价格为：29261.79645292开仓价格为:29566.58957958,开仓数量为：-0.961,盈利为：285.25647564，强平价为：36439.20642081,账户余额为：6744.6570939
2022-05-26 16:29:18 [INFO] - 此时BTCUSDT：价格为：29253.12315083开仓价格为:29566.24582742,开仓数量为：-0.962,盈利为：293.11084835，强平价为：36431.59749762,账户余额为：6744.6570939
2022-05-26 16:29:32 [INFO] - 此时BTCUSDT：价格为：29238.84190201开仓价格为:29565.9031007,开仓数量为：-0.963,盈利为：301.68593203，强平价为：36424.00468725,账户余额为：6744.6570939
2022-05-26 16:29:38 [INFO] - 此时BTCUSDT：价格为：29221.01982731开仓价格为:29565.53795226,开仓数量为：-0.964,盈利为：322.43959278，强平价为：36416.40458899,账户余额为：6744.6570939
2022-05-26 16:29:46 [INFO] - 此时BTCUSDT：价格为：29213.44434976开仓价格为:29565.16920827,开仓数量为：-0.965,盈利为：330.1376001，强平价为：36408.81590723,账户余额为：6744.6570939
2022-05-26 16:29:49 [INFO] - 此时BTCUSDT：价格为：29203.33238153开仓价格为:29564.79170391,开仓数量为：-0.966,盈利为：339.07226311，强平价为：36401.23345116,账户余额为：6744.6570939
2022-05-26 16:30:02 [INFO] - 此时BTCUSDT：价格为：29185.65871913开仓价格为:29564.40588002,开仓数量为：-0.967,盈利为：352.67779184，强平价为：36393.65761348,账户余额为：6744.6570939
2022-05-26 16:30:04 [INFO] - 此时BTCUSDT：价格为：29176.02245647开仓价格为:29563.9961632,开仓数量为：-0.968,盈利为：366.23064585，强平价为：36386.07283663,账户余额为：6744.6570939
2022-05-26 16:31:02 [INFO] - 此时BTCUSDT：价格为：29180.14786563开仓价格为:29563.2178206,开仓数量为：-0.97,盈利为：363.76728598，强平价为：36370.98860217,账户余额为：6744.6570939
2022-05-26 16:31:06 [INFO] - 此时BTCUSDT：价格为：29171.96766123开仓价格为:29562.81450668,开仓数量为：-0.971,盈利为：371.65010845，强平价为：36363.45450319,账户余额为：6744.6570939
2022-05-26 16:31:10 [INFO] - 此时BTCUSDT：价格为：29160.69463345开仓价格为:29562.3898004,开仓数量为：-0.972,盈利为：381.99101658，强平价为：36355.91377278,账户余额为：6744.6570939
2022-05-26 16:34:10 [INFO] - 此时BTCUSDT：价格为：29148.22810195开仓价格为:29561.96329495,开仓数量为：-0.973,盈利为：394.84541283，强平价为：36348.38588082,账户余额为：6744.6570939
2022-05-26 16:34:16 [INFO] - 此时BTCUSDT：价格为：29140.50535497开仓价格为:29561.52236754,开仓数量为：-0.974,盈利为：402.54861468，强平价为：36340.85820975,账户余额为：6744.6570939
2022-05-26 16:45:17 [INFO] - 此时BTCUSDT：价格为：29127.95322935开仓价格为:29560.65039547,开仓数量为：-0.976,盈利为：410.96467199，强平价为：36325.85628784,账户余额为：6744.6570939
2022-05-26 16:45:20 [INFO] - 此时BTCUSDT：价格为：29113.91830504开仓价格为:29560.17050765,开仓数量为：-0.977,盈利为：425.4322686，强平价为：36318.33329922,账户余额为：6744.6570939
2022-05-26 16:45:22 [INFO] - 此时BTCUSDT：价格为：29073.77332147开仓价格为:29559.62605928,开仓数量为：-0.978,盈利为：455.86964003，强平价为：36310.76041425,账户余额为：6744.6570939
2022-05-26 16:45:24 [INFO] - 此时BTCUSDT：价格为：29050.0589422开仓价格为:29559.07067005,开仓数量为：-0.979,盈利为：490.37434742，强平价为：36303.19099483,账户余额为：6744.6570939
2022-05-26 16:45:52 [INFO] - 此时BTCUSDT：价格为：29042.75268379开仓价格为:29558.54039386,开仓数量为：-0.98,盈利为：491.73592847，强平价为：36295.66090727,账户余额为：6744.6570939
2022-05-26 16:45:53 [INFO] - 此时BTCUSDT：价格为：29003.48425494开仓价格为:29557.9556432,开仓数量为：-0.981,盈利为：520.45097212，强平价为：36288.09083734,账户余额为：6744.6570939
2022-05-26 16:45:55 [INFO] - 此时BTCUSDT：价格为：28983.80399386开仓价格为:29557.34061709,开仓数量为：-0.982,盈利为：543.88694763，强平价为：36280.49309715,账户余额为：6744.6455123
2022-05-26 16:46:06 [INFO] - 此时BTCUSDT：价格为：28954.71204737开仓价格为:29556.72216275,开仓数量为：-0.983,盈利为：573.54606804，强平价为：36272.90615617,账户余额为：6744.63393254
2022-05-26 16:46:59 [INFO] - 此时BTCUSDT：价格为：28915.86769033开仓价格为:29556.07010771,开仓数量为：-0.984,盈利为：607.14227333，强平价为：36265.29993085,账户余额为：6744.6223665
2022-05-26 16:47:06 [INFO] - 此时BTCUSDT：价格为：28895.50815527开仓价格为:29555.39186395,开仓数量为：-0.985,盈利为：633.67084728，强平价为：36257.68175753,账户余额为：6744.6108113
2022-05-26 16:48:46 [INFO] - 此时BTCUSDT：价格为：29029.30957165开仓价格为:29549.10821887,开仓数量为：-0.996,盈利为：503.68538599，强平价为：36175.98546394,账户余额为：6744.49486218
2022-05-26 16:48:51 [INFO] - 此时BTCUSDT：价格为：29013.79434923开仓价格为:29548.57892276,开仓数量为：-0.997,盈利为：520.18921474，强平价为：36168.68178201,账户余额为：6744.48325362
2022-05-26 16:51:27 [INFO] - 此时BTCUSDT：价格为：29005开仓价格为:29545.27535992,开仓数量为：-1.003,盈利为：525.20146953，强平价为：36125.04503126,账户余额为：6744.44266102
2022-05-26 16:51:33 [INFO] - 此时BTCUSDT：价格为：28991.91302981开仓价格为:29544.73225697,开仓数量为：-1.004,盈利为：543.79878599，强平价为：36117.82178757,账户余额为：6744.43106102
2022-05-26 16:52:22 [INFO] - 此时BTCUSDT：价格为：28987.3开仓价格为:29544.1854587,开仓数量为：-1.005,盈利为：552.13238599，强平价为：36110.6081633,账户余额为：6744.41946294
2022-05-26 16:52:24 [INFO] - 此时BTCUSDT：价格为：28978.2开仓价格为:29543.62712325,开仓数量为：-1.006,盈利为：558.96088598，强平价为：36103.3963113,账户余额为：6744.40786994
2022-05-26 16:52:43 [INFO] - 此时BTCUSDT：价格为：28969.5开仓价格为:29543.06830783,开仓数量为：-1.007,盈利为：565.19718598，强平价为：36096.19720083,账户余额为：6744.39627758
2022-05-26 16:52:46 [INFO] - 此时BTCUSDT：价格为：28946.9开仓价格为:29542.49264483,开仓数量为：-1.008,盈利为：577.57658598，强平价为：36088.99449666,账户余额为：6744.38469246
2022-05-26 16:55:39 [INFO] - 此时BTCUSDT：价格为：28938.15891537开仓价格为:29541.9060317,开仓数量为：-1.009,盈利为：600.36108598，强平价为：36081.79403121,账户余额为：6744.37311222
2022-05-26 16:55:43 [INFO] - 此时BTCUSDT：价格为：28928.67244792开仓价格为:29541.29295642,开仓数量为：-1.01,盈利为：609.16538146，强平价为：36074.58032141,账户余额为：6744.36154314
2022-05-26 17:02:27 [INFO] - 此时BTCUSDT：价格为：28919.49158656开仓价格为:29540.6757527,开仓数量为：-1.011,盈利为：618.1094722，强平价为：36067.37556421,账户余额为：6744.34997622
2022-05-26 17:02:29 [INFO] - 此时BTCUSDT：价格为：28909.63314471开仓价格为:29540.05255532,开仓数量为：-1.012,盈利为：628.00770038，强平价为：36060.17786384,账户余额为：6744.33841222
2022-05-26 17:03:34 [INFO] - 此时BTCUSDT：价格为：28888.1336331开仓价格为:29539.42644223,开仓数量为：-1.013,盈利为：637.98061038，强平价为：36052.9902462,账户余额为：6744.3268499
2022-05-26 17:03:36 [INFO] - 此时BTCUSDT：价格为：28879.65368233开仓价格为:29538.76823075,开仓数量为：-1.014,盈利为：659.74348201，强平价为：36045.78361807,账户余额为：6744.3153011
